SF:/Users/mrrobot/Documents/personal/opinions/crates/domain/src/amm.rs
FN:109,_RNvMs_NtCs5yYU9hOi4Qc_6domain3ammNtB4_4Pool3new
FN:88,_RNvNtCs5yYU9hOi4Qc_6domain3amm10isqrt_u128
FN:211,_RNvNtCs5yYU9hOi4Qc_6domain3amm10quote_sell
FN:123,_RNvNtCs5yYU9hOi4Qc_6domain3amm11price_micro
FN:82,_RNvNtCs5yYU9hOi4Qc_6domain3amm16max_reserve_u128
FN:78,_RNvNtCs5yYU9hOi4Qc_6domain3amm7to_u128
FN:144,_RNvNtCs5yYU9hOi4Qc_6domain3amm9quote_buy
FN:68,_RNvXNtCs5yYU9hOi4Qc_6domain3ammNtB2_8AmmErrorINtNtCsgtPOCBgevO_4core7convert4FromNtNtB4_5money10MoneyErrorE4from
FN:297,_RNvNtNtCs5yYU9hOi4Qc_6domain3amm5tests4pool
FN:498,_RNvNtNtCs5yYU9hOi4Qc_6domain3amm5testss_16isqrt_unit_cases
FN:316,_RNvNtNtCs5yYU9hOi4Qc_6domain3amm5testss_22sell_cannot_drain_pool
FN:380,_RNvNtNtCs5yYU9hOi4Qc_6domain3amm5testss_24pool_construction_bounds
FN:340,_RNvNtNtCs5yYU9hOi4Qc_6domain3amm5testss_25sell_exact_symmetric_case
FN:357,_RNvNtNtCs5yYU9hOi4Qc_6domain3amm5testss_25sell_no_side_is_symmetric
FN:444,_RNvNtNtCs5yYU9hOi4Qc_6domain3amm5testss_26too_small_amounts_rejected
FN:485,_RNvNtNtCs5yYU9hOi4Qc_6domain3amm5testss_28money_error_mapping_is_total
FN:406,_RNvNtNtCs5yYU9hOi4Qc_6domain3amm5testss_38quote_input_and_result_caps_are_closed
FN:302,_RNvNtNtCs5yYU9hOi4Qc_6domain3amm5testss_40buy_at_even_pool_returns_close_to_double
FNDA:1298,_RNvMs_NtCs5yYU9hOi4Qc_6domain3ammNtB4_4Pool3new
FNDA:780,_RNvNtCs5yYU9hOi4Qc_6domain3amm10isqrt_u128
FNDA:265,_RNvNtCs5yYU9hOi4Qc_6domain3amm10quote_sell
FNDA:512,_RNvNtCs5yYU9hOi4Qc_6domain3amm11price_micro
FNDA:1287,_RNvNtCs5yYU9hOi4Qc_6domain3amm16max_reserve_u128
FNDA:7203,_RNvNtCs5yYU9hOi4Qc_6domain3amm7to_u128
FNDA:1029,_RNvNtCs5yYU9hOi4Qc_6domain3amm9quote_buy
FNDA:4,_RNvXNtCs5yYU9hOi4Qc_6domain3ammNtB2_8AmmErrorINtNtCsgtPOCBgevO_4core7convert4FromNtNtB4_5money10MoneyErrorE4from
FNDA:1036,_RNvNtNtCs5yYU9hOi4Qc_6domain3amm5tests4pool
FNDA:1,_RNvNtNtCs5yYU9hOi4Qc_6domain3amm5testss_16isqrt_unit_cases
FNDA:1,_RNvNtNtCs5yYU9hOi4Qc_6domain3amm5testss_22sell_cannot_drain_pool
FNDA:1,_RNvNtNtCs5yYU9hOi4Qc_6domain3amm5testss_24pool_construction_bounds
FNDA:1,_RNvNtNtCs5yYU9hOi4Qc_6domain3amm5testss_25sell_exact_symmetric_case
FNDA:1,_RNvNtNtCs5yYU9hOi4Qc_6domain3amm5testss_25sell_no_side_is_symmetric
FNDA:1,_RNvNtNtCs5yYU9hOi4Qc_6domain3amm5testss_26too_small_amounts_rejected
FNDA:1,_RNvNtNtCs5yYU9hOi4Qc_6domain3amm5testss_28money_error_mapping_is_total
FNDA:1,_RNvNtNtCs5yYU9hOi4Qc_6domain3amm5testss_38quote_input_and_result_caps_are_closed
FNDA:1,_RNvNtNtCs5yYU9hOi4Qc_6domain3amm5testss_40buy_at_even_pool_returns_close_to_double
FNF:18
FNH:18
DA:68,4
DA:69,4
DA:70,2
DA:71,1
DA:72,1
DA:74,4
DA:78,7203
DA:79,7203
DA:80,7203
DA:82,1287
DA:83,1287
DA:84,1287
DA:88,780
DA:89,780
DA:90,2
DA:91,778
DA:92,778
DA:93,778
DA:95,4713
DA:96,4713
DA:97,778
DA:98,3935
DA:99,3935
DA:101,780
DA:109,1298
DA:110,1298
DA:111,2
DA:112,1296
DA:113,1296
DA:114,2
DA:115,1294
DA:116,1294
DA:117,1298
DA:123,512
DA:124,512
DA:125,512
DA:126,256
DA:127,256
DA:129,512
DA:130,512
DA:131,512
DA:144,1029
DA:145,1029
DA:146,1029
DA:147,1029
DA:148,1029
DA:149,1029
DA:150,1029
DA:151,1
DA:152,1028
DA:153,1028
DA:154,1027
DA:155,771
DA:156,256
DA:158,1027
DA:159,1027
DA:160,1027
DA:162,1027
DA:163,1027
DA:164,1
DA:165,1026
DA:166,1026
DA:167,1026
DA:168,1026
DA:169,1026
DA:170,1026
DA:171,1026
DA:172,1026
DA:173,1026
DA:174,1
DA:175,1025
DA:176,1025
DA:177,1025
DA:178,1025
DA:179,1025
DA:181,1025
DA:182,769
DA:183,256
DA:186,1025
DA:187,1025
DA:189,1025
DA:190,1025
DA:191,1025
DA:193,1025
DA:195,1029
DA:211,265
DA:212,265
DA:213,265
DA:214,265
DA:215,265
DA:216,265
DA:217,265
DA:218,1
DA:219,264
DA:220,264
DA:221,2
DA:222,262
DA:223,262
DA:224,261
DA:225,1
DA:227,262
DA:228,262
DA:229,262
DA:231,262
DA:232,262
DA:233,262
DA:234,262
DA:235,262
DA:236,262
DA:237,262
DA:238,262
DA:239,262
DA:240,262
DA:241,262
DA:242,262
DA:243,262
DA:244,262
DA:245,262
DA:246,262
DA:247,262
DA:248,262
DA:251,262
DA:252,262
DA:253,1
DA:254,261
DA:256,483
DA:257,1
DA:258,482
DA:259,482
DA:260,482
DA:261,482
DA:262,482
DA:263,260
DA:264,222
DA:265,222
DA:267,260
DA:268,260
DA:269,1
DA:270,259
DA:271,259
DA:273,259
DA:274,259
DA:275,259
DA:276,258
DA:277,1
DA:280,259
DA:281,259
DA:283,259
DA:284,259
DA:285,259
DA:288,265
DA:297,1036
DA:298,1036
DA:299,1036
DA:302,1
DA:304,1
DA:305,1
DA:306,1
DA:307,1
DA:308,1
DA:310,1
DA:311,1
DA:312,1
DA:313,1
DA:316,1
DA:319,1
DA:320,1
DA:321,1
DA:322,1
DA:323,1
DA:325,1
DA:326,1
DA:330,1
DA:331,1
DA:332,1
DA:333,1
DA:334,1
DA:336,1
DA:337,1
DA:340,1
DA:343,1
DA:344,1
DA:345,1
DA:346,1
DA:347,1
DA:349,1
DA:350,1
DA:351,1
DA:352,1
DA:353,1
DA:354,1
DA:357,1
DA:358,1
DA:359,1
DA:360,1
DA:361,1
DA:362,1
DA:364,1
DA:365,1
DA:366,1
DA:367,1
DA:368,1
DA:369,1
DA:371,1
DA:373,1
DA:374,1
DA:375,1
DA:376,1
DA:377,1
DA:380,1
DA:381,1
DA:382,1
DA:385,1
DA:386,1
DA:389,1
DA:390,1
DA:391,1
DA:392,1
DA:393,1
DA:394,1
DA:395,1
DA:396,1
DA:399,1
DA:400,1
DA:403,1
DA:406,1
DA:408,1
DA:409,1
DA:410,1
DA:411,1
DA:412,1
DA:413,1
DA:417,1
DA:418,1
DA:419,1
DA:420,1
DA:421,1
DA:422,1
DA:427,1
DA:428,1
DA:429,1
DA:430,1
DA:432,1
DA:433,1
DA:434,1
DA:437,1
DA:438,1
DA:441,1
DA:444,1
DA:445,1
DA:446,1
DA:447,1
DA:448,1
DA:449,1
DA:450,1
DA:454,1
DA:455,1
DA:456,1
DA:457,1
DA:458,1
DA:459,1
DA:463,1
DA:464,1
DA:465,1
DA:466,1
DA:467,1
DA:468,1
DA:473,1
DA:474,1
DA:475,1
DA:476,1
DA:477,1
DA:478,1
DA:482,1
DA:485,1
DA:486,1
DA:487,1
DA:490,1
DA:491,1
DA:492,1
DA:495,1
DA:498,1
DA:499,1
DA:500,1
DA:501,1
DA:502,1
DA:503,1
DA:504,1
DA:505,1
BRF:0
BRH:0
LF:289
LH:289
end_of_record
SF:/Users/mrrobot/Documents/personal/opinions/crates/domain/src/drafting.rs
FN:162,_RNvNtNtCs5yYU9hOi4Qc_6domain8drafting5tests10valid_spec
FN:215,_RNvNtNtCs5yYU9hOi4Qc_6domain8drafting5testss_45draft_validation_and_tier_floors_are_explicit
FN:193,_RNvNtNtCs5yYU9hOi4Qc_6domain8drafting5testss_51flash_slots_are_strictly_after_the_cadence_boundary
FN:201,_RNvNtNtCs5yYU9hOi4Qc_6domain8drafting5testss_54slotting_rejects_zero_and_overflow_instead_of_wrapping
FN:178,_RNvNtNtCs5yYU9hOi4Qc_6domain8drafting5testss_60daily_slots_are_integer_pinned_and_strictly_after_boundaries
FN:101,_RNvMNtCs5yYU9hOi4Qc_6domain8draftingNtB2_9DraftSpec15validate_floors
FN:69,_RNvMNtCs5yYU9hOi4Qc_6domain8draftingNtB2_9DraftSpec8validate
FN:124,_RNvNtCs5yYU9hOi4Qc_6domain8drafting15next_daily_slot
FN:146,_RNvNtCs5yYU9hOi4Qc_6domain8drafting15next_flash_slot
FNDA:1,_RNvNtNtCs5yYU9hOi4Qc_6domain8drafting5tests10valid_spec
FNDA:1,_RNvNtNtCs5yYU9hOi4Qc_6domain8drafting5testss_45draft_validation_and_tier_floors_are_explicit
FNDA:1,_RNvNtNtCs5yYU9hOi4Qc_6domain8drafting5testss_51flash_slots_are_strictly_after_the_cadence_boundary
FNDA:1,_RNvNtNtCs5yYU9hOi4Qc_6domain8drafting5testss_54slotting_rejects_zero_and_overflow_instead_of_wrapping
FNDA:1,_RNvNtNtCs5yYU9hOi4Qc_6domain8drafting5testss_60daily_slots_are_integer_pinned_and_strictly_after_boundaries
FNDA:3,_RNvMNtCs5yYU9hOi4Qc_6domain8draftingNtB2_9DraftSpec15validate_floors
FNDA:12,_RNvMNtCs5yYU9hOi4Qc_6domain8draftingNtB2_9DraftSpec8validate
FNDA:9,_RNvNtCs5yYU9hOi4Qc_6domain8drafting15next_daily_slot
FNDA:6,_RNvNtCs5yYU9hOi4Qc_6domain8drafting15next_flash_slot
FNF:9
FNH:9
DA:69,12
DA:70,12
DA:71,1
DA:72,11
DA:73,11
DA:74,1
DA:75,10
DA:76,10
DA:77,1
DA:78,9
DA:79,9
DA:80,1
DA:81,8
DA:82,8
DA:83,1
DA:84,7
DA:85,7
DA:86,1
DA:87,6
DA:88,6
DA:89,1
DA:90,5
DA:91,5
DA:92,1
DA:93,4
DA:94,4
DA:95,12
DA:101,3
DA:102,3
DA:103,3
DA:104,3
DA:105,3
DA:106,3
DA:107,3
DA:108,1
DA:109,2
DA:110,2
DA:111,1
DA:112,1
DA:113,1
DA:114,3
DA:124,9
DA:125,9
DA:126,1
DA:127,8
DA:128,8
DA:129,8
DA:130,8
DA:131,8
DA:132,8
DA:133,8
DA:134,4
DA:136,4
DA:138,8
DA:139,9
DA:146,6
DA:147,6
DA:148,1
DA:149,5
DA:150,5
DA:151,5
DA:152,5
DA:153,5
DA:154,5
DA:155,5
DA:156,6
DA:162,1
DA:163,1
DA:164,1
DA:165,1
DA:166,1
DA:167,1
DA:168,1
DA:169,1
DA:170,1
DA:171,1
DA:172,1
DA:173,1
DA:174,1
DA:175,1
DA:178,1
DA:181,1
DA:182,1
DA:183,1
DA:184,1
DA:185,1
DA:188,1
DA:189,1
DA:190,1
DA:193,1
DA:194,1
DA:195,1
DA:196,1
DA:197,1
DA:198,1
DA:201,1
DA:202,1
DA:203,1
DA:204,1
DA:207,1
DA:208,1
DA:209,1
DA:212,1
DA:215,1
DA:216,1
DA:217,1
DA:218,1
DA:220,1
DA:221,1
DA:222,1
DA:223,1
DA:224,1
DA:225,1
DA:226,1
DA:227,1
DA:228,1
DA:229,1
DA:230,1
DA:231,1
DA:232,1
DA:233,1
DA:234,1
DA:235,1
DA:236,1
DA:237,1
DA:238,1
DA:239,1
DA:240,1
DA:241,1
DA:242,1
DA:243,1
DA:244,1
DA:245,1
DA:246,1
DA:247,1
DA:250,1
DA:251,1
DA:252,1
DA:253,1
DA:256,1
BRF:0
BRH:0
LF:140
LH:140
end_of_record
SF:/Users/mrrobot/Documents/personal/opinions/crates/domain/src/fee_policy.rs
FN:33,_RNvNtNtCs5yYU9hOi4Qc_6domain10fee_policy5tests7context
FN:44,_RNvNtNtCs5yYU9hOi4Qc_6domain10fee_policy5testss_37discount_and_floor_have_one_authority
FN:54,_RNvNtNtCs5yYU9hOi4Qc_6domain10fee_policy5testss_43flip_uses_base_and_defensive_tier_saturates
FN:17,_RNvNtCs5yYU9hOi4Qc_6domain10fee_policy13effective_fee
FNDA:4,_RNvNtNtCs5yYU9hOi4Qc_6domain10fee_policy5tests7context
FNDA:1,_RNvNtNtCs5yYU9hOi4Qc_6domain10fee_policy5testss_37discount_and_floor_have_one_authority
FNDA:1,_RNvNtNtCs5yYU9hOi4Qc_6domain10fee_policy5testss_43flip_uses_base_and_defensive_tier_saturates
FNDA:4,_RNvNtCs5yYU9hOi4Qc_6domain10fee_policy13effective_fee
FNF:4
FNH:4
DA:17,4
DA:18,4
DA:19,1
DA:20,3
DA:21,3
DA:22,3
DA:23,3
DA:24,3
DA:25,3
DA:26,3
DA:27,4
DA:33,4
DA:34,4
DA:35,4
DA:36,4
DA:37,4
DA:38,4
DA:39,4
DA:40,4
DA:41,4
DA:44,1
DA:45,1
DA:46,1
DA:47,1
DA:48,1
DA:49,1
DA:50,1
DA:51,1
DA:54,1
DA:55,1
DA:56,1
DA:57,1
DA:58,1
DA:59,1
DA:60,1
DA:61,1
DA:62,1
DA:63,1
DA:64,1
DA:65,1
BRF:0
BRH:0
LF:40
LH:40
end_of_record
SF:/Users/mrrobot/Documents/personal/opinions/crates/domain/src/integrity.rs
FN:232,_RNCNvNtNtCs5yYU9hOi4Qc_6domain9integrity5testss_39boundaries_pass_and_strict_excess_flags0B7_
FN:275,_RNCNvNtNtCs5yYU9hOi4Qc_6domain9integrity5testss_41sparse_metadata_and_low_votes_skip_checks0B7_
FN:276,_RNCNvNtNtCs5yYU9hOi4Qc_6domain9integrity5testss_41sparse_metadata_and_low_votes_skip_checkss_0B7_
FN:75,_RNvNtCs5yYU9hOi4Qc_6domain9integrity10vote_burst
FN:117,_RNvNtCs5yYU9hOi4Qc_6domain9integrity11share_check
FN:59,_RNvNtCs5yYU9hOi4Qc_6domain9integrity12coverage_ppm
FN:146,_RNvNtCs5yYU9hOi4Qc_6domain9integrity12sweep_checks
FN:192,_RNvNtCs5yYU9hOi4Qc_6domain9integrity7verdict
FN:63,_RNvNtCs5yYU9hOi4Qc_6domain9integrity9low_votes
FN:51,_RNvNtCs5yYU9hOi4Qc_6domain9integrity9ratio_ppm
FN:204,_RNvNtNtCs5yYU9hOi4Qc_6domain9integrity5tests10thresholds
FN:215,_RNvNtNtCs5yYU9hOi4Qc_6domain9integrity5tests5clean
FN:244,_RNvNtNtCs5yYU9hOi4Qc_6domain9integrity5testss_28one_signal_is_pass_with_note
FN:253,_RNvNtNtCs5yYU9hOi4Qc_6domain9integrity5testss_28zero_baseline_rule_is_strict
FN:230,_RNvNtNtCs5yYU9hOi4Qc_6domain9integrity5testss_39boundaries_pass_and_strict_excess_flags
FN:280,_RNvNtNtCs5yYU9hOi4Qc_6domain9integrity5testss_41empty_results_pass_and_ratio_zero_is_safe
FN:263,_RNvNtNtCs5yYU9hOi4Qc_6domain9integrity5testss_41sparse_metadata_and_low_votes_skip_checks
FNDA:4,_RNCNvNtNtCs5yYU9hOi4Qc_6domain9integrity5testss_39boundaries_pass_and_strict_excess_flags0B7_
FNDA:4,_RNCNvNtNtCs5yYU9hOi4Qc_6domain9integrity5testss_41sparse_metadata_and_low_votes_skip_checks0B7_
FNDA:4,_RNCNvNtNtCs5yYU9hOi4Qc_6domain9integrity5testss_41sparse_metadata_and_low_votes_skip_checkss_0B7_
FNDA:7,_RNvNtCs5yYU9hOi4Qc_6domain9integrity10vote_burst
FNDA:21,_RNvNtCs5yYU9hOi4Qc_6domain9integrity11share_check
FNDA:18,_RNvNtCs5yYU9hOi4Qc_6domain9integrity12coverage_ppm
FNDA:7,_RNvNtCs5yYU9hOi4Qc_6domain9integrity12sweep_checks
FNDA:3,_RNvNtCs5yYU9hOi4Qc_6domain9integrity7verdict
FNDA:4,_RNvNtCs5yYU9hOi4Qc_6domain9integrity9low_votes
FNDA:35,_RNvNtCs5yYU9hOi4Qc_6domain9integrity9ratio_ppm
FNDA:7,_RNvNtNtCs5yYU9hOi4Qc_6domain9integrity5tests10thresholds
FNDA:5,_RNvNtNtCs5yYU9hOi4Qc_6domain9integrity5tests5clean
FNDA:1,_RNvNtNtCs5yYU9hOi4Qc_6domain9integrity5testss_28one_signal_is_pass_with_note
FNDA:1,_RNvNtNtCs5yYU9hOi4Qc_6domain9integrity5testss_28zero_baseline_rule_is_strict
FNDA:1,_RNvNtNtCs5yYU9hOi4Qc_6domain9integrity5testss_39boundaries_pass_and_strict_excess_flags
FNDA:1,_RNvNtNtCs5yYU9hOi4Qc_6domain9integrity5testss_41empty_results_pass_and_ratio_zero_is_safe
FNDA:1,_RNvNtNtCs5yYU9hOi4Qc_6domain9integrity5testss_41sparse_metadata_and_low_votes_skip_checks
FNF:17
FNH:17
DA:51,35
DA:52,35
DA:53,1
DA:54,34
DA:55,34
DA:56,34
DA:57,35
DA:59,18
DA:60,18
DA:61,18
DA:63,4
DA:64,4
DA:65,4
DA:66,4
DA:67,4
DA:68,4
DA:69,4
DA:70,4
DA:71,4
DA:72,4
DA:73,4
DA:75,7
DA:76,7
DA:77,1
DA:78,6
DA:79,6
DA:80,2
DA:81,2
DA:82,2
DA:83,2
DA:84,2
DA:85,2
DA:86,2
DA:87,2
DA:88,2
DA:89,4
DA:90,4
DA:91,4
DA:92,4
DA:93,4
DA:94,4
DA:95,4
DA:96,4
DA:97,4
DA:98,4
DA:99,4
DA:100,4
DA:101,4
DA:102,4
DA:103,4
DA:104,7
DA:117,21
DA:118,21
DA:119,3
DA:120,18
DA:121,18
DA:122,18
DA:123,2
DA:124,2
DA:125,2
DA:126,2
DA:127,2
DA:128,2
DA:129,2
DA:130,2
DA:131,2
DA:132,16
DA:133,16
DA:134,16
DA:135,16
DA:136,16
DA:137,16
DA:138,16
DA:139,16
DA:140,16
DA:141,16
DA:142,16
DA:143,21
DA:146,7
DA:147,7
DA:148,7
DA:149,7
DA:150,7
DA:151,7
DA:152,7
DA:153,7
DA:154,7
DA:155,7
DA:156,7
DA:157,7
DA:158,7
DA:159,7
DA:160,7
DA:162,7
DA:163,7
DA:164,7
DA:165,7
DA:166,7
DA:167,7
DA:168,7
DA:169,7
DA:170,7
DA:171,7
DA:172,7
DA:173,7
DA:175,7
DA:176,7
DA:177,7
DA:178,7
DA:179,7
DA:180,7
DA:181,7
DA:182,7
DA:183,7
DA:184,7
DA:185,7
DA:186,7
DA:189,7
DA:192,3
DA:193,3
DA:194,1
DA:196,2
DA:198,3
DA:204,7
DA:205,7
DA:206,7
DA:207,7
DA:208,7
DA:209,7
DA:210,7
DA:211,7
DA:212,7
DA:213,7
DA:215,5
DA:216,5
DA:217,5
DA:218,5
DA:219,5
DA:220,5
DA:221,5
DA:222,5
DA:223,5
DA:224,5
DA:225,5
DA:226,5
DA:227,5
DA:230,1
DA:231,1
DA:232,4
DA:233,1
DA:234,1
DA:235,1
DA:236,1
DA:237,1
DA:238,1
DA:239,1
DA:240,1
DA:241,1
DA:244,1
DA:245,1
DA:246,1
DA:247,1
DA:248,1
DA:249,1
DA:250,1
DA:253,1
DA:254,1
DA:255,1
DA:256,1
DA:257,1
DA:258,1
DA:259,1
DA:260,1
DA:263,1
DA:264,1
DA:265,1
DA:266,1
DA:267,1
DA:268,1
DA:269,1
DA:270,1
DA:271,1
DA:273,1
DA:274,1
DA:275,4
DA:276,4
DA:277,1
DA:280,1
DA:281,1
DA:282,1
DA:283,1
BRF:0
BRH:0
LF:194
LH:194
end_of_record
SF:/Users/mrrobot/Documents/personal/opinions/crates/domain/src/ledger.rs
FN:272,_RNvNtNtCs5yYU9hOi4Qc_6domain6ledger5tests4acct
FN:587,_RNvNtNtCs5yYU9hOi4Qc_6domain6ledger5testss_21structural_error_arms
FN:619,_RNvNtNtCs5yYU9hOi4Qc_6domain6ledger5testss_24unknown_account_rejected
FN:643,_RNvNtNtCs5yYU9hOi4Qc_6domain6ledger5testss_30overflow_on_account_at_i64_max
FN:277,_RNvNtNtCs5yYU9hOi4Qc_6domain6ledger5testss_31unbalanced_transaction_rejected
FN:447,_RNvNtNtCs5yYU9hOi4Qc_6domain6ledger5testss_35four_leg_credit_conversion_is_legal
FN:314,_RNvNtNtCs5yYU9hOi4Qc_6domain6ledger5testss_37apply_is_atomic_on_insufficient_funds
FN:421,_RNvNtNtCs5yYU9hOi4Qc_6domain6ledger5testss_38deposit_from_external_is_representable
FN:295,_RNvNtNtCs5yYU9hOi4Qc_6domain6ledger5testss_40transaction_exposes_its_kind_and_entries
FN:511,_RNvNtNtCs5yYU9hOi4Qc_6domain6ledger5testss_42second_external_for_same_currency_rejected
FN:394,_RNvNtNtCs5yYU9hOi4Qc_6domain6ledger5testss_43cross_currency_two_leg_transaction_rejected
FN:530,_RNvNtNtCs5yYU9hOi4Qc_6domain6ledger5testss_56money_singletons_are_one_per_currency_and_never_negative
FN:342,_RNvNtNtCs5yYU9hOi4Qc_6domain6ledger5testss_58duplicate_account_entries_are_aggregated_before_validation
FN:101,_RNCNvMNtCs5yYU9hOi4Qc_6domain6ledgerNtB4_11Transaction3new0B6_
FN:104,_RNCNvMNtCs5yYU9hOi4Qc_6domain6ledgerNtB4_11Transaction3news_0B6_
FN:257,_RNCNvMs_NtCs5yYU9hOi4Qc_6domain6ledgerNtB6_8Balances14internal_total0B8_
FN:258,_RNCNvMs_NtCs5yYU9hOi4Qc_6domain6ledgerNtB6_8Balances14internal_totals_0B8_
FN:159,_RNCNvMs_NtCs5yYU9hOi4Qc_6domain6ledgerNtB6_8Balances4open0B8_
FN:167,_RNCNvMs_NtCs5yYU9hOi4Qc_6domain6ledgerNtB6_8Balances4opens_0B8_
FN:245,_RNCNvMs_NtCs5yYU9hOi4Qc_6domain6ledgerNtB6_8Balances7balance0B8_
FN:725,_RNCNCNvNtNtCs5yYU9hOi4Qc_6domain6ledger5testss_34conservation_over_random_transferss_00B9_
FN:694,_RNCNCNvNtNtCs5yYU9hOi4Qc_6domain6ledger5testss_42conservation_with_repeated_account_entriess_00B9_
FN:97,_RNvMNtCs5yYU9hOi4Qc_6domain6ledgerNtB2_11Transaction3new
FN:112,_RNvMNtCs5yYU9hOi4Qc_6domain6ledgerNtB2_11Transaction4kind
FN:117,_RNvMNtCs5yYU9hOi4Qc_6domain6ledgerNtB2_11Transaction7entries
FN:253,_RNvMs_NtCs5yYU9hOi4Qc_6domain6ledgerNtB4_8Balances14internal_total
FN:146,_RNvMs_NtCs5yYU9hOi4Qc_6domain6ledgerNtB4_8Balances4open
FN:191,_RNvMs_NtCs5yYU9hOi4Qc_6domain6ledgerNtB4_8Balances5apply
FN:244,_RNvMs_NtCs5yYU9hOi4Qc_6domain6ledgerNtB4_8Balances7balance
FN:128,_RNvNtCs5yYU9hOi4Qc_6domain6ledger18is_money_singleton
FNDA:2596,_RNvNtNtCs5yYU9hOi4Qc_6domain6ledger5tests4acct
FNDA:1,_RNvNtNtCs5yYU9hOi4Qc_6domain6ledger5testss_21structural_error_arms
FNDA:1,_RNvNtNtCs5yYU9hOi4Qc_6domain6ledger5testss_24unknown_account_rejected
FNDA:1,_RNvNtNtCs5yYU9hOi4Qc_6domain6ledger5testss_30overflow_on_account_at_i64_max
FNDA:1,_RNvNtNtCs5yYU9hOi4Qc_6domain6ledger5testss_31unbalanced_transaction_rejected
FNDA:1,_RNvNtNtCs5yYU9hOi4Qc_6domain6ledger5testss_35four_leg_credit_conversion_is_legal
FNDA:1,_RNvNtNtCs5yYU9hOi4Qc_6domain6ledger5testss_37apply_is_atomic_on_insufficient_funds
FNDA:1,_RNvNtNtCs5yYU9hOi4Qc_6domain6ledger5testss_38deposit_from_external_is_representable
FNDA:1,_RNvNtNtCs5yYU9hOi4Qc_6domain6ledger5testss_40transaction_exposes_its_kind_and_entries
FNDA:1,_RNvNtNtCs5yYU9hOi4Qc_6domain6ledger5testss_42second_external_for_same_currency_rejected
FNDA:1,_RNvNtNtCs5yYU9hOi4Qc_6domain6ledger5testss_43cross_currency_two_leg_transaction_rejected
FNDA:1,_RNvNtNtCs5yYU9hOi4Qc_6domain6ledger5testss_56money_singletons_are_one_per_currency_and_never_negative
FNDA:1,_RNvNtNtCs5yYU9hOi4Qc_6domain6ledger5testss_58duplicate_account_entries_are_aggregated_before_validation
FNDA:24399,_RNCNvMNtCs5yYU9hOi4Qc_6domain6ledgerNtB4_11Transaction3new0B6_
FNDA:24398,_RNCNvMNtCs5yYU9hOi4Qc_6domain6ledgerNtB4_11Transaction3news_0B6_
FNDA:2570,_RNCNvMs_NtCs5yYU9hOi4Qc_6domain6ledgerNtB6_8Balances14internal_total0B8_
FNDA:2051,_RNCNvMs_NtCs5yYU9hOi4Qc_6domain6ledgerNtB6_8Balances14internal_totals_0B8_
FNDA:3,_RNCNvMs_NtCs5yYU9hOi4Qc_6domain6ledgerNtB6_8Balances4open0B8_
FNDA:8,_RNCNvMs_NtCs5yYU9hOi4Qc_6domain6ledgerNtB6_8Balances4opens_0B8_
FNDA:9470,_RNCNvMs_NtCs5yYU9hOi4Qc_6domain6ledgerNtB6_8Balances7balance0B8_
FNDA:1024,_RNCNCNvNtNtCs5yYU9hOi4Qc_6domain6ledger5testss_34conservation_over_random_transferss_00B9_
FNDA:1024,_RNCNCNvNtNtCs5yYU9hOi4Qc_6domain6ledger5testss_42conservation_with_repeated_account_entriess_00B9_
FNDA:9922,_RNvMNtCs5yYU9hOi4Qc_6domain6ledgerNtB2_11Transaction3new
FNDA:1,_RNvMNtCs5yYU9hOi4Qc_6domain6ledgerNtB2_11Transaction4kind
FNDA:9919,_RNvMNtCs5yYU9hOi4Qc_6domain6ledgerNtB2_11Transaction7entries
FNDA:515,_RNvMs_NtCs5yYU9hOi4Qc_6domain6ledgerNtB4_8Balances14internal_total
FNDA:2592,_RNvMs_NtCs5yYU9hOi4Qc_6domain6ledgerNtB4_8Balances4open
FNDA:9918,_RNvMs_NtCs5yYU9hOi4Qc_6domain6ledgerNtB4_8Balances5apply
FNDA:9471,_RNvMs_NtCs5yYU9hOi4Qc_6domain6ledgerNtB4_8Balances7balance
FNDA:2587,_RNvNtCs5yYU9hOi4Qc_6domain6ledger18is_money_singleton
FNF:30
FNH:30
DA:97,9922
DA:98,9922
DA:99,1
DA:100,9921
DA:101,24399
DA:102,1
DA:103,9920
DA:104,24398
DA:105,9920
DA:106,1
DA:107,9919
DA:108,9919
DA:109,9922
DA:112,1
DA:113,1
DA:114,1
DA:117,9919
DA:118,9919
DA:119,9919
DA:128,2587
DA:129,2581
DA:130,2587
DA:133,2587
DA:146,2592
DA:147,2592
DA:148,2592
DA:149,2592
DA:150,2592
DA:151,2592
DA:152,2592
DA:153,4
DA:154,2588
DA:155,2588
DA:156,523
DA:157,523
DA:158,523
DA:159,523
DA:161,1
DA:162,2587
DA:163,2587
DA:164,6
DA:165,6
DA:166,6
DA:167,8
DA:169,3
DA:170,2584
DA:171,2584
DA:172,2584
DA:173,2592
DA:191,9918
DA:192,9918
DA:193,24394
DA:194,24394
DA:195,24394
DA:196,24394
DA:197,24394
DA:200,9918
DA:201,19838
DA:202,19838
DA:203,19838
DA:204,19838
DA:205,19838
DA:206,19837
DA:207,19837
DA:209,9918
DA:210,9918
DA:211,1
DA:212,1
DA:213,1
DA:214,1
DA:215,9917
DA:218,9916
DA:219,17092
DA:220,17092
DA:221,17092
DA:222,17092
DA:223,17092
DA:224,17092
DA:225,17092
DA:226,17092
DA:227,17092
DA:228,17091
DA:229,4837
DA:230,12254
DA:231,12254
DA:234,10158
DA:235,10158
DA:236,10158
DA:237,10158
DA:239,5078
DA:240,9918
DA:244,9471
DA:245,9471
DA:246,9471
DA:253,515
DA:254,515
DA:255,515
DA:256,515
DA:257,2570
DA:258,2051
DA:259,515
DA:260,515
DA:261,515
DA:272,2596
DA:273,2596
DA:274,2596
DA:277,1
DA:278,1
DA:279,1
DA:280,1
DA:281,1
DA:282,1
DA:283,1
DA:284,1
DA:285,1
DA:286,1
DA:288,1
DA:289,1
DA:292,1
DA:295,1
DA:296,1
DA:297,1
DA:298,1
DA:299,1
DA:300,1
DA:301,1
DA:302,1
DA:303,1
DA:304,1
DA:305,1
DA:307,1
DA:309,1
DA:310,1
DA:311,1
DA:314,1
DA:315,1
DA:316,1
DA:317,1
DA:318,1
DA:319,1
DA:320,1
DA:321,1
DA:322,1
DA:323,1
DA:324,1
DA:325,1
DA:326,1
DA:327,1
DA:328,1
DA:329,1
DA:332,1
DA:333,1
DA:334,1
DA:337,1
DA:338,1
DA:339,1
DA:342,1
DA:345,1
DA:346,1
DA:347,1
DA:348,1
DA:349,1
DA:350,1
DA:351,1
DA:352,1
DA:353,1
DA:354,1
DA:355,1
DA:356,1
DA:357,1
DA:358,1
DA:359,1
DA:360,1
DA:361,1
DA:362,1
DA:363,1
DA:364,1
DA:366,1
DA:367,1
DA:368,1
DA:369,1
DA:370,1
DA:371,1
DA:372,1
DA:373,1
DA:374,1
DA:375,1
DA:376,1
DA:377,1
DA:378,1
DA:379,1
DA:380,1
DA:381,1
DA:384,1
DA:385,1
DA:386,1
DA:389,1
DA:390,1
DA:391,1
DA:394,1
DA:396,1
DA:397,1
DA:398,1
DA:399,1
DA:400,1
DA:401,1
DA:402,1
DA:403,1
DA:404,1
DA:405,1
DA:406,1
DA:407,1
DA:408,1
DA:409,1
DA:410,1
DA:413,1
DA:414,1
DA:415,1
DA:418,1
DA:421,1
DA:422,1
DA:423,1
DA:424,1
DA:425,1
DA:426,1
DA:427,1
DA:428,1
DA:429,1
DA:430,1
DA:431,1
DA:432,1
DA:433,1
DA:434,1
DA:435,1
DA:436,1
DA:439,1
DA:440,1
DA:441,1
DA:442,1
DA:443,1
DA:444,1
DA:447,1
DA:450,1
DA:451,1
DA:452,1
DA:453,1
DA:454,1
DA:455,1
DA:456,1
DA:457,1
DA:458,1
DA:459,1
DA:460,1
DA:461,1
DA:462,1
DA:463,1
DA:464,1
DA:465,1
DA:466,1
DA:467,1
DA:468,1
DA:469,1
DA:470,1
DA:471,1
DA:472,1
DA:473,1
DA:474,1
DA:476,1
DA:477,1
DA:478,1
DA:479,1
DA:480,1
DA:481,1
DA:482,1
DA:483,1
DA:484,1
DA:485,1
DA:486,1
DA:487,1
DA:488,1
DA:489,1
DA:490,1
DA:491,1
DA:492,1
DA:493,1
DA:494,1
DA:495,1
DA:496,1
DA:497,1
DA:498,1
DA:499,1
DA:501,1
DA:502,1
DA:503,1
DA:504,1
DA:505,1
DA:506,1
DA:507,1
DA:508,1
DA:511,1
DA:512,1
DA:513,1
DA:514,1
DA:515,1
DA:516,1
DA:522,1
DA:523,1
DA:524,1
DA:525,1
DA:526,1
DA:527,1
DA:530,1
DA:531,3
DA:532,1
DA:533,1
DA:534,1
DA:535,1
DA:536,3
DA:537,3
DA:538,3
DA:539,3
DA:540,3
DA:541,3
DA:542,3
DA:544,3
DA:546,3
DA:548,3
DA:549,3
DA:550,3
DA:551,3
DA:552,3
DA:553,3
DA:554,3
DA:555,3
DA:556,3
DA:557,3
DA:558,3
DA:559,3
DA:562,3
DA:563,3
DA:564,3
DA:567,3
DA:568,3
DA:569,3
DA:570,3
DA:571,3
DA:572,3
DA:573,3
DA:574,3
DA:575,3
DA:576,3
DA:577,3
DA:580,3
DA:581,3
DA:582,3
DA:584,1
DA:587,1
DA:589,1
DA:590,1
DA:591,1
DA:592,1
DA:593,1
DA:594,1
DA:595,1
DA:600,1
DA:601,1
DA:602,1
DA:603,1
DA:604,1
DA:605,1
DA:606,1
DA:607,1
DA:608,1
DA:609,1
DA:610,1
DA:611,1
DA:616,1
DA:619,1
DA:620,1
DA:621,1
DA:622,1
DA:623,1
DA:624,1
DA:625,1
DA:626,1
DA:627,1
DA:628,1
DA:629,1
DA:630,1
DA:631,1
DA:632,1
DA:633,1
DA:636,1
DA:637,1
DA:638,1
DA:639,1
DA:640,1
DA:643,1
DA:644,1
DA:645,1
DA:646,1
DA:647,1
DA:648,1
DA:649,1
DA:650,1
DA:651,1
DA:652,1
DA:653,1
DA:654,1
DA:655,1
DA:656,1
DA:657,1
DA:658,1
DA:659,1
DA:660,1
DA:661,1
DA:662,1
DA:664,1
DA:665,1
DA:666,1
DA:667,1
DA:668,1
DA:669,1
DA:670,1
DA:671,1
DA:672,1
DA:673,1
DA:674,1
DA:675,1
DA:678,1
DA:679,1
DA:681,1
DA:682,1
DA:683,1
DA:694,1024
DA:725,1024
BRF:0
BRH:0
LF:443
LH:443
end_of_record
SF:/Users/mrrobot/Documents/personal/opinions/crates/domain/src/market.rs
FN:282,_RNCNvNtNtCs5yYU9hOi4Qc_6domain6market5testss_51every_state_event_pair_matches_the_legal_edge_table0B7_
FN:214,_RNvNtNtCs5yYU9hOi4Qc_6domain6market5testss_24happy_path_without_sweep
FN:265,_RNvNtNtCs5yYU9hOi4Qc_6domain6market5testss_28paid_and_voided_are_terminal
FN:237,_RNvNtNtCs5yYU9hOi4Qc_6domain6market5testss_31happy_path_with_integrity_sweep
FN:249,_RNvNtNtCs5yYU9hOi4Qc_6domain6market5testss_43automatic_and_admin_void_paths_are_explicit
FN:277,_RNvNtNtCs5yYU9hOi4Qc_6domain6market5testss_51every_state_event_pair_matches_the_legal_edge_table
FN:44,_RNvNtCs5yYU9hOi4Qc_6domain6market10transition
FNDA:1241,_RNCNvNtNtCs5yYU9hOi4Qc_6domain6market5testss_51every_state_event_pair_matches_the_legal_edge_table0B7_
FNDA:1,_RNvNtNtCs5yYU9hOi4Qc_6domain6market5testss_24happy_path_without_sweep
FNDA:1,_RNvNtNtCs5yYU9hOi4Qc_6domain6market5testss_28paid_and_voided_are_terminal
FNDA:1,_RNvNtNtCs5yYU9hOi4Qc_6domain6market5testss_31happy_path_with_integrity_sweep
FNDA:1,_RNvNtNtCs5yYU9hOi4Qc_6domain6market5testss_43automatic_and_admin_void_paths_are_explicit
FNDA:1,_RNvNtNtCs5yYU9hOi4Qc_6domain6market5testss_51every_state_event_pair_matches_the_legal_edge_table
FNDA:110,_RNvNtCs5yYU9hOi4Qc_6domain6market10transition
FNF:7
FNH:7
DA:44,110
DA:51,110
DA:52,2
DA:53,2
DA:54,2
DA:55,2
DA:56,2
DA:57,4
DA:58,2
DA:59,3
DA:61,9
DA:64,7
DA:65,7
DA:69,7
DA:70,7
DA:74,7
DA:75,7
DA:79,7
DA:80,7
DA:83,5
DA:85,6
DA:86,6
DA:89,7
DA:90,7
DA:94,36
DA:95,36
DA:97,82
DA:99,110
DA:214,1
DA:218,1
DA:219,1
DA:220,1
DA:221,1
DA:222,1
DA:223,1
DA:224,1
DA:225,1
DA:227,6
DA:228,6
DA:229,6
DA:230,6
DA:234,1
DA:237,1
DA:238,1
DA:239,1
DA:242,1
DA:243,1
DA:246,1
DA:249,1
DA:250,1
DA:251,1
DA:254,1
DA:255,1
DA:258,1
DA:259,1
DA:262,1
DA:265,1
DA:266,2
DA:267,18
DA:268,18
DA:269,18
DA:270,18
DA:274,1
DA:277,1
DA:278,9
DA:279,81
DA:280,81
DA:281,81
DA:282,1241
DA:283,1241
DA:284,1241
DA:285,81
DA:287,81
DA:290,1
BRF:0
BRH:0
LF:75
LH:75
end_of_record
SF:/Users/mrrobot/Documents/personal/opinions/crates/domain/src/mentions.rs
FN:6,_RNvNtCs5yYU9hOi4Qc_6domain8mentions14parse_mentions
FN:65,_RNvNtNtCs5yYU9hOi4Qc_6domain8mentions5testss_37code_spans_and_zero_limit_are_ignored
FN:51,_RNvNtNtCs5yYU9hOi4Qc_6domain8mentions5testss_41parses_normalizes_deduplicates_and_bounds
FNDA:262,_RNvNtCs5yYU9hOi4Qc_6domain8mentions14parse_mentions
FNDA:1,_RNvNtNtCs5yYU9hOi4Qc_6domain8mentions5testss_37code_spans_and_zero_limit_are_ignored
FNDA:1,_RNvNtNtCs5yYU9hOi4Qc_6domain8mentions5testss_41parses_normalizes_deduplicates_and_bounds
FNF:3
FNH:3
DA:6,262
DA:7,262
DA:8,2
DA:9,260
DA:10,260
DA:11,260
DA:12,260
DA:13,260
DA:14,260
DA:15,8397
DA:16,8139
DA:17,99
DA:18,99
DA:19,99
DA:20,8040
DA:21,8040
DA:22,8020
DA:23,8020
DA:24,20
DA:25,20
DA:26,20
DA:27,100
DA:28,80
DA:29,80
DA:30,20
DA:31,20
DA:32,8
DA:33,8
DA:34,7
DA:35,7
DA:36,2
DA:37,5
DA:38,1
DA:39,12
DA:40,18
DA:42,260
DA:43,262
DA:51,1
DA:52,1
DA:53,1
DA:54,1
DA:55,1
DA:56,1
DA:57,1
DA:60,1
DA:61,1
DA:62,1
DA:65,1
DA:66,1
DA:67,1
DA:68,1
DA:70,1
DA:71,1
DA:72,1
BRF:0
BRH:0
LF:54
LH:54
end_of_record
SF:/Users/mrrobot/Documents/personal/opinions/crates/domain/src/moderation.rs
FN:37,_RNCNvNtCs5yYU9hOi4Qc_6domain10moderation14normalize_body0B5_
FN:55,_RNCNvNtCs5yYU9hOi4Qc_6domain10moderation20sanitize_for_storage0B5_
FN:65,_RNvNtCs5yYU9hOi4Qc_6domain10moderation10link_count
FN:31,_RNvNtCs5yYU9hOi4Qc_6domain10moderation14normalize_body
FN:21,_RNvNtCs5yYU9hOi4Qc_6domain10moderation16retained_control
FN:25,_RNvNtCs5yYU9hOi4Qc_6domain10moderation17removed_character
FN:53,_RNvNtCs5yYU9hOi4Qc_6domain10moderation20sanitize_for_storage
FN:72,_RNvNtCs5yYU9hOi4Qc_6domain10moderation6screen
FN:60,_RNvNtCs5yYU9hOi4Qc_6domain10moderation9body_hash
FN:101,_RNvNtNtCs5yYU9hOi4Qc_6domain10moderation5tests5rules
FN:110,_RNvNtNtCs5yYU9hOi4Qc_6domain10moderation5testss_30canonical_hash_vectors_collide
FN:121,_RNvNtNtCs5yYU9hOi4Qc_6domain10moderation5testss_34blocked_rules_precede_shadow_rules
FN:145,_RNvNtNtCs5yYU9hOi4Qc_6domain10moderation5testss_37scalar_length_is_not_utf8_byte_length
FN:134,_RNvNtNtCs5yYU9hOi4Qc_6domain10moderation5testss_46links_duplicates_and_visible_text_are_distinct
FNDA:113,_RNCNvNtCs5yYU9hOi4Qc_6domain10moderation14normalize_body0B5_
FNDA:5,_RNCNvNtCs5yYU9hOi4Qc_6domain10moderation20sanitize_for_storage0B5_
FNDA:5,_RNvNtCs5yYU9hOi4Qc_6domain10moderation10link_count
FNDA:14,_RNvNtCs5yYU9hOi4Qc_6domain10moderation14normalize_body
FNDA:4,_RNvNtCs5yYU9hOi4Qc_6domain10moderation16retained_control
FNDA:118,_RNvNtCs5yYU9hOi4Qc_6domain10moderation17removed_character
FNDA:1,_RNvNtCs5yYU9hOi4Qc_6domain10moderation20sanitize_for_storage
FNDA:8,_RNvNtCs5yYU9hOi4Qc_6domain10moderation6screen
FNDA:5,_RNvNtCs5yYU9hOi4Qc_6domain10moderation9body_hash
FNDA:7,_RNvNtNtCs5yYU9hOi4Qc_6domain10moderation5tests5rules
FNDA:1,_RNvNtNtCs5yYU9hOi4Qc_6domain10moderation5testss_30canonical_hash_vectors_collide
FNDA:1,_RNvNtNtCs5yYU9hOi4Qc_6domain10moderation5testss_34blocked_rules_precede_shadow_rules
FNDA:1,_RNvNtNtCs5yYU9hOi4Qc_6domain10moderation5testss_37scalar_length_is_not_utf8_byte_length
FNDA:1,_RNvNtNtCs5yYU9hOi4Qc_6domain10moderation5testss_46links_duplicates_and_visible_text_are_distinct
FNF:14
FNH:14
DA:21,4
DA:22,4
DA:23,4
DA:25,118
DA:26,118
DA:27,115
DA:28,118
DA:31,14
DA:32,14
DA:33,14
DA:34,111
DA:35,14
DA:36,14
DA:37,113
DA:39,111
DA:40,10
DA:41,10
DA:42,101
DA:43,2
DA:44,2
DA:45,99
DA:46,101
DA:49,14
DA:50,14
DA:53,1
DA:54,1
DA:55,5
DA:56,1
DA:57,1
DA:60,5
DA:61,5
DA:62,5
DA:65,5
DA:66,5
DA:67,5
DA:68,5
DA:69,5
DA:72,8
DA:73,8
DA:74,8
DA:75,8
DA:76,8
DA:77,8
DA:78,8
DA:79,8
DA:80,1
DA:81,7
DA:82,7
DA:83,2
DA:84,5
DA:85,5
DA:86,1
DA:87,4
DA:88,4
DA:89,1
DA:90,3
DA:91,3
DA:92,1
DA:93,2
DA:94,2
DA:95,8
DA:101,7
DA:102,7
DA:103,7
DA:104,7
DA:105,7
DA:106,7
DA:107,7
DA:110,1
DA:111,1
DA:112,1
DA:113,4
DA:114,4
DA:116,1
DA:117,1
DA:118,1
DA:121,1
DA:122,1
DA:123,1
DA:126,1
DA:127,1
DA:130,1
DA:131,1
DA:134,1
DA:135,1
DA:136,1
DA:137,1
DA:140,1
DA:141,1
DA:142,1
DA:145,1
DA:146,1
DA:147,1
DA:148,1
DA:149,1
DA:150,1
DA:151,1
DA:152,1
BRF:0
BRH:0
LF:100
LH:100
end_of_record
SF:/Users/mrrobot/Documents/personal/opinions/crates/domain/src/money.rs
FN:32,_RNvMNtCs5yYU9hOi4Qc_6domain5moneyNtB2_8MicroUsd11checked_add
FN:36,_RNvMNtCs5yYU9hOi4Qc_6domain5moneyNtB2_8MicroUsd11checked_sub
FN:48,_RNvNtCs5yYU9hOi4Qc_6domain5money9apply_fee
FN:79,_RNvNtNtCs5yYU9hOi4Qc_6domain5money5testss_23zero_fee_passes_through
FN:71,_RNvNtNtCs5yYU9hOi4Qc_6domain5money5testss_26fee_rounds_up_against_user
FN:85,_RNvNtNtCs5yYU9hOi4Qc_6domain5money5testss_29negative_and_overfee_rejected
FN:97,_RNvNtNtCs5yYU9hOi4Qc_6domain5money5testss_33checked_arithmetic_reports_bounds
FNDA:2,_RNvMNtCs5yYU9hOi4Qc_6domain5moneyNtB2_8MicroUsd11checked_add
FNDA:2,_RNvMNtCs5yYU9hOi4Qc_6domain5moneyNtB2_8MicroUsd11checked_sub
FNDA:1547,_RNvNtCs5yYU9hOi4Qc_6domain5money9apply_fee
FNDA:1,_RNvNtNtCs5yYU9hOi4Qc_6domain5money5testss_23zero_fee_passes_through
FNDA:1,_RNvNtNtCs5yYU9hOi4Qc_6domain5money5testss_26fee_rounds_up_against_user
FNDA:1,_RNvNtNtCs5yYU9hOi4Qc_6domain5money5testss_29negative_and_overfee_rejected
FNDA:1,_RNvNtNtCs5yYU9hOi4Qc_6domain5money5testss_33checked_arithmetic_reports_bounds
FNF:7
FNH:7
DA:32,2
DA:33,2
DA:34,2
DA:36,2
DA:37,2
DA:38,2
DA:48,1547
DA:49,1547
DA:50,2
DA:51,1545
DA:52,1545
DA:53,1
DA:54,1544
DA:55,1544
DA:56,1544
DA:57,1544
DA:58,1544
DA:59,1544
DA:60,1544
DA:61,1544
DA:62,1547
DA:71,1
DA:73,1
DA:74,1
DA:75,1
DA:76,1
DA:79,1
DA:80,1
DA:81,1
DA:82,1
DA:85,1
DA:86,1
DA:87,1
DA:90,1
DA:91,1
DA:94,1
DA:97,1
DA:98,1
DA:99,1
DA:100,1
DA:101,1
DA:102,1
BRF:0
BRH:0
LF:42
LH:42
end_of_record
SF:/Users/mrrobot/Documents/personal/opinions/crates/domain/src/ranking.rs
FN:15,_RNvNtCs5yYU9hOi4Qc_6domain7ranking9hot_score
FN:32,_RNvNtNtCs5yYU9hOi4Qc_6domain7ranking5testss_33boundaries_and_baseline_are_exact
FN:42,_RNvNtNtCs5yYU9hOi4Qc_6domain7ranking5testss_40score_clamps_and_age_decay_are_monotonic
FNDA:12,_RNvNtCs5yYU9hOi4Qc_6domain7ranking9hot_score
FNDA:1,_RNvNtNtCs5yYU9hOi4Qc_6domain7ranking5testss_33boundaries_and_baseline_are_exact
FNDA:1,_RNvNtNtCs5yYU9hOi4Qc_6domain7ranking5testss_40score_clamps_and_age_decay_are_monotonic
FNF:3
FNH:3
DA:15,12
DA:16,12
DA:17,1
DA:18,11
DA:19,11
DA:20,11
DA:21,11
DA:22,11
DA:23,12
DA:32,1
DA:33,1
DA:34,1
DA:35,1
DA:36,1
DA:37,1
DA:38,1
DA:39,1
DA:42,1
DA:43,1
DA:44,1
DA:45,1
DA:46,1
BRF:0
BRH:0
LF:22
LH:22
end_of_record
SF:/Users/mrrobot/Documents/personal/opinions/crates/domain/src/render_spec.rs
FN:290,_RNCNCNvNtNtCs5yYU9hOi4Qc_6domain11render_spec5testss_46spec_builders_apply_pinned_wrapping_and_layouts_00B9_
FN:303,_RNCNCNvNtNtCs5yYU9hOi4Qc_6domain11render_spec5testss_46spec_builders_apply_pinned_wrapping_and_layouts_0s0_0B9_
FN:310,_RNCNCNvNtNtCs5yYU9hOi4Qc_6domain11render_spec5testss_46spec_builders_apply_pinned_wrapping_and_layouts_0s1_0B9_
FN:295,_RNCNCNvNtNtCs5yYU9hOi4Qc_6domain11render_spec5testss_46spec_builders_apply_pinned_wrapping_and_layouts_0s_0B9_
FN:414,_RNCNvNtNtCs5yYU9hOi4Qc_6domain11render_spec5testss_37share_card_spec_pins_fields_and_sides0B7_
FN:425,_RNCNvNtNtCs5yYU9hOi4Qc_6domain11render_spec5testss_37share_card_spec_pins_fields_and_sidess0_0B7_
FN:435,_RNCNvNtNtCs5yYU9hOi4Qc_6domain11render_spec5testss_37share_card_spec_pins_fields_and_sidess1_0B7_
FN:418,_RNCNvNtNtCs5yYU9hOi4Qc_6domain11render_spec5testss_37share_card_spec_pins_fields_and_sidess_0B7_
FN:376,_RNCNvNtNtCs5yYU9hOi4Qc_6domain11render_spec5testss_44poster_spec_pins_layout_and_escapes_at_build0B7_
FN:354,_RNvNtNtCs5yYU9hOi4Qc_6domain11render_spec5testss_27wrapping_rejects_zero_width
FN:445,_RNvNtNtCs5yYU9hOi4Qc_6domain11render_spec5testss_31sha256_hex_matches_known_vector
FN:390,_RNvNtNtCs5yYU9hOi4Qc_6domain11render_spec5testss_35video_spec_pins_dimensions_and_wrap
FN:403,_RNvNtNtCs5yYU9hOi4Qc_6domain11render_spec5testss_37share_card_spec_pins_fields_and_sides
FN:245,_RNvNtNtCs5yYU9hOi4Qc_6domain11render_spec5testss_39escape_neutralizes_adversarial_question
FN:381,_RNvNtNtCs5yYU9hOi4Qc_6domain11render_spec5testss_40poster_spec_caps_lines_deterministically
FN:329,_RNvNtNtCs5yYU9hOi4Qc_6domain11render_spec5testss_42return_formatter_pins_sign_and_one_decimal
FN:338,_RNvNtNtCs5yYU9hOi4Qc_6domain11render_spec5testss_43wrapping_is_fixed_char_count_and_word_aware
FN:359,_RNvNtNtCs5yYU9hOi4Qc_6domain11render_spec5testss_44poster_spec_pins_layout_and_escapes_at_build
FN:318,_RNvNtNtCs5yYU9hOi4Qc_6domain11render_spec5testss_47money_formatter_is_fixed_decimal_and_truncating
FN:253,_RNvNtNtCs5yYU9hOi4Qc_6domain11render_spec5testss_50escape_handles_every_special_and_passes_plain_text
FN:140,_RNvNtCs5yYU9hOi4Qc_6domain11render_spec10sha256_hex
FN:180,_RNvNtCs5yYU9hOi4Qc_6domain11render_spec10video_spec
FN:96,_RNvNtCs5yYU9hOi4Qc_6domain11render_spec10wrap_chars
FN:58,_RNvNtCs5yYU9hOi4Qc_6domain11render_spec11escape_text
FN:161,_RNvNtCs5yYU9hOi4Qc_6domain11render_spec11poster_spec
FN:198,_RNvNtCs5yYU9hOi4Qc_6domain11render_spec15share_card_spec
FN:76,_RNvNtCs5yYU9hOi4Qc_6domain11render_spec16format_micro_usd
FN:84,_RNvNtCs5yYU9hOi4Qc_6domain11render_spec17format_return_bps
FN:149,_RNvNtCs5yYU9hOi4Qc_6domain11render_spec3run
FNDA:1285,_RNCNCNvNtNtCs5yYU9hOi4Qc_6domain11render_spec5testss_46spec_builders_apply_pinned_wrapping_and_layouts_00B9_
FNDA:1285,_RNCNCNvNtNtCs5yYU9hOi4Qc_6domain11render_spec5testss_46spec_builders_apply_pinned_wrapping_and_layouts_0s0_0B9_
FNDA:1446,_RNCNCNvNtNtCs5yYU9hOi4Qc_6domain11render_spec5testss_46spec_builders_apply_pinned_wrapping_and_layouts_0s1_0B9_
FNDA:1446,_RNCNCNvNtNtCs5yYU9hOi4Qc_6domain11render_spec5testss_46spec_builders_apply_pinned_wrapping_and_layouts_0s_0B9_
FNDA:6,_RNCNvNtNtCs5yYU9hOi4Qc_6domain11render_spec5testss_37share_card_spec_pins_fields_and_sides0B7_
FNDA:4,_RNCNvNtNtCs5yYU9hOi4Qc_6domain11render_spec5testss_37share_card_spec_pins_fields_and_sidess0_0B7_
FNDA:6,_RNCNvNtNtCs5yYU9hOi4Qc_6domain11render_spec5testss_37share_card_spec_pins_fields_and_sidess1_0B7_
FNDA:4,_RNCNvNtNtCs5yYU9hOi4Qc_6domain11render_spec5testss_37share_card_spec_pins_fields_and_sidess_0B7_
FNDA:3,_RNCNvNtNtCs5yYU9hOi4Qc_6domain11render_spec5testss_44poster_spec_pins_layout_and_escapes_at_build0B7_
FNDA:1,_RNvNtNtCs5yYU9hOi4Qc_6domain11render_spec5testss_27wrapping_rejects_zero_width
FNDA:1,_RNvNtNtCs5yYU9hOi4Qc_6domain11render_spec5testss_31sha256_hex_matches_known_vector
FNDA:1,_RNvNtNtCs5yYU9hOi4Qc_6domain11render_spec5testss_35video_spec_pins_dimensions_and_wrap
FNDA:1,_RNvNtNtCs5yYU9hOi4Qc_6domain11render_spec5testss_37share_card_spec_pins_fields_and_sides
FNDA:1,_RNvNtNtCs5yYU9hOi4Qc_6domain11render_spec5testss_39escape_neutralizes_adversarial_question
FNDA:1,_RNvNtNtCs5yYU9hOi4Qc_6domain11render_spec5testss_40poster_spec_caps_lines_deterministically
FNDA:1,_RNvNtNtCs5yYU9hOi4Qc_6domain11render_spec5testss_42return_formatter_pins_sign_and_one_decimal
FNDA:1,_RNvNtNtCs5yYU9hOi4Qc_6domain11render_spec5testss_43wrapping_is_fixed_char_count_and_word_aware
FNDA:1,_RNvNtNtCs5yYU9hOi4Qc_6domain11render_spec5testss_44poster_spec_pins_layout_and_escapes_at_build
FNDA:1,_RNvNtNtCs5yYU9hOi4Qc_6domain11render_spec5testss_47money_formatter_is_fixed_decimal_and_truncating
FNDA:1,_RNvNtNtCs5yYU9hOi4Qc_6domain11render_spec5testss_50escape_handles_every_special_and_passes_plain_text
FNDA:2,_RNvNtCs5yYU9hOi4Qc_6domain11render_spec10sha256_hex
FNDA:258,_RNvNtCs5yYU9hOi4Qc_6domain11render_spec10video_spec
FNDA:1042,_RNvNtCs5yYU9hOi4Qc_6domain11render_spec10wrap_chars
FNDA:6805,_RNvNtCs5yYU9hOi4Qc_6domain11render_spec11escape_text
FNDA:259,_RNvNtCs5yYU9hOi4Qc_6domain11render_spec11poster_spec
FNDA:4,_RNvNtCs5yYU9hOi4Qc_6domain11render_spec15share_card_spec
FNDA:11,_RNvNtCs5yYU9hOi4Qc_6domain11render_spec16format_micro_usd
FNDA:9,_RNvNtCs5yYU9hOi4Qc_6domain11render_spec17format_return_bps
FNDA:3814,_RNvNtCs5yYU9hOi4Qc_6domain11render_spec3run
FNF:29
FNH:29
DA:58,6805
DA:59,6805
DA:60,110552
DA:61,110552
DA:62,1990
DA:63,2036
DA:64,286
DA:65,2017
DA:66,1967
DA:67,102256
DA:70,6805
DA:71,6805
DA:76,11
DA:77,11
DA:78,11
DA:79,11
DA:80,11
DA:84,9
DA:85,9
DA:86,9
DA:87,9
DA:88,9
DA:96,1042
DA:97,1042
DA:98,1041
DA:99,1041
DA:100,1041
DA:101,6858
DA:102,6858
DA:103,6858
DA:104,1245
DA:105,1049
DA:106,1049
DA:107,1049
DA:108,1245
DA:109,2819
DA:110,2819
DA:111,1596
DA:112,1596
DA:113,1223
DA:114,1223
DA:115,1223
DA:117,1245
DA:118,5613
DA:119,5613
DA:120,850
DA:121,850
DA:122,4763
DA:123,2665
DA:124,2665
DA:125,2665
DA:126,2665
DA:127,2098
DA:128,2098
DA:129,2098
DA:130,2098
DA:132,1041
DA:133,1024
DA:134,1024
DA:135,1041
DA:136,1041
DA:140,2
DA:141,2
DA:142,2
DA:143,64
DA:144,64
DA:145,64
DA:146,2
DA:147,2
DA:149,3814
DA:150,3814
DA:151,3814
DA:152,3814
DA:153,3814
DA:154,3814
DA:155,3814
DA:156,3814
DA:157,3814
DA:161,259
DA:162,259
DA:163,1296
DA:164,1296
DA:165,1296
DA:166,1296
DA:167,259
DA:168,259
DA:169,259
DA:170,259
DA:171,259
DA:172,259
DA:173,259
DA:174,259
DA:175,259
DA:180,258
DA:181,258
DA:182,1458
DA:183,1458
DA:184,1458
DA:185,1458
DA:186,258
DA:187,258
DA:188,258
DA:189,258
DA:190,258
DA:191,258
DA:192,258
DA:193,258
DA:194,258
DA:198,4
DA:199,4
DA:200,4
DA:201,4
DA:203,6
DA:204,6
DA:205,6
DA:206,6
DA:207,4
DA:208,2
DA:210,2
DA:212,4
DA:213,4
DA:217,4
DA:218,4
DA:220,4
DA:224,4
DA:225,4
DA:227,4
DA:228,4
DA:229,4
DA:230,4
DA:231,4
DA:232,4
DA:233,4
DA:234,4
DA:245,1
DA:246,1
DA:247,1
DA:250,1
DA:253,1
DA:254,1
DA:255,1
DA:256,1
DA:257,1
DA:290,1285
DA:295,1446
DA:303,1285
DA:310,1446
DA:318,1
DA:319,1
DA:320,1
DA:321,1
DA:322,1
DA:323,1
DA:324,1
DA:325,1
DA:326,1
DA:329,1
DA:330,1
DA:331,1
DA:332,1
DA:333,1
DA:334,1
DA:335,1
DA:338,1
DA:339,1
DA:340,1
DA:341,1
DA:342,1
DA:343,1
DA:344,1
DA:345,1
DA:346,1
DA:348,1
DA:349,1
DA:350,1
DA:354,1
DA:355,1
DA:356,1
DA:359,1
DA:360,1
DA:361,1
DA:362,1
DA:363,1
DA:364,1
DA:365,1
DA:366,1
DA:367,1
DA:368,1
DA:371,1
DA:372,1
DA:373,1
DA:375,1
DA:376,3
DA:377,1
DA:378,1
DA:381,1
DA:382,1
DA:383,1
DA:385,1
DA:386,1
DA:387,1
DA:390,1
DA:391,1
DA:392,1
DA:393,1
DA:394,1
DA:395,1
DA:396,1
DA:397,1
DA:398,1
DA:399,1
DA:400,1
DA:403,1
DA:404,1
DA:405,1
DA:406,1
DA:407,1
DA:408,1
DA:409,1
DA:410,1
DA:411,1
DA:412,1
DA:413,1
DA:414,6
DA:415,1
DA:416,1
DA:417,1
DA:418,4
DA:419,1
DA:421,1
DA:422,1
DA:423,1
DA:424,1
DA:425,4
DA:426,1
DA:428,1
DA:429,1
DA:430,1
DA:431,1
DA:432,1
DA:433,1
DA:434,1
DA:435,6
DA:437,1
DA:438,1
DA:439,1
DA:440,1
DA:441,1
DA:442,1
DA:445,1
DA:446,1
DA:447,1
DA:450,1
DA:451,1
BRF:0
BRH:0
LF:259
LH:259
end_of_record
SF:/Users/mrrobot/Documents/personal/opinions/crates/domain/src/reputation.rs
FN:76,_RNvNtNtCs5yYU9hOi4Qc_6domain10reputation5tests8repeated
FN:70,_RNvNtNtCs5yYU9hOi4Qc_6domain10reputation5testss_31coefficients_are_exactly_pinned
FN:106,_RNvNtNtCs5yYU9hOi4Qc_6domain10reputation5testss_38movement_is_monotonic_toward_the_score
FN:112,_RNvNtNtCs5yYU9hOi4Qc_6domain10reputation5testss_42tier_thresholds_are_inclusive_lower_bounds
FN:84,_RNvNtNtCs5yYU9hOi4Qc_6domain10reputation5testss_43integer_recurrence_golden_vectors_are_exact
FN:94,_RNvNtNtCs5yYU9hOi4Qc_6domain10reputation5testss_45bounds_are_fixed_points_and_inputs_are_closed
FN:18,_RNvMNtCs5yYU9hOi4Qc_6domain10reputationNtB2_8HalfLife5k_ppm
FN:44,_RNvNtCs5yYU9hOi4Qc_6domain10reputation10update_rep
FN:57,_RNvNtCs5yYU9hOi4Qc_6domain10reputation8tier_for
FN:58,_RNCNvNtCs5yYU9hOi4Qc_6domain10reputation8tier_for0B5_
FNDA:6,_RNvNtNtCs5yYU9hOi4Qc_6domain10reputation5tests8repeated
FNDA:1,_RNvNtNtCs5yYU9hOi4Qc_6domain10reputation5testss_31coefficients_are_exactly_pinned
FNDA:1,_RNvNtNtCs5yYU9hOi4Qc_6domain10reputation5testss_38movement_is_monotonic_toward_the_score
FNDA:1,_RNvNtNtCs5yYU9hOi4Qc_6domain10reputation5testss_42tier_thresholds_are_inclusive_lower_bounds
FNDA:1,_RNvNtNtCs5yYU9hOi4Qc_6domain10reputation5testss_43integer_recurrence_golden_vectors_are_exact
FNDA:1,_RNvNtNtCs5yYU9hOi4Qc_6domain10reputation5testss_45bounds_are_fixed_points_and_inputs_are_closed
FNDA:147,_RNvMNtCs5yYU9hOi4Qc_6domain10reputationNtB2_8HalfLife5k_ppm
FNDA:148,_RNvNtCs5yYU9hOi4Qc_6domain10reputation10update_rep
FNDA:5,_RNvNtCs5yYU9hOi4Qc_6domain10reputation8tier_for
FNDA:20,_RNCNvNtCs5yYU9hOi4Qc_6domain10reputation8tier_for0B5_
FNF:10
FNH:10
DA:18,147
DA:19,147
DA:20,21
DA:21,45
DA:22,81
DA:24,147
DA:44,148
DA:45,148
DA:46,4
DA:47,144
DA:48,144
DA:49,144
DA:50,144
DA:51,144
DA:52,148
DA:57,5
DA:58,20
DA:59,20
DA:60,20
DA:61,5
DA:70,1
DA:71,1
DA:72,1
DA:73,1
DA:74,1
DA:76,6
DA:77,140
DA:78,140
DA:79,140
DA:80,6
DA:81,6
DA:84,1
DA:85,1
DA:86,1
DA:87,1
DA:88,1
DA:89,1
DA:90,1
DA:91,1
DA:94,1
DA:95,1
DA:96,1
DA:97,4
DA:98,4
DA:99,4
DA:103,1
DA:106,1
DA:107,1
DA:108,1
DA:109,1
DA:112,1
DA:113,1
DA:114,1
DA:115,1
DA:116,1
DA:117,1
DA:118,1
DA:119,1
BRF:0
BRH:0
LF:59
LH:59
end_of_record
SF:/Users/mrrobot/Documents/personal/opinions/crates/domain/src/resolution.rs
FN:37,_RNvNtCs5yYU9hOi4Qc_6domain10resolution11redemptions
FN:80,_RNvNtCs5yYU9hOi4Qc_6domain10resolution13settle_market
FN:52,_RNvNtCs5yYU9hOi4Qc_6domain10resolution15position_payout
FN:165,_RNvNtNtCs5yYU9hOi4Qc_6domain10resolution5tests7account
FN:196,_RNvNtNtCs5yYU9hOi4Qc_6domain10resolution5testss_27payout_overflow_is_rejected
FN:241,_RNvNtNtCs5yYU9hOi4Qc_6domain10resolution5testss_38missing_pool_inventory_is_a_hard_error
FN:183,_RNvNtNtCs5yYU9hOi4Qc_6domain10resolution5testss_38redemption_rejects_out_of_range_actual
FN:277,_RNvNtNtCs5yYU9hOi4Qc_6domain10resolution5testss_42invalid_settlement_quantities_are_rejected
FN:297,_RNvNtNtCs5yYU9hOi4Qc_6domain10resolution5testss_48empty_zero_market_violates_the_strict_dust_bound
FN:170,_RNvNtNtCs5yYU9hOi4Qc_6domain10resolution5testss_50redemption_extremes_and_midpoint_sum_to_one_dollar
FN:308,_RNvNtNtCs5yYU9hOi4Qc_6domain10resolution5testss_52maximal_fractional_residue_stays_below_holding_count
FN:261,_RNvNtNtCs5yYU9hOi4Qc_6domain10resolution5testss_52one_holding_cannot_represent_a_positive_complete_set
FN:188,_RNvNtNtCs5yYU9hOi4Qc_6domain10resolution5testss_55one_whole_yes_share_at_seventy_three_point_five_percent
FN:212,_RNvNtNtCs5yYU9hOi4Qc_6domain10resolution5testss_55settlement_includes_pool_inventory_and_conserves_escrow
FN:234,_RNCNvNtNtCs5yYU9hOi4Qc_6domain10resolution5testss_55settlement_includes_pool_inventory_and_conserves_escrows_0B7_
FNDA:268,_RNvNtCs5yYU9hOi4Qc_6domain10resolution11redemptions
FNDA:264,_RNvNtCs5yYU9hOi4Qc_6domain10resolution13settle_market
FNDA:1034,_RNvNtCs5yYU9hOi4Qc_6domain10resolution15position_payout
FNDA:520,_RNvNtNtCs5yYU9hOi4Qc_6domain10resolution5tests7account
FNDA:1,_RNvNtNtCs5yYU9hOi4Qc_6domain10resolution5testss_27payout_overflow_is_rejected
FNDA:1,_RNvNtNtCs5yYU9hOi4Qc_6domain10resolution5testss_38missing_pool_inventory_is_a_hard_error
FNDA:1,_RNvNtNtCs5yYU9hOi4Qc_6domain10resolution5testss_38redemption_rejects_out_of_range_actual
FNDA:1,_RNvNtNtCs5yYU9hOi4Qc_6domain10resolution5testss_42invalid_settlement_quantities_are_rejected
FNDA:1,_RNvNtNtCs5yYU9hOi4Qc_6domain10resolution5testss_48empty_zero_market_violates_the_strict_dust_bound
FNDA:1,_RNvNtNtCs5yYU9hOi4Qc_6domain10resolution5testss_50redemption_extremes_and_midpoint_sum_to_one_dollar
FNDA:1,_RNvNtNtCs5yYU9hOi4Qc_6domain10resolution5testss_52maximal_fractional_residue_stays_below_holding_count
FNDA:1,_RNvNtNtCs5yYU9hOi4Qc_6domain10resolution5testss_52one_holding_cannot_represent_a_positive_complete_set
FNDA:1,_RNvNtNtCs5yYU9hOi4Qc_6domain10resolution5testss_55one_whole_yes_share_at_seventy_three_point_five_percent
FNDA:1,_RNvNtNtCs5yYU9hOi4Qc_6domain10resolution5testss_55settlement_includes_pool_inventory_and_conserves_escrow
FNDA:4,_RNCNvNtNtCs5yYU9hOi4Qc_6domain10resolution5testss_55settlement_includes_pool_inventory_and_conserves_escrows_0B7_
FNF:15
FNH:15
DA:37,268
DA:38,268
DA:39,2
DA:40,266
DA:42,266
DA:43,266
DA:44,268
DA:52,1034
DA:53,1034
DA:54,1034
DA:55,1034
DA:56,1034
DA:57,2
DA:58,1032
DA:60,1032
DA:61,1032
DA:62,1032
DA:63,1032
DA:64,1034
DA:80,264
DA:81,264
DA:82,264
DA:83,264
DA:84,264
DA:85,264
DA:86,263
DA:87,1
DA:88,262
DA:90,262
DA:91,262
DA:92,262
DA:93,1035
DA:94,1035
DA:95,1
DA:96,1034
DA:97,1034
DA:98,517
DA:99,517
DA:101,1034
DA:102,1034
DA:103,1034
DA:106,261
DA:107,261
DA:108,1
DA:109,1
DA:110,1
DA:111,1
DA:112,1
DA:113,260
DA:114,260
DA:115,1
DA:116,1
DA:117,1
DA:118,1
DA:119,1
DA:120,259
DA:122,259
DA:123,259
DA:124,1030
DA:125,1030
DA:126,515
DA:127,515
DA:129,1030
DA:130,1030
DA:131,1030
DA:132,1030
DA:133,1030
DA:136,259
DA:139,259
DA:140,259
DA:141,259
DA:142,259
DA:143,259
DA:144,259
DA:145,259
DA:146,259
DA:147,1
DA:148,1
DA:149,1
DA:150,1
DA:151,1
DA:152,258
DA:154,258
DA:155,264
DA:165,520
DA:166,520
DA:167,520
DA:170,1
DA:171,3
DA:172,1
DA:173,1
DA:174,1
DA:175,1
DA:176,3
DA:177,3
DA:178,3
DA:180,1
DA:183,1
DA:184,1
DA:185,1
DA:188,1
DA:189,1
DA:190,1
DA:193,1
DA:196,1
DA:197,1
DA:198,1
DA:201,1
DA:202,1
DA:205,1
DA:206,1
DA:209,1
DA:212,1
DA:213,1
DA:214,1
DA:215,1
DA:216,1
DA:217,1
DA:218,1
DA:219,1
DA:220,1
DA:221,1
DA:223,1
DA:224,1
DA:226,1
DA:227,1
DA:228,1
DA:229,1
DA:230,1
DA:231,1
DA:232,1
DA:233,1
DA:234,4
DA:235,1
DA:238,1
DA:241,1
DA:242,1
DA:243,1
DA:244,1
DA:245,1
DA:246,1
DA:247,1
DA:248,1
DA:249,1
DA:251,1
DA:252,1
DA:253,1
DA:254,1
DA:255,1
DA:256,1
DA:258,1
DA:261,1
DA:262,1
DA:263,1
DA:264,1
DA:265,1
DA:267,1
DA:269,1
DA:270,1
DA:271,1
DA:272,1
DA:274,1
DA:277,1
DA:278,1
DA:279,1
DA:282,1
DA:283,1
DA:286,1
DA:287,1
DA:288,1
DA:290,1
DA:294,1
DA:297,1
DA:298,1
DA:299,1
DA:305,1
DA:308,1
DA:309,1
DA:310,1
DA:311,1
DA:312,1
DA:313,1
DA:314,1
DA:316,1
DA:318,1
DA:320,1
DA:321,1
DA:322,1
BRF:0
BRH:0
LF:189
LH:189
end_of_record
SF:/Users/mrrobot/Documents/personal/opinions/crates/domain/src/scoring.rs
FN:30,_RNvNtCs5yYU9hOi4Qc_6domain7scoring10score_vote
FN:92,_RNvNtNtCs5yYU9hOi4Qc_6domain7scoring5testss_32no_majority_wins_below_half_only
FN:103,_RNvNtNtCs5yYU9hOi4Qc_6domain7scoring5testss_32out_of_range_inputs_are_rejected
FN:68,_RNvNtNtCs5yYU9hOi4Qc_6domain7scoring5testss_35accuracy_kernel_has_exact_landmarks
FN:98,_RNvNtNtCs5yYU9hOi4Qc_6domain7scoring5testss_49perfect_guess_on_winning_side_scores_ten_thousand
FN:78,_RNvNtNtCs5yYU9hOi4Qc_6domain7scoring5testss_53yes_majority_straddles_half_and_tie_awards_both_sides
FNDA:524,_RNvNtCs5yYU9hOi4Qc_6domain7scoring10score_vote
FNDA:1,_RNvNtNtCs5yYU9hOi4Qc_6domain7scoring5testss_32no_majority_wins_below_half_only
FNDA:1,_RNvNtNtCs5yYU9hOi4Qc_6domain7scoring5testss_32out_of_range_inputs_are_rejected
FNDA:1,_RNvNtNtCs5yYU9hOi4Qc_6domain7scoring5testss_35accuracy_kernel_has_exact_landmarks
FNDA:1,_RNvNtNtCs5yYU9hOi4Qc_6domain7scoring5testss_49perfect_guess_on_winning_side_scores_ten_thousand
FNDA:1,_RNvNtNtCs5yYU9hOi4Qc_6domain7scoring5testss_53yes_majority_straddles_half_and_tie_awards_both_sides
FNF:6
FNH:6
DA:30,524
DA:31,524
DA:32,524
DA:33,524
DA:34,524
DA:35,524
DA:36,1
DA:37,523
DA:38,523
DA:39,1
DA:40,522
DA:42,522
DA:43,522
DA:44,522
DA:45,522
DA:46,519
DA:47,391
DA:48,522
DA:51,522
DA:53,522
DA:54,522
DA:55,522
DA:56,522
DA:57,522
DA:58,524
DA:68,1
DA:69,1
DA:70,1
DA:73,1
DA:74,1
DA:75,1
DA:78,1
DA:79,1
DA:80,1
DA:83,1
DA:84,1
DA:85,1
DA:88,1
DA:89,1
DA:92,1
DA:93,1
DA:94,1
DA:95,1
DA:98,1
DA:99,1
DA:100,1
DA:103,1
DA:104,1
DA:105,1
DA:108,1
DA:109,1
DA:112,1
BRF:0
BRH:0
LF:52
LH:52
end_of_record