SF:/Users/mrrobot/Documents/personal/opinions/crates/simswarm/src/chaos.rs
FN:40,_RNvMNtCs59zpMsmdEXs_8simswarm5chaosNtB2_13NamedScenario6as_str
FN:166,_RNvMs1_NtCs59zpMsmdEXs_8simswarm5chaosNtB5_12WebhookStorm3new
FN:81,_RNvNtCs59zpMsmdEXs_8simswarm5chaos17require_child_pid
FN:85,_RNvNtCs59zpMsmdEXs_8simswarm5chaos19require_kill_status
FN:109,_RNvXsq_NtCs59zpMsmdEXs_8simswarm5chaosNtB5_9TokioExecNtNtB7_5ports4Exec4kill
FN:101,_RNvXsq_NtCs59zpMsmdEXs_8simswarm5chaosNtB5_9TokioExecNtNtB7_5ports4Exec5spawn
FN:573,_RNCNCNvNtNtCs59zpMsmdEXs_8simswarm5chaos10wave_testss_60duplicate_and_storm_preserve_payload_and_idempotency_headers00B9_
FN:599,_RNCNvNtNtCs59zpMsmdEXs_8simswarm5chaos10wave_testss_35fake_webhook_transport_rejects_gets0B7_
FN:604,_RNCNvNtNtCs59zpMsmdEXs_8simswarm5chaos10wave_testss_44ws_severer_delegates_to_the_process_boundary0B7_
FN:518,_RNCNvNtNtCs59zpMsmdEXs_8simswarm5chaos10wave_testss_45tokio_exec_spawns_and_sigkills_real_processes0B7_
FN:579,_RNCNvNtNtCs59zpMsmdEXs_8simswarm5chaos10wave_testss_45webhook_failures_and_invalid_storms_are_typed0B7_
FN:611,_RNCNvNtNtCs59zpMsmdEXs_8simswarm5chaos10wave_testss_50crash_barrier_removes_stale_ready_waits_then_kills0B7_
FN:477,_RNCNvNtNtCs59zpMsmdEXs_8simswarm5chaos10wave_testss_52process_controller_starts_stops_and_restarts_exactly0B7_
FN:496,_RNCNvNtNtCs59zpMsmdEXs_8simswarm5chaos10wave_testss_53process_controller_propagates_spawn_and_kill_failures0B7_
FN:542,_RNCNvNtNtCs59zpMsmdEXs_8simswarm5chaos10wave_testss_60duplicate_and_storm_preserve_payload_and_idempotency_headers0B7_
FN:638,_RNCNvNtNtCs59zpMsmdEXs_8simswarm5chaos10wave_testss_61crash_barrier_rejects_bad_plans_and_times_out_without_killing0B7_
FN:276,_RINvMs4_NtCs59zpMsmdEXs_8simswarm5chaosNtB6_16CrashBarrierPlan3newRNtNtCsa9BKTri5B3M_3std4path7PathBufEB8_
FN:65,_RINvMs_NtCs59zpMsmdEXs_8simswarm5chaosNtB5_11ProcessSpec3newARej2_BX_BX_EB7_
FN:65,_RINvMs_NtCs59zpMsmdEXs_8simswarm5chaosNtB5_11ProcessSpec3newINtNtNtNtCsgtPOCBgevO_4core4iter7sources5empty5EmptyReEB1M_B1M_EB7_
FN:105,_RNCNCNvXsq_NtCs59zpMsmdEXs_8simswarm5chaosNtB9_9TokioExecNtNtBb_5ports4Exec5spawn00Bb_
FN:139,_RNCNvMs0_NtCs59zpMsmdEXs_8simswarm5chaosINtB7_17ProcessControllerNtNtB7_10wave_tests8FakeExecE4stop0B9_
FN:133,_RNCNvMs0_NtCs59zpMsmdEXs_8simswarm5chaosINtB7_17ProcessControllerNtNtB7_10wave_tests8FakeExecE5start0B9_
FN:148,_RNCNvMs0_NtCs59zpMsmdEXs_8simswarm5chaosINtB7_17ProcessControllerNtNtB7_10wave_tests8FakeExecE7restart0B9_
FN:203,_RNCNvMs2_NtCs59zpMsmdEXs_8simswarm5chaosINtB7_17WebhookControllerNtNtB7_10wave_tests13FakeTransportNtB13_11FakeSleeperE4post0B9_
FN:231,_RNCNvMs2_NtCs59zpMsmdEXs_8simswarm5chaosINtB7_17WebhookControllerNtNtB7_10wave_tests13FakeTransportNtB13_11FakeSleeperE5storm0B9_
FN:217,_RNCNvMs2_NtCs59zpMsmdEXs_8simswarm5chaosINtB7_17WebhookControllerNtNtB7_10wave_tests13FakeTransportNtB13_11FakeSleeperE9duplicate0B9_
FN:259,_RNCNvMs3_NtCs59zpMsmdEXs_8simswarm5chaosINtB7_9WsSevererNtNtB7_10wave_tests8FakeExecE5sever0B9_
FN:325,_RNCNvMs5_NtCs59zpMsmdEXs_8simswarm5chaosINtB7_22CrashBarrierControllerNtNtB7_10wave_tests8FakeExecNtB18_11FakeSleeperE17arm_wait_and_kill0B9_
FN:82,_RNCNvNtCs59zpMsmdEXs_8simswarm5chaos17require_child_pid0B5_
FN:89,_RNCNvNtCs59zpMsmdEXs_8simswarm5chaos19require_kill_status0B5_
FN:127,_RNvMs0_NtCs59zpMsmdEXs_8simswarm5chaosINtB5_17ProcessControllerNtNtB5_10wave_tests8FakeExecE3newB7_
FN:139,_RNvMs0_NtCs59zpMsmdEXs_8simswarm5chaosINtB5_17ProcessControllerNtNtB5_10wave_tests8FakeExecE4stopB7_
FN:133,_RNvMs0_NtCs59zpMsmdEXs_8simswarm5chaosINtB5_17ProcessControllerNtNtB5_10wave_tests8FakeExecE5startB7_
FN:148,_RNvMs0_NtCs59zpMsmdEXs_8simswarm5chaosINtB5_17ProcessControllerNtNtB5_10wave_tests8FakeExecE7restartB7_
FN:194,_RNvMs2_NtCs59zpMsmdEXs_8simswarm5chaosINtB5_17WebhookControllerNtNtB5_10wave_tests13FakeTransportNtB11_11FakeSleeperE3newB7_
FN:198,_RNvMs2_NtCs59zpMsmdEXs_8simswarm5chaosINtB5_17WebhookControllerNtNtB5_10wave_tests13FakeTransportNtB11_11FakeSleeperE4postB7_
FN:225,_RNvMs2_NtCs59zpMsmdEXs_8simswarm5chaosINtB5_17WebhookControllerNtNtB5_10wave_tests13FakeTransportNtB11_11FakeSleeperE5stormB7_
FN:212,_RNvMs2_NtCs59zpMsmdEXs_8simswarm5chaosINtB5_17WebhookControllerNtNtB5_10wave_tests13FakeTransportNtB11_11FakeSleeperE9duplicateB7_
FN:253,_RNvMs3_NtCs59zpMsmdEXs_8simswarm5chaosINtB5_9WsSevererNtNtB5_10wave_tests8FakeExecE3newB7_
FN:259,_RNvMs3_NtCs59zpMsmdEXs_8simswarm5chaosINtB5_9WsSevererNtNtB5_10wave_tests8FakeExecE5severB7_
FN:321,_RNvMs5_NtCs59zpMsmdEXs_8simswarm5chaosINtB5_22CrashBarrierControllerNtNtB5_10wave_tests8FakeExecNtB16_11FakeSleeperE17arm_wait_and_killB7_
FN:308,_RNvMs5_NtCs59zpMsmdEXs_8simswarm5chaosINtB5_22CrashBarrierControllerNtNtB5_10wave_tests8FakeExecNtB16_11FakeSleeperE22remove_stale_readinessB7_
FN:304,_RNvMs5_NtCs59zpMsmdEXs_8simswarm5chaosINtB5_22CrashBarrierControllerNtNtB5_10wave_tests8FakeExecNtB16_11FakeSleeperE3newB7_
FN:442,_RNvNtNtCs59zpMsmdEXs_8simswarm5chaos10wave_tests9temp_file
FN:599,_RNvNtNtCs59zpMsmdEXs_8simswarm5chaos10wave_testss_35fake_webhook_transport_rejects_gets
FN:604,_RNvNtNtCs59zpMsmdEXs_8simswarm5chaos10wave_testss_44ws_severer_delegates_to_the_process_boundary
FN:450,_RNvNtNtCs59zpMsmdEXs_8simswarm5chaos10wave_testss_45named_scenario_catalog_is_complete_and_stable
FN:518,_RNvNtNtCs59zpMsmdEXs_8simswarm5chaos10wave_testss_45tokio_exec_spawns_and_sigkills_real_processes
FN:579,_RNvNtNtCs59zpMsmdEXs_8simswarm5chaos10wave_testss_45webhook_failures_and_invalid_storms_are_typed
FN:611,_RNvNtNtCs59zpMsmdEXs_8simswarm5chaos10wave_testss_50crash_barrier_removes_stale_ready_waits_then_kills
FN:655,_RNvNtNtCs59zpMsmdEXs_8simswarm5chaos10wave_testss_52crash_barrier_reports_stale_readiness_cleanup_errors
FN:477,_RNvNtNtCs59zpMsmdEXs_8simswarm5chaos10wave_testss_52process_controller_starts_stops_and_restarts_exactly
FN:496,_RNvNtNtCs59zpMsmdEXs_8simswarm5chaos10wave_testss_53process_controller_propagates_spawn_and_kill_failures
FN:542,_RNvNtNtCs59zpMsmdEXs_8simswarm5chaos10wave_testss_60duplicate_and_storm_preserve_payload_and_idempotency_headers
FN:638,_RNvNtNtCs59zpMsmdEXs_8simswarm5chaos10wave_testss_61crash_barrier_rejects_bad_plans_and_times_out_without_killing
FN:530,_RNvNtNtCs59zpMsmdEXs_8simswarm5chaos10wave_testss_63tokio_process_boundary_maps_missing_pid_and_spawned_kill_errors
FN:401,_RNvXs1_NtNtCs59zpMsmdEXs_8simswarm5chaos10wave_testsNtB5_11FakeSleeperNtNtB9_5ports7Sleeper5sleep
FN:420,_RNvXs3_NtNtCs59zpMsmdEXs_8simswarm5chaos10wave_testsNtB5_13FakeTransportNtNtB9_5ports9Transport8get_json
FN:431,_RNvXs3_NtNtCs59zpMsmdEXs_8simswarm5chaos10wave_testsNtB5_13FakeTransportNtNtB9_5ports9Transport9post_json
FN:383,_RNvXs_NtNtCs59zpMsmdEXs_8simswarm5chaos10wave_testsNtB4_8FakeExecNtNtB8_5ports4Exec4kill
FN:371,_RNvXs_NtNtCs59zpMsmdEXs_8simswarm5chaos10wave_testsNtB4_8FakeExecNtNtB8_5ports4Exec5spawn
FNDA:10,_RNvMNtCs59zpMsmdEXs_8simswarm5chaosNtB2_13NamedScenario6as_str
FNDA:3,_RNvMs1_NtCs59zpMsmdEXs_8simswarm5chaosNtB5_12WebhookStorm3new
FNDA:2,_RNvNtCs59zpMsmdEXs_8simswarm5chaos17require_child_pid
FNDA:3,_RNvNtCs59zpMsmdEXs_8simswarm5chaos19require_kill_status
FNDA:2,_RNvXsq_NtCs59zpMsmdEXs_8simswarm5chaosNtB5_9TokioExecNtNtB7_5ports4Exec4kill
FNDA:2,_RNvXsq_NtCs59zpMsmdEXs_8simswarm5chaosNtB5_9TokioExecNtNtB7_5ports4Exec5spawn
FNDA:8,_RNCNCNvNtNtCs59zpMsmdEXs_8simswarm5chaos10wave_testss_60duplicate_and_storm_preserve_payload_and_idempotency_headers00B9_
FNDA:1,_RNCNvNtNtCs59zpMsmdEXs_8simswarm5chaos10wave_testss_35fake_webhook_transport_rejects_gets0B7_
FNDA:1,_RNCNvNtNtCs59zpMsmdEXs_8simswarm5chaos10wave_testss_44ws_severer_delegates_to_the_process_boundary0B7_
FNDA:1,_RNCNvNtNtCs59zpMsmdEXs_8simswarm5chaos10wave_testss_45tokio_exec_spawns_and_sigkills_real_processes0B7_
FNDA:1,_RNCNvNtNtCs59zpMsmdEXs_8simswarm5chaos10wave_testss_45webhook_failures_and_invalid_storms_are_typed0B7_
FNDA:1,_RNCNvNtNtCs59zpMsmdEXs_8simswarm5chaos10wave_testss_50crash_barrier_removes_stale_ready_waits_then_kills0B7_
FNDA:1,_RNCNvNtNtCs59zpMsmdEXs_8simswarm5chaos10wave_testss_52process_controller_starts_stops_and_restarts_exactly0B7_
FNDA:1,_RNCNvNtNtCs59zpMsmdEXs_8simswarm5chaos10wave_testss_53process_controller_propagates_spawn_and_kill_failures0B7_
FNDA:1,_RNCNvNtNtCs59zpMsmdEXs_8simswarm5chaos10wave_testss_60duplicate_and_storm_preserve_payload_and_idempotency_headers0B7_
FNDA:1,_RNCNvNtNtCs59zpMsmdEXs_8simswarm5chaos10wave_testss_61crash_barrier_rejects_bad_plans_and_times_out_without_killing0B7_
FNDA:3,_RINvMs4_NtCs59zpMsmdEXs_8simswarm5chaosNtB6_16CrashBarrierPlan3newRNtNtCsa9BKTri5B3M_3std4path7PathBufEB8_
FNDA:1,_RINvMs_NtCs59zpMsmdEXs_8simswarm5chaosNtB5_11ProcessSpec3newARej2_BX_BX_EB7_
FNDA:3,_RINvMs_NtCs59zpMsmdEXs_8simswarm5chaosNtB5_11ProcessSpec3newINtNtNtNtCsgtPOCBgevO_4core4iter7sources5empty5EmptyReEB1M_B1M_EB7_
FNDA:1,_RNCNCNvXsq_NtCs59zpMsmdEXs_8simswarm5chaosNtB9_9TokioExecNtNtBb_5ports4Exec5spawn00Bb_
FNDA:3,_RNCNvMs0_NtCs59zpMsmdEXs_8simswarm5chaosINtB7_17ProcessControllerNtNtB7_10wave_tests8FakeExecE4stop0B9_
FNDA:3,_RNCNvMs0_NtCs59zpMsmdEXs_8simswarm5chaosINtB7_17ProcessControllerNtNtB7_10wave_tests8FakeExecE5start0B9_
FNDA:2,_RNCNvMs0_NtCs59zpMsmdEXs_8simswarm5chaosINtB7_17ProcessControllerNtNtB7_10wave_tests8FakeExecE7restart0B9_
FNDA:10,_RNCNvMs2_NtCs59zpMsmdEXs_8simswarm5chaosINtB7_17WebhookControllerNtNtB7_10wave_tests13FakeTransportNtB13_11FakeSleeperE4post0B9_
FNDA:1,_RNCNvMs2_NtCs59zpMsmdEXs_8simswarm5chaosINtB7_17WebhookControllerNtNtB7_10wave_tests13FakeTransportNtB13_11FakeSleeperE5storm0B9_
FNDA:2,_RNCNvMs2_NtCs59zpMsmdEXs_8simswarm5chaosINtB7_17WebhookControllerNtNtB7_10wave_tests13FakeTransportNtB13_11FakeSleeperE9duplicate0B9_
FNDA:1,_RNCNvMs3_NtCs59zpMsmdEXs_8simswarm5chaosINtB7_9WsSevererNtNtB7_10wave_tests8FakeExecE5sever0B9_
FNDA:2,_RNCNvMs5_NtCs59zpMsmdEXs_8simswarm5chaosINtB7_22CrashBarrierControllerNtNtB7_10wave_tests8FakeExecNtB18_11FakeSleeperE17arm_wait_and_kill0B9_
FNDA:1,_RNCNvNtCs59zpMsmdEXs_8simswarm5chaos17require_child_pid0B5_
FNDA:1,_RNCNvNtCs59zpMsmdEXs_8simswarm5chaos19require_kill_status0B5_
FNDA:3,_RNvMs0_NtCs59zpMsmdEXs_8simswarm5chaosINtB5_17ProcessControllerNtNtB5_10wave_tests8FakeExecE3newB7_
FNDA:3,_RNvMs0_NtCs59zpMsmdEXs_8simswarm5chaosINtB5_17ProcessControllerNtNtB5_10wave_tests8FakeExecE4stopB7_
FNDA:3,_RNvMs0_NtCs59zpMsmdEXs_8simswarm5chaosINtB5_17ProcessControllerNtNtB5_10wave_tests8FakeExecE5startB7_
FNDA:2,_RNvMs0_NtCs59zpMsmdEXs_8simswarm5chaosINtB5_17ProcessControllerNtNtB5_10wave_tests8FakeExecE7restartB7_
FNDA:2,_RNvMs2_NtCs59zpMsmdEXs_8simswarm5chaosINtB5_17WebhookControllerNtNtB5_10wave_tests13FakeTransportNtB11_11FakeSleeperE3newB7_
FNDA:10,_RNvMs2_NtCs59zpMsmdEXs_8simswarm5chaosINtB5_17WebhookControllerNtNtB5_10wave_tests13FakeTransportNtB11_11FakeSleeperE4postB7_
FNDA:1,_RNvMs2_NtCs59zpMsmdEXs_8simswarm5chaosINtB5_17WebhookControllerNtNtB5_10wave_tests13FakeTransportNtB11_11FakeSleeperE5stormB7_
FNDA:2,_RNvMs2_NtCs59zpMsmdEXs_8simswarm5chaosINtB5_17WebhookControllerNtNtB5_10wave_tests13FakeTransportNtB11_11FakeSleeperE9duplicateB7_
FNDA:1,_RNvMs3_NtCs59zpMsmdEXs_8simswarm5chaosINtB5_9WsSevererNtNtB5_10wave_tests8FakeExecE3newB7_
FNDA:1,_RNvMs3_NtCs59zpMsmdEXs_8simswarm5chaosINtB5_9WsSevererNtNtB5_10wave_tests8FakeExecE5severB7_
FNDA:2,_RNvMs5_NtCs59zpMsmdEXs_8simswarm5chaosINtB5_22CrashBarrierControllerNtNtB5_10wave_tests8FakeExecNtB16_11FakeSleeperE17arm_wait_and_killB7_
FNDA:3,_RNvMs5_NtCs59zpMsmdEXs_8simswarm5chaosINtB5_22CrashBarrierControllerNtNtB5_10wave_tests8FakeExecNtB16_11FakeSleeperE22remove_stale_readinessB7_
FNDA:2,_RNvMs5_NtCs59zpMsmdEXs_8simswarm5chaosINtB5_22CrashBarrierControllerNtNtB5_10wave_tests8FakeExecNtB16_11FakeSleeperE3newB7_
FNDA:3,_RNvNtNtCs59zpMsmdEXs_8simswarm5chaos10wave_tests9temp_file
FNDA:1,_RNvNtNtCs59zpMsmdEXs_8simswarm5chaos10wave_testss_35fake_webhook_transport_rejects_gets
FNDA:1,_RNvNtNtCs59zpMsmdEXs_8simswarm5chaos10wave_testss_44ws_severer_delegates_to_the_process_boundary
FNDA:1,_RNvNtNtCs59zpMsmdEXs_8simswarm5chaos10wave_testss_45named_scenario_catalog_is_complete_and_stable
FNDA:1,_RNvNtNtCs59zpMsmdEXs_8simswarm5chaos10wave_testss_45tokio_exec_spawns_and_sigkills_real_processes
FNDA:1,_RNvNtNtCs59zpMsmdEXs_8simswarm5chaos10wave_testss_45webhook_failures_and_invalid_storms_are_typed
FNDA:1,_RNvNtNtCs59zpMsmdEXs_8simswarm5chaos10wave_testss_50crash_barrier_removes_stale_ready_waits_then_kills
FNDA:1,_RNvNtNtCs59zpMsmdEXs_8simswarm5chaos10wave_testss_52crash_barrier_reports_stale_readiness_cleanup_errors
FNDA:1,_RNvNtNtCs59zpMsmdEXs_8simswarm5chaos10wave_testss_52process_controller_starts_stops_and_restarts_exactly
FNDA:1,_RNvNtNtCs59zpMsmdEXs_8simswarm5chaos10wave_testss_53process_controller_propagates_spawn_and_kill_failures
FNDA:1,_RNvNtNtCs59zpMsmdEXs_8simswarm5chaos10wave_testss_60duplicate_and_storm_preserve_payload_and_idempotency_headers
FNDA:1,_RNvNtNtCs59zpMsmdEXs_8simswarm5chaos10wave_testss_61crash_barrier_rejects_bad_plans_and_times_out_without_killing
FNDA:1,_RNvNtNtCs59zpMsmdEXs_8simswarm5chaos10wave_testss_63tokio_process_boundary_maps_missing_pid_and_spawned_kill_errors
FNDA:3,_RNvXs1_NtNtCs59zpMsmdEXs_8simswarm5chaos10wave_testsNtB5_11FakeSleeperNtNtB9_5ports7Sleeper5sleep
FNDA:1,_RNvXs3_NtNtCs59zpMsmdEXs_8simswarm5chaos10wave_testsNtB5_13FakeTransportNtNtB9_5ports9Transport8get_json
FNDA:10,_RNvXs3_NtNtCs59zpMsmdEXs_8simswarm5chaos10wave_testsNtB5_13FakeTransportNtNtB9_5ports9Transport9post_json
FNDA:5,_RNvXs_NtNtCs59zpMsmdEXs_8simswarm5chaos10wave_testsNtB4_8FakeExecNtNtB8_5ports4Exec4kill
FNDA:5,_RNvXs_NtNtCs59zpMsmdEXs_8simswarm5chaos10wave_testsNtB4_8FakeExecNtNtB8_5ports4Exec5spawn
FNF:60
FNH:60
DA:40,10
DA:41,10
DA:42,1
DA:43,1
DA:44,1
DA:45,1
DA:46,1
DA:47,1
DA:48,1
DA:49,1
DA:50,1
DA:51,1
DA:53,10
DA:65,4
DA:66,4
DA:67,4
DA:68,4
DA:70,4
DA:71,4
DA:72,4
DA:73,4
DA:74,4
DA:81,2
DA:82,2
DA:83,2
DA:85,3
DA:86,3
DA:87,3
DA:88,3
DA:89,3
DA:90,2
DA:91,1
DA:93,1
DA:94,1
DA:95,1
DA:97,3
DA:101,2
DA:105,1
DA:107,2
DA:109,2
DA:116,2
DA:127,3
DA:128,3
DA:129,3
DA:133,3
DA:134,3
DA:135,3
DA:139,3
DA:140,3
DA:141,3
DA:148,2
DA:149,2
DA:150,1
DA:151,2
DA:166,3
DA:167,3
DA:168,3
DA:169,3
DA:170,3
DA:171,3
DA:172,2
DA:173,2
DA:174,2
DA:175,1
DA:176,1
DA:177,1
DA:178,1
DA:179,1
DA:180,1
DA:181,3
DA:194,2
DA:195,2
DA:196,2
DA:198,10
DA:199,10
DA:200,10
DA:201,10
DA:202,10
DA:203,10
DA:204,10
DA:205,10
DA:206,10
DA:207,10
DA:212,2
DA:213,2
DA:214,2
DA:215,2
DA:216,2
DA:217,2
DA:218,2
DA:219,2
DA:220,1
DA:221,2
DA:225,1
DA:226,1
DA:227,1
DA:228,1
DA:229,1
DA:230,1
DA:231,1
DA:232,1
DA:233,2
DA:234,2
DA:235,6
DA:237,2
DA:238,1
DA:239,1
DA:241,1
DA:242,1
DA:253,1
DA:254,1
DA:255,1
DA:259,1
DA:260,1
DA:261,1
DA:276,3
DA:277,3
DA:278,3
DA:279,3
DA:280,3
DA:281,3
DA:282,1
DA:283,1
DA:284,1
DA:285,2
DA:286,2
DA:287,2
DA:288,2
DA:289,2
DA:290,2
DA:291,3
DA:304,2
DA:305,2
DA:306,2
DA:308,3
DA:309,3
DA:310,1
DA:311,2
DA:312,1
DA:313,1
DA:314,1
DA:315,1
DA:317,3
DA:321,2
DA:322,2
DA:323,2
DA:324,2
DA:325,2
DA:326,2
DA:327,2
DA:328,4
DA:329,4
DA:330,1
DA:331,1
DA:332,3
DA:333,3
DA:334,2
DA:335,1
DA:337,1
DA:338,1
DA:339,1
DA:340,1
DA:341,2
DA:371,5
DA:381,5
DA:383,5
DA:390,5
DA:401,3
DA:409,3
DA:420,1
DA:422,1
DA:431,10
DA:439,10
DA:442,3
DA:443,3
DA:444,3
DA:445,3
DA:446,3
DA:447,3
DA:450,1
DA:451,1
DA:452,1
DA:453,1
DA:454,1
DA:457,1
DA:458,1
DA:459,1
DA:460,1
DA:463,1
DA:464,1
DA:467,1
DA:468,1
DA:471,1
DA:472,1
DA:473,1
DA:474,1
DA:477,1
DA:478,1
DA:479,1
DA:480,1
DA:481,1
DA:482,1
DA:483,1
DA:484,1
DA:485,1
DA:486,1
DA:487,1
DA:488,1
DA:489,1
DA:490,1
DA:491,1
DA:492,1
DA:493,1
DA:496,1
DA:497,1
DA:498,1
DA:499,1
DA:500,1
DA:501,1
DA:502,1
DA:503,1
DA:504,1
DA:505,1
DA:507,1
DA:508,1
DA:509,1
DA:510,1
DA:511,1
DA:512,1
DA:513,1
DA:514,1
DA:515,1
DA:518,1
DA:519,1
DA:520,1
DA:521,1
DA:522,1
DA:523,1
DA:524,1
DA:525,1
DA:526,1
DA:527,1
DA:530,1
DA:531,1
DA:532,1
DA:533,1
DA:535,1
DA:536,1
DA:537,1
DA:539,1
DA:542,1
DA:543,1
DA:544,1
DA:545,1
DA:546,1
DA:547,1
DA:548,1
DA:549,1
DA:550,1
DA:551,1
DA:553,1
DA:554,1
DA:555,1
DA:556,1
DA:557,1
DA:558,1
DA:559,1
DA:560,1
DA:561,1
DA:562,1
DA:563,1
DA:564,1
DA:565,1
DA:567,1
DA:568,1
DA:569,1
DA:570,1
DA:571,1
DA:572,1
DA:573,8
DA:574,8
DA:575,8
DA:576,1
DA:579,1
DA:580,1
DA:581,1
DA:582,1
DA:583,1
DA:584,1
DA:585,1
DA:586,1
DA:587,1
DA:588,1
DA:589,1
DA:590,1
DA:591,1
DA:592,1
DA:593,1
DA:594,1
DA:595,1
DA:599,1
DA:600,1
DA:601,1
DA:604,1
DA:605,1
DA:606,1
DA:607,1
DA:608,1
DA:611,1
DA:612,1
DA:613,1
DA:614,1
DA:615,1
DA:616,1
DA:617,1
DA:618,1
DA:619,1
DA:620,1
DA:621,1
DA:622,1
DA:623,1
DA:624,1
DA:625,1
DA:626,1
DA:627,1
DA:628,1
DA:629,1
DA:630,1
DA:633,1
DA:634,1
DA:635,1
DA:638,1
DA:639,1
DA:640,1
DA:641,1
DA:642,1
DA:643,1
DA:644,1
DA:645,1
DA:646,1
DA:647,1
DA:648,1
DA:649,1
DA:650,1
DA:651,1
DA:652,1
DA:655,1
DA:656,1
DA:657,1
DA:658,1
DA:659,1
DA:660,1
DA:661,1
DA:662,1
DA:664,1
DA:665,1
BRF:0
BRH:0
LF:397
LH:397
end_of_record
SF:/Users/mrrobot/Documents/personal/opinions/crates/simswarm/src/domain/action.rs
FN:24,_RNvMNtNtCs59zpMsmdEXs_8simswarm6domain6actionNtB2_8ActorRef2id
FN:114,_RNvMs1_NtNtCs59zpMsmdEXs_8simswarm6domain6actionNtB5_8Decision3new
FN:80,_RNvMs_NtNtCs59zpMsmdEXs_8simswarm6domain6actionNtB4_6Action4kind
FN:124,_RNvNtNtNtCs59zpMsmdEXs_8simswarm6domain6action5testss_34actor_and_action_labels_are_stable
FN:156,_RNvNtNtNtCs59zpMsmdEXs_8simswarm6domain6action5testss_36decision_preserves_ring_vector_order
FN:19,_RINvMNtNtCs59zpMsmdEXs_8simswarm6domain6actionNtB3_8ActorRef4ringRNtNtCslJsSqIQKwiA_5alloc6string6StringEB7_
FN:19,_RINvMNtNtCs59zpMsmdEXs_8simswarm6domain6actionNtB3_8ActorRef4ringReEB7_
FN:14,_RINvMNtNtCs59zpMsmdEXs_8simswarm6domain6actionNtB3_8ActorRef5agentRNtNtCslJsSqIQKwiA_5alloc6string6StringEB7_
FN:14,_RINvMNtNtCs59zpMsmdEXs_8simswarm6domain6actionNtB3_8ActorRef5agentReEB7_
FN:99,_RINvMs0_NtNtCs59zpMsmdEXs_8simswarm6domain6actionNtB6_11AgentAction3newRNtNtCslJsSqIQKwiA_5alloc6string6StringEBa_
FN:99,_RINvMs0_NtNtCs59zpMsmdEXs_8simswarm6domain6actionNtB6_11AgentAction3newReEBa_
FNDA:236,_RNvMNtNtCs59zpMsmdEXs_8simswarm6domain6actionNtB2_8ActorRef2id
FNDA:545,_RNvMs1_NtNtCs59zpMsmdEXs_8simswarm6domain6actionNtB5_8Decision3new
FNDA:523,_RNvMs_NtNtCs59zpMsmdEXs_8simswarm6domain6actionNtB4_6Action4kind
FNDA:1,_RNvNtNtNtCs59zpMsmdEXs_8simswarm6domain6action5testss_34actor_and_action_labels_are_stable
FNDA:1,_RNvNtNtNtCs59zpMsmdEXs_8simswarm6domain6action5testss_36decision_preserves_ring_vector_order
FNDA:32,_RINvMNtNtCs59zpMsmdEXs_8simswarm6domain6actionNtB3_8ActorRef4ringRNtNtCslJsSqIQKwiA_5alloc6string6StringEB7_
FNDA:4,_RINvMNtNtCs59zpMsmdEXs_8simswarm6domain6actionNtB3_8ActorRef4ringReEB7_
FNDA:9725,_RINvMNtNtCs59zpMsmdEXs_8simswarm6domain6actionNtB3_8ActorRef5agentRNtNtCslJsSqIQKwiA_5alloc6string6StringEB7_
FNDA:12,_RINvMNtNtCs59zpMsmdEXs_8simswarm6domain6actionNtB3_8ActorRef5agentReEB7_
FNDA:379,_RINvMs0_NtNtCs59zpMsmdEXs_8simswarm6domain6actionNtB6_11AgentAction3newRNtNtCslJsSqIQKwiA_5alloc6string6StringEBa_
FNDA:11,_RINvMs0_NtNtCs59zpMsmdEXs_8simswarm6domain6actionNtB6_11AgentAction3newReEBa_
FNF:8
FNH:8
DA:14,9737
DA:15,9737
DA:16,9737
DA:19,36
DA:20,36
DA:21,36
DA:24,236
DA:25,236
DA:26,236
DA:28,236
DA:80,523
DA:81,523
DA:82,82
DA:83,82
DA:84,90
DA:85,93
DA:86,176
DA:88,523
DA:99,390
DA:100,390
DA:101,390
DA:102,390
DA:103,390
DA:104,390
DA:114,545
DA:115,545
DA:116,545
DA:124,1
DA:125,1
DA:126,1
DA:127,1
DA:128,1
DA:129,1
DA:130,1
DA:131,1
DA:132,1
DA:135,1
DA:136,1
DA:137,1
DA:138,1
DA:139,1
DA:140,1
DA:143,1
DA:144,1
DA:145,1
DA:146,1
DA:147,1
DA:148,1
DA:149,1
DA:152,1
DA:153,1
DA:156,1
DA:157,1
DA:158,1
DA:159,1
DA:161,1
DA:162,1
DA:163,1
BRF:0
BRH:0
LF:58
LH:58
end_of_record
SF:/Users/mrrobot/Documents/personal/opinions/crates/simswarm/src/domain/persona.rs
FN:145,_RINvMs_NtNtCs59zpMsmdEXs_8simswarm6domain7personaNtB5_9AgentSpec9syntheticReEB9_
FN:174,_RNvNtNtNtCs59zpMsmdEXs_8simswarm6domain7persona5tests4view
FN:170,_RNvNtNtNtCs59zpMsmdEXs_8simswarm6domain7persona5tests5agent
FN:186,_RNvNtNtNtCs59zpMsmdEXs_8simswarm6domain7persona5testss_37all_six_personas_make_typed_decisions
FN:256,_RNvNtNtNtCs59zpMsmdEXs_8simswarm6domain7persona5testss_43noise_persona_covers_vote_trade_and_abstain
FN:198,_RNvNtNtNtCs59zpMsmdEXs_8simswarm6domain7persona5testss_53time_and_price_sensitive_personas_cover_both_branches
FN:238,_RNvNtNtNtCs59zpMsmdEXs_8simswarm6domain7persona5testss_62money_path_persona_withdraws_and_observes_outside_the_load_mix
FN:115,_RNvMNtNtCs59zpMsmdEXs_8simswarm6domain7personaNtB2_7Persona22rng_words_per_decision
FN:37,_RNvMNtNtCs59zpMsmdEXs_8simswarm6domain7personaNtB2_7Persona6decide
FNDA:6426,_RINvMs_NtNtCs59zpMsmdEXs_8simswarm6domain7personaNtB5_9AgentSpec9syntheticReEB9_
FNDA:522,_RNvNtNtNtCs59zpMsmdEXs_8simswarm6domain7persona5tests4view
FNDA:268,_RNvNtNtNtCs59zpMsmdEXs_8simswarm6domain7persona5tests5agent
FNDA:1,_RNvNtNtNtCs59zpMsmdEXs_8simswarm6domain7persona5testss_37all_six_personas_make_typed_decisions
FNDA:1,_RNvNtNtNtCs59zpMsmdEXs_8simswarm6domain7persona5testss_43noise_persona_covers_vote_trade_and_abstain
FNDA:1,_RNvNtNtNtCs59zpMsmdEXs_8simswarm6domain7persona5testss_53time_and_price_sensitive_personas_cover_both_branches
FNDA:1,_RNvNtNtNtCs59zpMsmdEXs_8simswarm6domain7persona5testss_62money_path_persona_withdraws_and_observes_outside_the_load_mix
FNDA:9986,_RNvMNtNtCs59zpMsmdEXs_8simswarm6domain7personaNtB2_7Persona22rng_words_per_decision
FNDA:735,_RNvMNtNtCs59zpMsmdEXs_8simswarm6domain7personaNtB2_7Persona6decide
FNF:9
FNH:9
DA:37,735
DA:38,735
DA:39,735
DA:40,318
DA:42,417
DA:44,735
DA:45,42
DA:46,42
DA:47,42
DA:48,42
DA:49,42
DA:50,37
DA:51,37
DA:52,37
DA:53,37
DA:54,37
DA:55,35
DA:56,35
DA:57,35
DA:58,35
DA:60,37
DA:61,36
DA:62,36
DA:63,36
DA:64,36
DA:65,36
DA:67,1
DA:71,35
DA:72,2
DA:73,2
DA:74,2
DA:75,2
DA:76,2
DA:78,33
DA:79,33
DA:80,33
DA:81,33
DA:82,33
DA:85,289
DA:86,100
DA:87,100
DA:88,100
DA:89,100
DA:90,98
DA:91,98
DA:92,98
DA:93,98
DA:94,98
DA:95,91
DA:96,91
DA:97,91
DA:103,260
DA:104,83
DA:106,177
DA:107,177
DA:108,177
DA:112,735
DA:115,9986
DA:116,9986
DA:117,1633
DA:119,8353
DA:121,9986
DA:145,6426
DA:146,6426
DA:147,6426
DA:149,6426
DA:150,6426
DA:151,6426
DA:152,6426
DA:153,6426
DA:154,6426
DA:155,6426
DA:156,6426
DA:157,6426
DA:159,6426
DA:160,6426
DA:162,6426
DA:170,268
DA:171,268
DA:172,268
DA:174,522
DA:175,522
DA:176,522
DA:177,522
DA:178,522
DA:179,522
DA:180,522
DA:181,522
DA:182,522
DA:183,522
DA:186,1
DA:187,1
DA:188,6
DA:189,6
DA:190,6
DA:191,6
DA:192,6
DA:193,6
DA:195,1
DA:198,1
DA:199,1
DA:200,1
DA:201,1
DA:202,1
DA:203,1
DA:204,1
DA:205,1
DA:206,1
DA:210,1
DA:211,1
DA:212,1
DA:213,1
DA:214,1
DA:221,1
DA:222,1
DA:228,1
DA:229,1
DA:235,1
DA:238,1
DA:239,1
DA:240,1
DA:241,1
DA:242,1
DA:243,1
DA:244,1
DA:245,1
DA:246,256
DA:247,256
DA:248,256
DA:249,256
DA:250,256
DA:252,1
DA:253,1
DA:256,1
DA:257,1
DA:258,256
DA:259,256
DA:260,256
DA:261,256
DA:262,256
DA:263,256
DA:264,256
DA:265,256
DA:266,1
DA:267,1
BRF:0
BRH:0
LF:145
LH:145
end_of_record
SF:/Users/mrrobot/Documents/personal/opinions/crates/simswarm/src/domain/ring.rs
FN:205,_RNCNvNtNtCs59zpMsmdEXs_8simswarm6domain4ring12pinned_rings0B7_
FN:211,_RNCNvNtNtCs59zpMsmdEXs_8simswarm6domain4ring12pinned_ringss0_0B7_
FN:215,_RNCNvNtNtCs59zpMsmdEXs_8simswarm6domain4ring12pinned_ringss1_0B7_
FN:220,_RNCNvNtNtCs59zpMsmdEXs_8simswarm6domain4ring12pinned_ringss2_0B7_
FN:221,_RNCNvNtNtCs59zpMsmdEXs_8simswarm6domain4ring12pinned_ringss3_0B7_
FN:224,_RNCNvNtNtCs59zpMsmdEXs_8simswarm6domain4ring12pinned_ringss4_0B7_
FN:361,_RNCNvNtNtCs59zpMsmdEXs_8simswarm6domain4ring17validate_ring_sets0_0B7_
FN:362,_RNCNvNtNtCs59zpMsmdEXs_8simswarm6domain4ring17validate_ring_sets1_0B7_
FN:365,_RNCNvNtNtCs59zpMsmdEXs_8simswarm6domain4ring17validate_ring_sets2_0B7_
FN:366,_RNCNvNtNtCs59zpMsmdEXs_8simswarm6domain4ring17validate_ring_sets3_0B7_
FN:322,_RNCNvNtNtCs59zpMsmdEXs_8simswarm6domain4ring17validate_ring_sets_0B7_
FN:380,_RNvNtNtNtCs59zpMsmdEXs_8simswarm6domain4ring5tests4view
FN:515,_RNvNtNtNtCs59zpMsmdEXs_8simswarm6domain4ring5testss_45threshold_pad_exercises_both_side_assignments
FN:392,_RNvNtNtNtCs59zpMsmdEXs_8simswarm6domain4ring5testss_48all_six_ring_decisions_are_ordered_and_effective
FN:443,_RNvNtNtNtCs59zpMsmdEXs_8simswarm6domain4ring5testss_50ring_contracts_reject_bad_members_and_inequalities
FN:56,_RNvMNtNtCs59zpMsmdEXs_8simswarm6domain4ringNtB2_8RingSpec17opportunity_ticks
FN:44,_RNvMNtNtCs59zpMsmdEXs_8simswarm6domain4ringNtB2_8RingSpec22rng_words_per_decision
FN:67,_RNvMNtNtCs59zpMsmdEXs_8simswarm6domain4ringNtB2_8RingSpec6decide
FN:202,_RNvNtNtCs59zpMsmdEXs_8simswarm6domain4ring12pinned_rings
FN:307,_RNvNtNtCs59zpMsmdEXs_8simswarm6domain4ring17validate_ring_set
FN:174,_RNvNtNtCs59zpMsmdEXs_8simswarm6domain4ring19bonus_wash_notional
FN:517,_RNCNvNtNtNtCs59zpMsmdEXs_8simswarm6domain4ring5testss_45threshold_pad_exercises_both_side_assignments0B9_
FN:394,_RNCNvNtNtNtCs59zpMsmdEXs_8simswarm6domain4ring5testss_48all_six_ring_decisions_are_ordered_and_effective0B9_
FN:434,_RNCNvNtNtNtCs59zpMsmdEXs_8simswarm6domain4ring5testss_48all_six_ring_decisions_are_ordered_and_effectives0_0B9_
FN:420,_RNCNvNtNtNtCs59zpMsmdEXs_8simswarm6domain4ring5testss_48all_six_ring_decisions_are_ordered_and_effectives_0B9_
FN:445,_RNCNvNtNtNtCs59zpMsmdEXs_8simswarm6domain4ring5testss_50ring_contracts_reject_bad_members_and_inequalities0B9_
FN:447,_RNCNvNtNtNtCs59zpMsmdEXs_8simswarm6domain4ring5testss_50ring_contracts_reject_bad_members_and_inequalitiess_0B9_
FNDA:6750,_RNCNvNtNtCs59zpMsmdEXs_8simswarm6domain4ring12pinned_rings0B7_
FNDA:1147,_RNCNvNtNtCs59zpMsmdEXs_8simswarm6domain4ring12pinned_ringss0_0B7_
FNDA:6750,_RNCNvNtNtCs59zpMsmdEXs_8simswarm6domain4ring12pinned_ringss1_0B7_
FNDA:6750,_RNCNvNtNtCs59zpMsmdEXs_8simswarm6domain4ring12pinned_ringss2_0B7_
FNDA:4253,_RNCNvNtNtCs59zpMsmdEXs_8simswarm6domain4ring12pinned_ringss3_0B7_
FNDA:148,_RNCNvNtNtCs59zpMsmdEXs_8simswarm6domain4ring12pinned_ringss4_0B7_
FNDA:132,_RNCNvNtNtCs59zpMsmdEXs_8simswarm6domain4ring17validate_ring_sets0_0B7_
FNDA:44,_RNCNvNtNtCs59zpMsmdEXs_8simswarm6domain4ring17validate_ring_sets1_0B7_
FNDA:176,_RNCNvNtNtCs59zpMsmdEXs_8simswarm6domain4ring17validate_ring_sets2_0B7_
FNDA:44,_RNCNvNtNtCs59zpMsmdEXs_8simswarm6domain4ring17validate_ring_sets3_0B7_
FNDA:2027,_RNCNvNtNtCs59zpMsmdEXs_8simswarm6domain4ring17validate_ring_sets_0B7_
FNDA:11,_RNvNtNtNtCs59zpMsmdEXs_8simswarm6domain4ring5tests4view
FNDA:1,_RNvNtNtNtCs59zpMsmdEXs_8simswarm6domain4ring5testss_45threshold_pad_exercises_both_side_assignments
FNDA:1,_RNvNtNtNtCs59zpMsmdEXs_8simswarm6domain4ring5testss_48all_six_ring_decisions_are_ordered_and_effective
FNDA:1,_RNvNtNtNtCs59zpMsmdEXs_8simswarm6domain4ring5testss_50ring_contracts_reject_bad_members_and_inequalities
FNDA:30,_RNvMNtNtCs59zpMsmdEXs_8simswarm6domain4ringNtB2_8RingSpec17opportunity_ticks
FNDA:38,_RNvMNtNtCs59zpMsmdEXs_8simswarm6domain4ringNtB2_8RingSpec22rng_words_per_decision
FNDA:30,_RNvMNtNtCs59zpMsmdEXs_8simswarm6domain4ringNtB2_8RingSpec6decide
FNDA:37,_RNvNtNtCs59zpMsmdEXs_8simswarm6domain4ring12pinned_rings
FNDA:56,_RNvNtNtCs59zpMsmdEXs_8simswarm6domain4ring17validate_ring_set
FNDA:7,_RNvNtNtCs59zpMsmdEXs_8simswarm6domain4ring19bonus_wash_notional
FNDA:50,_RNCNvNtNtNtCs59zpMsmdEXs_8simswarm6domain4ring5testss_45threshold_pad_exercises_both_side_assignments0B9_
FNDA:50,_RNCNvNtNtNtCs59zpMsmdEXs_8simswarm6domain4ring5testss_48all_six_ring_decisions_are_ordered_and_effective0B9_
FNDA:5,_RNCNvNtNtNtCs59zpMsmdEXs_8simswarm6domain4ring5testss_48all_six_ring_decisions_are_ordered_and_effectives0_0B9_
FNDA:6,_RNCNvNtNtNtCs59zpMsmdEXs_8simswarm6domain4ring5testss_48all_six_ring_decisions_are_ordered_and_effectives_0B9_
FNDA:50,_RNCNvNtNtNtCs59zpMsmdEXs_8simswarm6domain4ring5testss_50ring_contracts_reject_bad_members_and_inequalities0B9_
FNDA:50,_RNCNvNtNtNtCs59zpMsmdEXs_8simswarm6domain4ring5testss_50ring_contracts_reject_bad_members_and_inequalitiess_0B9_
FNF:27
FNH:27
DA:44,38
DA:45,38
DA:46,5
DA:51,33
DA:53,38
DA:56,30
DA:57,30
DA:58,5
DA:59,5
DA:60,5
DA:62,15
DA:65,30
DA:67,30
DA:68,30
DA:69,30
DA:70,30
DA:71,30
DA:72,30
DA:73,30
DA:74,2
DA:75,28
DA:76,28
DA:77,28
DA:79,124
DA:80,124
DA:81,124
DA:82,124
DA:83,124
DA:84,124
DA:85,124
DA:86,124
DA:87,124
DA:90,7
DA:91,14
DA:92,14
DA:93,4
DA:95,10
DA:97,14
DA:98,14
DA:99,14
DA:100,14
DA:101,14
DA:102,14
DA:103,14
DA:108,3
DA:109,3
DA:110,3
DA:111,3
DA:112,3
DA:113,3
DA:114,3
DA:115,3
DA:116,3
DA:119,4
DA:120,5
DA:121,5
DA:122,5
DA:124,5
DA:125,4
DA:127,1
DA:135,4
DA:136,8
DA:137,8
DA:138,8
DA:140,8
DA:141,4
DA:143,4
DA:150,6
DA:151,6
DA:152,12
DA:153,12
DA:154,4
DA:156,8
DA:158,12
DA:159,12
DA:160,12
DA:161,12
DA:162,12
DA:163,12
DA:164,12
DA:169,28
DA:170,30
DA:174,7
DA:176,7
DA:177,7
DA:202,37
DA:203,37
DA:204,37
DA:205,6750
DA:206,37
DA:207,37
DA:208,37
DA:209,37
DA:210,37
DA:211,1147
DA:212,37
DA:213,37
DA:214,37
DA:215,6750
DA:216,37
DA:217,37
DA:218,37
DA:219,37
DA:220,6750
DA:221,4253
DA:222,37
DA:223,37
DA:224,148
DA:225,37
DA:226,37
DA:227,37
DA:228,37
DA:229,37
DA:230,37
DA:231,37
DA:232,37
DA:233,37
DA:234,37
DA:235,37
DA:236,37
DA:237,37
DA:238,37
DA:239,37
DA:240,37
DA:241,37
DA:242,37
DA:243,37
DA:244,37
DA:245,37
DA:246,37
DA:247,37
DA:248,37
DA:249,37
DA:250,37
DA:251,37
DA:252,37
DA:253,37
DA:254,37
DA:255,37
DA:256,37
DA:257,37
DA:258,37
DA:259,37
DA:260,37
DA:261,37
DA:262,37
DA:263,37
DA:264,37
DA:265,37
DA:266,37
DA:267,37
DA:268,37
DA:269,37
DA:270,37
DA:271,37
DA:272,37
DA:273,37
DA:274,37
DA:275,37
DA:276,37
DA:277,37
DA:278,37
DA:279,37
DA:280,37
DA:281,37
DA:282,37
DA:283,37
DA:284,37
DA:285,37
DA:286,37
DA:287,37
DA:288,37
DA:289,37
DA:290,37
DA:291,37
DA:292,37
DA:293,37
DA:294,37
DA:295,37
DA:296,37
DA:297,37
DA:298,37
DA:299,37
DA:300,37
DA:301,37
DA:302,37
DA:303,37
DA:305,37
DA:307,56
DA:308,56
DA:309,56
DA:310,56
DA:311,56
DA:312,56
DA:313,2
DA:314,54
DA:315,296
DA:316,296
DA:317,1
DA:318,295
DA:319,295
DA:320,295
DA:321,295
DA:322,2027
DA:324,2
DA:325,293
DA:326,51
DA:328,52
DA:329,52
DA:330,52
DA:331,52
DA:332,52
DA:333,51
DA:334,51
DA:336,1
DA:337,51
DA:339,51
DA:340,2
DA:343,48
DA:344,2
DA:345,46
DA:348,46
DA:349,1
DA:350,45
DA:351,45
DA:353,1
DA:354,44
DA:356,145
DA:359,44
DA:360,44
DA:361,132
DA:362,44
DA:363,44
DA:364,44
DA:365,176
DA:366,44
DA:367,44
DA:368,1
DA:369,43
DA:370,43
DA:371,56
DA:380,11
DA:381,11
DA:382,11
DA:383,11
DA:384,11
DA:385,11
DA:386,11
DA:387,11
DA:388,11
DA:389,11
DA:392,1
DA:393,1
DA:394,50
DA:395,1
DA:396,1
DA:397,1
DA:398,6
DA:399,6
DA:400,6
DA:401,6
DA:402,6
DA:403,6
DA:405,1
DA:406,1
DA:407,1
DA:408,1
DA:409,1
DA:410,1
DA:411,1
DA:417,1
DA:418,1
DA:419,1
DA:420,6
DA:421,1
DA:422,1
DA:423,1
DA:424,1
DA:425,1
DA:432,1
DA:433,1
DA:434,5
DA:435,1
DA:436,1
DA:437,1
DA:438,1
DA:439,1
DA:440,1
DA:443,1
DA:444,1
DA:445,50
DA:446,1
DA:447,50
DA:448,1
DA:449,1
DA:450,1
DA:451,1
DA:452,1
DA:455,1
DA:456,1
DA:457,1
DA:458,1
DA:461,1
DA:462,1
DA:463,1
DA:464,1
DA:468,1
DA:469,1
DA:470,1
DA:471,1
DA:475,1
DA:476,1
DA:477,1
DA:478,1
DA:479,1
DA:480,1
DA:484,1
DA:485,1
DA:486,1
DA:487,1
DA:490,1
DA:491,1
DA:492,1
DA:493,1
DA:496,1
DA:497,1
DA:498,1
DA:499,1
DA:502,1
DA:503,1
DA:504,1
DA:505,1
DA:508,1
DA:509,1
DA:510,1
DA:511,1
DA:512,1
DA:515,1
DA:516,1
DA:517,50
DA:518,1
DA:519,1
DA:520,1
DA:521,1
DA:522,1
DA:523,1
DA:524,1
BRF:0
BRH:0
LF:363
LH:363
end_of_record
SF:/Users/mrrobot/Documents/personal/opinions/crates/simswarm/src/domain/rng.rs
FN:49,_RNvMNtNtCs59zpMsmdEXs_8simswarm6domain3rngNtB2_10CountedRng10chance_ppm
FN:22,_RNvMNtNtCs59zpMsmdEXs_8simswarm6domain3rngNtB2_10CountedRng2at
FN:14,_RNvMNtNtCs59zpMsmdEXs_8simswarm6domain3rngNtB2_10CountedRng3new
FN:40,_RNvMNtNtCs59zpMsmdEXs_8simswarm6domain3rngNtB2_10CountedRng7bounded
FN:31,_RNvMNtNtCs59zpMsmdEXs_8simswarm6domain3rngNtB2_10CountedRng8consumed
FN:35,_RNvMNtNtCs59zpMsmdEXs_8simswarm6domain3rngNtB2_10CountedRng8next_u64
FN:55,_RNvNtNtCs59zpMsmdEXs_8simswarm6domain3rng11derive_seed
FN:70,_RNvNtNtNtCs59zpMsmdEXs_8simswarm6domain3rng5testss_35counted_stream_reconstructs_exactly
FN:91,_RNvNtNtNtCs59zpMsmdEXs_8simswarm6domain3rng5testss_41bounded_zero_is_defined_and_still_counted
FNDA:36214,_RNvMNtNtCs59zpMsmdEXs_8simswarm6domain3rngNtB2_10CountedRng10chance_ppm
FNDA:236,_RNvMNtNtCs59zpMsmdEXs_8simswarm6domain3rngNtB2_10CountedRng2at
FNDA:1169,_RNvMNtNtCs59zpMsmdEXs_8simswarm6domain3rngNtB2_10CountedRng3new
FNDA:37135,_RNvMNtNtCs59zpMsmdEXs_8simswarm6domain3rngNtB2_10CountedRng7bounded
FNDA:278,_RNvMNtNtCs59zpMsmdEXs_8simswarm6domain3rngNtB2_10CountedRng8consumed
FNDA:37153,_RNvMNtNtCs59zpMsmdEXs_8simswarm6domain3rngNtB2_10CountedRng8next_u64
FNDA:639,_RNvNtNtCs59zpMsmdEXs_8simswarm6domain3rng11derive_seed
FNDA:1,_RNvNtNtNtCs59zpMsmdEXs_8simswarm6domain3rng5testss_35counted_stream_reconstructs_exactly
FNDA:1,_RNvNtNtNtCs59zpMsmdEXs_8simswarm6domain3rng5testss_41bounded_zero_is_defined_and_still_counted
FNF:9
FNH:9
DA:14,1169
DA:15,1169
DA:16,1169
DA:17,1169
DA:18,1169
DA:19,1169
DA:22,236
DA:23,236
DA:24,236
DA:25,16
DA:26,16
DA:27,236
DA:28,236
DA:31,278
DA:32,278
DA:33,278
DA:35,37153
DA:36,37153
DA:37,37153
DA:38,37153
DA:40,37135
DA:41,37135
DA:42,37135
DA:43,1
DA:45,37134
DA:47,37135
DA:49,36214
DA:50,36214
DA:51,36214
DA:55,639
DA:56,639
DA:57,639
DA:58,639
DA:59,639
DA:60,639
DA:61,639
DA:62,639
DA:63,639
DA:70,1
DA:71,1
DA:72,1
DA:73,1
DA:74,1
DA:75,1
DA:76,1
DA:77,1
DA:78,1
DA:80,1
DA:81,1
DA:82,1
DA:83,1
DA:84,1
DA:85,1
DA:86,1
DA:87,1
DA:88,1
DA:91,1
DA:92,1
DA:93,1
DA:94,1
DA:95,1
DA:96,1
DA:97,1
BRF:0
BRH:0
LF:63
LH:63
end_of_record
SF:/Users/mrrobot/Documents/personal/opinions/crates/simswarm/src/domain/schedule.rs
FN:45,_RNvMNtNtCs59zpMsmdEXs_8simswarm6domain8scheduleNtB2_14ScheduleConfig17opportunity_ticks
FN:18,_RNvMNtNtCs59zpMsmdEXs_8simswarm6domain8scheduleNtB2_14ScheduleConfig5smoke
FN:32,_RNvMNtNtCs59zpMsmdEXs_8simswarm6domain8scheduleNtB2_14ScheduleConfig8validate
FN:95,_RNvNtNtNtCs59zpMsmdEXs_8simswarm6domain8schedule5testss_28invalid_schedule_is_rejected
FN:79,_RNvNtNtNtCs59zpMsmdEXs_8simswarm6domain8schedule5testss_55schedule_consumes_one_draw_per_tick_and_spikes_at_close
FNDA:401,_RNvMNtNtCs59zpMsmdEXs_8simswarm6domain8scheduleNtB2_14ScheduleConfig17opportunity_ticks
FNDA:24,_RNvMNtNtCs59zpMsmdEXs_8simswarm6domain8scheduleNtB2_14ScheduleConfig5smoke
FNDA:451,_RNvMNtNtCs59zpMsmdEXs_8simswarm6domain8scheduleNtB2_14ScheduleConfig8validate
FNDA:1,_RNvNtNtNtCs59zpMsmdEXs_8simswarm6domain8schedule5testss_28invalid_schedule_is_rejected
FNDA:1,_RNvNtNtNtCs59zpMsmdEXs_8simswarm6domain8schedule5testss_55schedule_consumes_one_draw_per_tick_and_spikes_at_close
FNF:5
FNH:5
DA:18,24
DA:19,24
DA:20,24
DA:21,24
DA:22,24
DA:23,24
DA:24,24
DA:25,24
DA:26,24
DA:27,24
DA:28,24
DA:29,24
DA:30,24
DA:32,451
DA:33,451
DA:34,2
DA:35,449
DA:36,449
DA:37,1
DA:38,448
DA:39,448
DA:40,1
DA:41,447
DA:42,447
DA:43,451
DA:45,401
DA:46,401
DA:47,401
DA:48,401
DA:49,36210
DA:50,36210
DA:51,24003
DA:53,12207
DA:55,36210
DA:56,9727
DA:57,26483
DA:59,401
DA:60,401
DA:79,1
DA:80,1
DA:81,1
DA:82,1
DA:83,1
DA:84,1
DA:85,1
DA:86,1
DA:87,1
DA:88,1
DA:89,1
DA:90,1
DA:91,1
DA:92,1
DA:95,1
DA:96,1
DA:97,1
DA:98,1
DA:99,1
DA:100,1
DA:101,1
DA:102,1
DA:103,1
DA:104,1
DA:105,1
BRF:0
BRH:0
LF:63
LH:63
end_of_record
SF:/Users/mrrobot/Documents/personal/opinions/crates/simswarm/src/engine/runner.rs
FN:58,_RNvMNtNtCs59zpMsmdEXs_8simswarm6engine6runnerNtB2_17WsDeliveryTracker7observe
FN:229,_RNvMs0_NtNtCs59zpMsmdEXs_8simswarm6engine6runnerNtB5_12ReplayWorker6decide
FN:253,_RNvMs1_NtNtCs59zpMsmdEXs_8simswarm6engine6runnerNtB5_11ActorWorker3run
FN:325,_RNvMs1_NtNtCs59zpMsmdEXs_8simswarm6engine6runnerNtB5_11ActorWorker6decide
FN:103,_RNvMs_NtNtCs59zpMsmdEXs_8simswarm6engine6runnerNtB4_6Runner11run_planned
FN:92,_RNvMs_NtNtCs59zpMsmdEXs_8simswarm6engine6runnerNtB4_6Runner19run_with_invariants
FN:156,_RNvMs_NtNtCs59zpMsmdEXs_8simswarm6engine6runnerNtB4_6Runner21collect_close_to_paid
FN:86,_RNvMs_NtNtCs59zpMsmdEXs_8simswarm6engine6runnerNtB4_6Runner3run
FN:334,_RNvNtNtCs59zpMsmdEXs_8simswarm6engine6runner12decision_for
FN:379,_RNvNtNtCs59zpMsmdEXs_8simswarm6engine6runner12insert_retry
FN:205,_RNvNtNtCs59zpMsmdEXs_8simswarm6engine6runner12replay_trace
FN:46,_RNvNtNtCs59zpMsmdEXs_8simswarm6engine6runner22parse_server_timestamp
FN:947,_RNCNCNCNvNtNtNtCs59zpMsmdEXs_8simswarm6engine6runner5testss_53money_path_actions_are_timed_outside_the_gated_series000Bd_
FN:815,_RNCNCNvNtNtNtCs59zpMsmdEXs_8simswarm6engine6runner5testss_48live_close_to_paid_subtracts_the_named_risk_hold00Bb_
FN:821,_RNCNCNvNtNtNtCs59zpMsmdEXs_8simswarm6engine6runner5testss_48live_close_to_paid_subtracts_the_named_risk_hold0s0_0Bb_
FN:818,_RNCNCNvNtNtNtCs59zpMsmdEXs_8simswarm6engine6runner5testss_48live_close_to_paid_subtracts_the_named_risk_hold0s_0Bb_
FN:943,_RNCNCNvNtNtNtCs59zpMsmdEXs_8simswarm6engine6runner5testss_53money_path_actions_are_timed_outside_the_gated_series00Bb_
FN:975,_RNCNCNvNtNtNtCs59zpMsmdEXs_8simswarm6engine6runner5testss_61paid_without_an_observed_closed_state_does_not_invent_a_timer00Bb_
FN:488,_RNCNvNtNtNtCs59zpMsmdEXs_8simswarm6engine6runner5tests7planned0B9_
FN:531,_RNCNvNtNtNtCs59zpMsmdEXs_8simswarm6engine6runner5testss_47http_success_is_not_a_websocket_delivery_sample0B9_
FN:791,_RNCNvNtNtNtCs59zpMsmdEXs_8simswarm6engine6runner5testss_48live_close_to_paid_subtracts_the_named_risk_hold0B9_
FN:581,_RNCNvNtNtNtCs59zpMsmdEXs_8simswarm6engine6runner5testss_49replay_recomputes_decisions_and_rejects_tampering0B9_
FN:619,_RNCNvNtNtNtCs59zpMsmdEXs_8simswarm6engine6runner5testss_52top_level_run_builds_plan_and_actor_panics_are_typed0B9_
FN:555,_RNCNvNtNtNtCs59zpMsmdEXs_8simswarm6engine6runner5testss_52transient_results_reschedule_on_a_deterministic_tick0B9_
FN:916,_RNCNvNtNtNtCs59zpMsmdEXs_8simswarm6engine6runner5testss_53money_path_actions_are_timed_outside_the_gated_series0B9_
FN:951,_RNCNvNtNtNtCs59zpMsmdEXs_8simswarm6engine6runner5testss_61paid_without_an_observed_closed_state_does_not_invent_a_timer0B9_
FN:500,_RNCNvNtNtNtCs59zpMsmdEXs_8simswarm6engine6runner5testss_62one_actor_task_sleeps_in_sim_time_and_records_separate_latency0B9_
FN:480,_RNvNtNtNtCs59zpMsmdEXs_8simswarm6engine6runner5tests7planned
FN:735,_RNvNtNtNtCs59zpMsmdEXs_8simswarm6engine6runner5testss_37retry_insertion_preserves_total_order
FN:700,_RNvNtNtNtCs59zpMsmdEXs_8simswarm6engine6runner5testss_46decision_lookup_covers_ring_and_unknown_actors
FN:531,_RNvNtNtNtCs59zpMsmdEXs_8simswarm6engine6runner5testss_47http_success_is_not_a_websocket_delivery_sample
FN:791,_RNvNtNtNtCs59zpMsmdEXs_8simswarm6engine6runner5testss_48live_close_to_paid_subtracts_the_named_risk_hold
FN:581,_RNvNtNtNtCs59zpMsmdEXs_8simswarm6engine6runner5testss_49replay_recomputes_decisions_and_rejects_tampering
FN:825,_RNvNtNtNtCs59zpMsmdEXs_8simswarm6engine6runner5testss_49websocket_frames_are_the_only_ws_latency_evidence
FN:619,_RNvNtNtNtCs59zpMsmdEXs_8simswarm6engine6runner5testss_52top_level_run_builds_plan_and_actor_panics_are_typed
FN:555,_RNvNtNtNtCs59zpMsmdEXs_8simswarm6engine6runner5testss_52transient_results_reschedule_on_a_deterministic_tick
FN:916,_RNvNtNtNtCs59zpMsmdEXs_8simswarm6engine6runner5testss_53money_path_actions_are_timed_outside_the_gated_series
FN:889,_RNvNtNtNtCs59zpMsmdEXs_8simswarm6engine6runner5testss_57websocket_tracker_accepts_the_real_server_timestamp_shape
FN:863,_RNvNtNtNtCs59zpMsmdEXs_8simswarm6engine6runner5testss_60malformed_or_backdated_trade_frames_are_not_latency_evidence
FN:951,_RNvNtNtNtCs59zpMsmdEXs_8simswarm6engine6runner5testss_61paid_without_an_observed_closed_state_does_not_invent_a_timer
FN:500,_RNvNtNtNtCs59zpMsmdEXs_8simswarm6engine6runner5testss_62one_actor_task_sleeps_in_sim_time_and_records_separate_latency
FN:402,_RNvXNtNtNtCs59zpMsmdEXs_8simswarm6engine6runner5testsNtB2_11FixedTickerNtNtB8_5ports6Ticker8now_tick
FN:412,_RNvXs0_NtNtNtCs59zpMsmdEXs_8simswarm6engine6runner5testsNtB5_11FakeSleeperNtNtBb_5ports7Sleeper5sleep
FN:427,_RNvXs1_NtNtNtCs59zpMsmdEXs_8simswarm6engine6runner5testsNtB5_17PassingInvariantsNtNtBb_17invariants_client12InvariantApi16invariant_report
FN:439,_RNvXs2_NtNtNtCs59zpMsmdEXs_8simswarm6engine6runner5testsNtB5_18PanickingTransportNtNtBb_5ports9Transport8get_json
FN:450,_RNvXs2_NtNtNtCs59zpMsmdEXs_8simswarm6engine6runner5testsNtB5_18PanickingTransportNtNtBb_5ports9Transport9post_json
FN:457,_RNvXs3_NtNtNtCs59zpMsmdEXs_8simswarm6engine6runner5testsNtB5_13FakeTransportNtNtBb_5ports9Transport8get_json
FN:471,_RNvXs3_NtNtNtCs59zpMsmdEXs_8simswarm6engine6runner5testsNtB5_13FakeTransportNtNtBb_5ports9Transport9post_json
FN:768,_RNvXs4_NtNtNtCs59zpMsmdEXs_8simswarm6engine6runner5testsNtB5_18LifecycleTransportNtNtBb_5ports9Transport8get_json
FN:785,_RNvXs4_NtNtNtCs59zpMsmdEXs_8simswarm6engine6runner5testsNtB5_18LifecycleTransportNtNtBb_5ports9Transport9post_json
FN:256,_RNCNCNvMs1_NtNtCs59zpMsmdEXs_8simswarm6engine6runnerNtB9_11ActorWorker3run00Bd_
FN:142,_RNCNCNvMs_NtNtCs59zpMsmdEXs_8simswarm6engine6runnerNtB8_6Runner11run_planned00Bc_
FN:88,_RNCNCNvMs_NtNtCs59zpMsmdEXs_8simswarm6engine6runnerNtB8_6Runner3run00Bc_
FN:253,_RNCNvMs1_NtNtCs59zpMsmdEXs_8simswarm6engine6runnerNtB7_11ActorWorker3run0Bb_
FN:107,_RNCNvMs_NtNtCs59zpMsmdEXs_8simswarm6engine6runnerNtB6_6Runner11run_planned0Ba_
FN:96,_RNCNvMs_NtNtCs59zpMsmdEXs_8simswarm6engine6runnerNtB6_6Runner19run_with_invariants0Ba_
FN:160,_RNCNvMs_NtNtCs59zpMsmdEXs_8simswarm6engine6runnerNtB6_6Runner21collect_close_to_paid0Ba_
FN:86,_RNCNvMs_NtNtCs59zpMsmdEXs_8simswarm6engine6runnerNtB6_6Runner3run0Ba_
FN:382,_RNCNvNtNtCs59zpMsmdEXs_8simswarm6engine6runner12insert_retry0B7_
FN:47,_RNCNvNtNtCs59zpMsmdEXs_8simswarm6engine6runner22parse_server_timestamp0B7_
FNDA:9,_RNvMNtNtCs59zpMsmdEXs_8simswarm6engine6runnerNtB2_17WsDeliveryTracker7observe
FNDA:2,_RNvMs0_NtNtCs59zpMsmdEXs_8simswarm6engine6runnerNtB5_12ReplayWorker6decide
FNDA:218,_RNvMs1_NtNtCs59zpMsmdEXs_8simswarm6engine6runnerNtB5_11ActorWorker3run
FNDA:227,_RNvMs1_NtNtCs59zpMsmdEXs_8simswarm6engine6runnerNtB5_11ActorWorker6decide
FNDA:10,_RNvMs_NtNtCs59zpMsmdEXs_8simswarm6engine6runnerNtB4_6Runner11run_planned
FNDA:1,_RNvMs_NtNtCs59zpMsmdEXs_8simswarm6engine6runnerNtB4_6Runner19run_with_invariants
FNDA:8,_RNvMs_NtNtCs59zpMsmdEXs_8simswarm6engine6runnerNtB4_6Runner21collect_close_to_paid
FNDA:3,_RNvMs_NtNtCs59zpMsmdEXs_8simswarm6engine6runnerNtB4_6Runner3run
FNDA:234,_RNvNtNtCs59zpMsmdEXs_8simswarm6engine6runner12decision_for
FNDA:2,_RNvNtNtCs59zpMsmdEXs_8simswarm6engine6runner12insert_retry
FNDA:3,_RNvNtNtCs59zpMsmdEXs_8simswarm6engine6runner12replay_trace
FNDA:5,_RNvNtNtCs59zpMsmdEXs_8simswarm6engine6runner22parse_server_timestamp
FNDA:2,_RNCNCNCNvNtNtNtCs59zpMsmdEXs_8simswarm6engine6runner5testss_53money_path_actions_are_timed_outside_the_gated_series000Bd_
FNDA:1,_RNCNCNvNtNtNtCs59zpMsmdEXs_8simswarm6engine6runner5testss_48live_close_to_paid_subtracts_the_named_risk_hold00Bb_
FNDA:1,_RNCNCNvNtNtNtCs59zpMsmdEXs_8simswarm6engine6runner5testss_48live_close_to_paid_subtracts_the_named_risk_hold0s0_0Bb_
FNDA:1,_RNCNCNvNtNtNtCs59zpMsmdEXs_8simswarm6engine6runner5testss_48live_close_to_paid_subtracts_the_named_risk_hold0s_0Bb_
FNDA:2,_RNCNCNvNtNtNtCs59zpMsmdEXs_8simswarm6engine6runner5testss_53money_path_actions_are_timed_outside_the_gated_series00Bb_
FNDA:0,_RNCNCNvNtNtNtCs59zpMsmdEXs_8simswarm6engine6runner5testss_61paid_without_an_observed_closed_state_does_not_invent_a_timer00Bb_
FNDA:13,_RNCNvNtNtNtCs59zpMsmdEXs_8simswarm6engine6runner5tests7planned0B9_
FNDA:1,_RNCNvNtNtNtCs59zpMsmdEXs_8simswarm6engine6runner5testss_47http_success_is_not_a_websocket_delivery_sample0B9_
FNDA:1,_RNCNvNtNtNtCs59zpMsmdEXs_8simswarm6engine6runner5testss_48live_close_to_paid_subtracts_the_named_risk_hold0B9_
FNDA:1,_RNCNvNtNtNtCs59zpMsmdEXs_8simswarm6engine6runner5testss_49replay_recomputes_decisions_and_rejects_tampering0B9_
FNDA:1,_RNCNvNtNtNtCs59zpMsmdEXs_8simswarm6engine6runner5testss_52top_level_run_builds_plan_and_actor_panics_are_typed0B9_
FNDA:1,_RNCNvNtNtNtCs59zpMsmdEXs_8simswarm6engine6runner5testss_52transient_results_reschedule_on_a_deterministic_tick0B9_
FNDA:1,_RNCNvNtNtNtCs59zpMsmdEXs_8simswarm6engine6runner5testss_53money_path_actions_are_timed_outside_the_gated_series0B9_
FNDA:1,_RNCNvNtNtNtCs59zpMsmdEXs_8simswarm6engine6runner5testss_61paid_without_an_observed_closed_state_does_not_invent_a_timer0B9_
FNDA:1,_RNCNvNtNtNtCs59zpMsmdEXs_8simswarm6engine6runner5testss_62one_actor_task_sleeps_in_sim_time_and_records_separate_latency0B9_
FNDA:10,_RNvNtNtNtCs59zpMsmdEXs_8simswarm6engine6runner5tests7planned
FNDA:1,_RNvNtNtNtCs59zpMsmdEXs_8simswarm6engine6runner5testss_37retry_insertion_preserves_total_order
FNDA:1,_RNvNtNtNtCs59zpMsmdEXs_8simswarm6engine6runner5testss_46decision_lookup_covers_ring_and_unknown_actors
FNDA:1,_RNvNtNtNtCs59zpMsmdEXs_8simswarm6engine6runner5testss_47http_success_is_not_a_websocket_delivery_sample
FNDA:1,_RNvNtNtNtCs59zpMsmdEXs_8simswarm6engine6runner5testss_48live_close_to_paid_subtracts_the_named_risk_hold
FNDA:1,_RNvNtNtNtCs59zpMsmdEXs_8simswarm6engine6runner5testss_49replay_recomputes_decisions_and_rejects_tampering
FNDA:1,_RNvNtNtNtCs59zpMsmdEXs_8simswarm6engine6runner5testss_49websocket_frames_are_the_only_ws_latency_evidence
FNDA:1,_RNvNtNtNtCs59zpMsmdEXs_8simswarm6engine6runner5testss_52top_level_run_builds_plan_and_actor_panics_are_typed
FNDA:1,_RNvNtNtNtCs59zpMsmdEXs_8simswarm6engine6runner5testss_52transient_results_reschedule_on_a_deterministic_tick
FNDA:1,_RNvNtNtNtCs59zpMsmdEXs_8simswarm6engine6runner5testss_53money_path_actions_are_timed_outside_the_gated_series
FNDA:1,_RNvNtNtNtCs59zpMsmdEXs_8simswarm6engine6runner5testss_57websocket_tracker_accepts_the_real_server_timestamp_shape
FNDA:1,_RNvNtNtNtCs59zpMsmdEXs_8simswarm6engine6runner5testss_60malformed_or_backdated_trade_frames_are_not_latency_evidence
FNDA:1,_RNvNtNtNtCs59zpMsmdEXs_8simswarm6engine6runner5testss_61paid_without_an_observed_closed_state_does_not_invent_a_timer
FNDA:1,_RNvNtNtNtCs59zpMsmdEXs_8simswarm6engine6runner5testss_62one_actor_task_sleeps_in_sim_time_and_records_separate_latency
FNDA:223,_RNvXNtNtNtCs59zpMsmdEXs_8simswarm6engine6runner5testsNtB2_11FixedTickerNtNtB8_5ports6Ticker8now_tick
FNDA:21,_RNvXs0_NtNtNtCs59zpMsmdEXs_8simswarm6engine6runner5testsNtB5_11FakeSleeperNtNtBb_5ports7Sleeper5sleep
FNDA:2,_RNvXs1_NtNtNtCs59zpMsmdEXs_8simswarm6engine6runner5testsNtB5_17PassingInvariantsNtNtBb_17invariants_client12InvariantApi16invariant_report
FNDA:1,_RNvXs2_NtNtNtCs59zpMsmdEXs_8simswarm6engine6runner5testsNtB5_18PanickingTransportNtNtBb_5ports9Transport8get_json
FNDA:1,_RNvXs2_NtNtNtCs59zpMsmdEXs_8simswarm6engine6runner5testsNtB5_18PanickingTransportNtNtBb_5ports9Transport9post_json
FNDA:223,_RNvXs3_NtNtNtCs59zpMsmdEXs_8simswarm6engine6runner5testsNtB5_13FakeTransportNtNtBb_5ports9Transport8get_json
FNDA:446,_RNvXs3_NtNtNtCs59zpMsmdEXs_8simswarm6engine6runner5testsNtB5_13FakeTransportNtNtBb_5ports9Transport9post_json
FNDA:9,_RNvXs4_NtNtNtCs59zpMsmdEXs_8simswarm6engine6runner5testsNtB5_18LifecycleTransportNtNtBb_5ports9Transport8get_json
FNDA:3,_RNvXs4_NtNtNtCs59zpMsmdEXs_8simswarm6engine6runner5testsNtB5_18LifecycleTransportNtNtBb_5ports9Transport9post_json
FNDA:227,_RNCNCNvMs1_NtNtCs59zpMsmdEXs_8simswarm6engine6runnerNtB9_11ActorWorker3run00Bd_
FNDA:240,_RNCNCNvMs_NtNtCs59zpMsmdEXs_8simswarm6engine6runnerNtB8_6Runner11run_planned00Bc_
FNDA:1,_RNCNCNvMs_NtNtCs59zpMsmdEXs_8simswarm6engine6runnerNtB8_6Runner3run00Bc_
FNDA:218,_RNCNvMs1_NtNtCs59zpMsmdEXs_8simswarm6engine6runnerNtB7_11ActorWorker3run0Bb_
FNDA:10,_RNCNvMs_NtNtCs59zpMsmdEXs_8simswarm6engine6runnerNtB6_6Runner11run_planned0Ba_
FNDA:1,_RNCNvMs_NtNtCs59zpMsmdEXs_8simswarm6engine6runnerNtB6_6Runner19run_with_invariants0Ba_
FNDA:8,_RNCNvMs_NtNtCs59zpMsmdEXs_8simswarm6engine6runnerNtB6_6Runner21collect_close_to_paid0Ba_
FNDA:3,_RNCNvMs_NtNtCs59zpMsmdEXs_8simswarm6engine6runnerNtB6_6Runner3run0Ba_
FNDA:2,_RNCNvNtNtCs59zpMsmdEXs_8simswarm6engine6runner12insert_retry0B7_
FNDA:2,_RNCNvNtNtCs59zpMsmdEXs_8simswarm6engine6runner22parse_server_timestamp0B7_
FNF:60
FNH:59
DA:46,5
DA:47,5
DA:48,2
DA:49,2
DA:50,2
DA:52,2
DA:53,2
DA:54,2
DA:55,5
DA:58,9
DA:59,9
DA:60,9
DA:61,9
DA:62,9
DA:63,9
DA:64,9
DA:65,2
DA:66,7
DA:67,7
DA:68,1
DA:70,6
DA:71,1
DA:73,5
DA:74,1
DA:76,4
DA:77,1
DA:79,3
DA:80,3
DA:81,3
DA:82,9
DA:86,3
DA:87,3
DA:88,3
DA:89,2
DA:90,3
DA:92,1
DA:93,1
DA:94,1
DA:95,1
DA:96,1
DA:97,1
DA:98,1
DA:99,1
DA:100,1
DA:101,1
DA:103,10
DA:104,10
DA:105,10
DA:106,10
DA:107,10
DA:108,10
DA:109,10
DA:110,1
DA:111,9
DA:112,9
DA:113,226
DA:114,226
DA:115,226
DA:116,226
DA:117,226
DA:118,226
DA:119,9
DA:120,9
DA:121,217
DA:122,217
DA:123,217
DA:124,217
DA:125,217
DA:126,217
DA:127,217
DA:128,217
DA:129,217
DA:130,217
DA:131,217
DA:132,9
DA:133,9
DA:134,217
DA:135,217
DA:136,216
DA:137,1
DA:139,216
DA:140,216
DA:142,240
DA:143,240
DA:144,240
DA:145,240
DA:146,240
DA:147,8
DA:148,8
DA:149,8
DA:150,8
DA:151,8
DA:152,8
DA:153,10
DA:156,8
DA:157,8
DA:158,8
DA:159,8
DA:160,8
DA:161,8
DA:162,6
DA:163,2
DA:164,2
DA:165,2
DA:166,2
DA:168,2
DA:169,2
DA:170,4
DA:171,4
DA:172,4
DA:173,4
DA:174,5
DA:175,5
DA:176,5
DA:177,5
DA:178,5
DA:179,5
DA:180,5
DA:181,5
DA:182,1
DA:183,4
DA:184,5
DA:185,4
DA:186,1
DA:187,3
DA:188,4
DA:189,1
DA:190,1
DA:192,4
DA:193,1
DA:194,1
DA:195,1
DA:196,1
DA:197,1
DA:198,1
DA:199,3
DA:201,2
DA:202,8
DA:205,3
DA:206,3
DA:207,3
DA:208,3
DA:209,3
DA:210,1
DA:211,2
DA:212,2
DA:213,2
DA:214,2
DA:215,2
DA:216,1
DA:217,1
DA:218,1
DA:219,1
DA:221,1
DA:222,3
DA:229,2
DA:230,2
DA:231,2
DA:232,2
DA:233,2
DA:234,2
DA:235,2
DA:253,218
DA:254,218
DA:255,218
DA:256,227
DA:257,218
DA:258,218
DA:259,218
DA:260,218
DA:261,445
DA:262,228
DA:263,20
DA:264,20
DA:265,20
DA:266,208
DA:267,228
DA:268,228
DA:269,228
DA:270,228
DA:271,228
DA:272,228
DA:273,228
DA:274,228
DA:275,227
DA:276,227
DA:277,298
DA:278,298
DA:279,168
DA:280,110
DA:283,2
DA:284,18
DA:286,298
DA:287,298
DA:288,298
DA:289,298
DA:290,298
DA:291,298
DA:292,298
DA:293,298
DA:294,298
DA:295,298
DA:296,298
DA:297,298
DA:298,298
DA:299,298
DA:300,298
DA:301,298
DA:303,227
DA:304,227
DA:305,227
DA:306,227
DA:307,227
DA:308,227
DA:309,227
DA:310,227
DA:311,227
DA:313,227
DA:314,1
DA:315,1
DA:316,1
DA:317,1
DA:318,1
DA:319,226
DA:320,227
DA:322,217
DA:323,217
DA:325,227
DA:326,227
DA:327,227
DA:328,227
DA:329,227
DA:330,227
DA:331,227
DA:334,234
DA:335,234
DA:336,234
DA:337,234
DA:338,234
DA:339,234
DA:340,234
DA:341,234
DA:343,234
DA:344,214
DA:345,214
DA:346,10213
DA:347,10213
DA:348,213
DA:349,213
DA:350,10000
DA:352,214
DA:353,1
DA:355,213
DA:356,213
DA:357,213
DA:358,213
DA:360,20
DA:361,20
DA:362,68
DA:363,68
DA:364,19
DA:365,19
DA:366,49
DA:368,20
DA:369,1
DA:371,19
DA:372,18
DA:373,1
DA:377,234
DA:379,2
DA:380,2
DA:381,2
DA:382,2
DA:383,2
DA:384,2
DA:385,2
DA:402,223
DA:403,223
DA:404,223
DA:412,21
DA:414,21
DA:427,2
DA:434,2
DA:439,1
DA:441,1
DA:450,1
DA:452,1
DA:457,223
DA:462,223
DA:471,446
DA:477,446
DA:480,10
DA:482,10
DA:483,10
DA:484,10
DA:485,10
DA:486,10
DA:488,13
DA:489,13
DA:490,13
DA:491,13
DA:492,13
DA:493,13
DA:494,13
DA:495,10
DA:497,10
DA:500,1
DA:501,1
DA:502,1
DA:503,1
DA:504,1
DA:505,1
DA:506,1
DA:507,1
DA:508,1
DA:509,1
DA:510,1
DA:511,1
DA:512,1
DA:513,1
DA:514,1
DA:515,1
DA:516,1
DA:517,1
DA:518,1
DA:519,1
DA:520,1
DA:521,1
DA:522,1
DA:523,1
DA:524,1
DA:525,1
DA:526,1
DA:527,1
DA:528,1
DA:531,1
DA:532,1
DA:533,1
DA:534,1
DA:535,1
DA:536,1
DA:537,1
DA:538,1
DA:539,1
DA:540,1
DA:541,1
DA:542,1
DA:543,1
DA:544,1
DA:546,1
DA:547,1
DA:548,1
DA:549,1
DA:550,1
DA:551,1
DA:552,1
DA:555,1
DA:556,1
DA:557,1
DA:558,1
DA:559,1
DA:560,1
DA:561,1
DA:562,1
DA:563,1
DA:564,1
DA:565,1
DA:566,1
DA:567,1
DA:568,1
DA:569,1
DA:570,1
DA:571,1
DA:572,1
DA:573,1
DA:574,1
DA:575,1
DA:576,1
DA:577,1
DA:578,1
DA:581,1
DA:582,1
DA:583,1
DA:584,1
DA:585,1
DA:586,1
DA:587,1
DA:588,1
DA:589,1
DA:590,1
DA:591,1
DA:592,1
DA:593,1
DA:594,1
DA:595,1
DA:596,1
DA:597,1
DA:598,1
DA:599,1
DA:600,1
DA:601,1
DA:602,1
DA:605,1
DA:606,1
DA:607,1
DA:608,1
DA:609,1
DA:610,1
DA:611,1
DA:613,1
DA:614,1
DA:615,1
DA:616,1
DA:619,1
DA:620,1
DA:621,1
DA:622,1
DA:623,1
DA:624,1
DA:625,1
DA:626,1
DA:627,1
DA:628,1
DA:629,1
DA:630,1
DA:631,1
DA:632,1
DA:633,1
DA:634,1
DA:635,1
DA:636,1
DA:637,1
DA:638,1
DA:639,1
DA:642,1
DA:643,1
DA:644,1
DA:645,1
DA:646,1
DA:647,1
DA:648,1
DA:649,1
DA:650,1
DA:651,1
DA:654,1
DA:655,1
DA:657,1
DA:658,1
DA:659,1
DA:660,1
DA:661,1
DA:662,1
DA:663,1
DA:664,1
DA:665,1
DA:666,1
DA:667,1
DA:668,1
DA:669,1
DA:670,1
DA:674,1
DA:675,1
DA:676,1
DA:677,1
DA:678,1
DA:680,1
DA:684,1
DA:685,1
DA:686,1
DA:690,1
DA:691,1
DA:692,1
DA:693,1
DA:694,1
DA:695,1
DA:696,1
DA:697,1
DA:700,1
DA:701,1
DA:702,1
DA:703,1
DA:704,1
DA:705,1
DA:706,1
DA:707,1
DA:708,1
DA:709,1
DA:710,1
DA:711,1
DA:712,1
DA:713,1
DA:714,1
DA:715,1
DA:716,1
DA:717,1
DA:718,1
DA:719,1
DA:720,1
DA:723,1
DA:724,1
DA:725,1
DA:726,1
DA:727,1
DA:729,1
DA:730,1
DA:731,1
DA:732,1
DA:735,1
DA:736,1
DA:737,1
DA:738,1
DA:739,1
DA:740,1
DA:741,1
DA:742,1
DA:743,1
DA:744,1
DA:745,1
DA:746,1
DA:747,1
DA:748,1
DA:749,1
DA:750,1
DA:751,1
DA:752,1
DA:753,1
DA:754,1
DA:755,1
DA:756,1
DA:757,1
DA:760,1
DA:768,9
DA:776,9
DA:785,3
DA:787,3
DA:791,1
DA:792,1
DA:793,1
DA:794,1
DA:795,1
DA:796,1
DA:797,1
DA:798,1
DA:799,1
DA:800,1
DA:801,1
DA:802,1
DA:803,1
DA:804,1
DA:805,1
DA:806,1
DA:807,1
DA:808,1
DA:809,1
DA:810,1
DA:811,1
DA:812,1
DA:813,1
DA:814,1
DA:815,1
DA:816,1
DA:817,1
DA:818,1
DA:819,1
DA:820,1
DA:821,1
DA:822,1
DA:825,1
DA:826,1
DA:827,1
DA:828,1
DA:830,1
DA:831,1
DA:832,1
DA:833,1
DA:835,1
DA:836,1
DA:837,1
DA:838,1
DA:839,1
DA:840,1
DA:841,1
DA:842,1
DA:844,1
DA:845,1
DA:846,1
DA:847,1
DA:849,1
DA:850,1
DA:851,1
DA:852,1
DA:853,1
DA:854,1
DA:855,1
DA:856,1
DA:859,1
DA:860,1
DA:863,1
DA:864,1
DA:865,1
DA:866,1
DA:868,4
DA:869,1
DA:870,1
DA:871,1
DA:872,1
DA:873,1
DA:874,1
DA:875,1
DA:876,1
DA:877,4
DA:878,4
DA:879,4
DA:881,1
DA:882,1
DA:889,1
DA:890,1
DA:891,1
DA:892,1
DA:894,1
DA:895,1
DA:896,1
DA:897,1
DA:898,1
DA:899,1
DA:900,1
DA:901,1
DA:902,1
DA:903,1
DA:904,1
DA:906,1
DA:907,1
DA:908,1
DA:911,1
DA:916,1
DA:917,1
DA:918,1
DA:919,1
DA:920,1
DA:921,1
DA:922,1
DA:923,1
DA:924,1
DA:925,1
DA:926,1
DA:927,1
DA:928,1
DA:929,1
DA:930,1
DA:931,1
DA:932,1
DA:933,1
DA:934,1
DA:935,1
DA:936,1
DA:937,1
DA:938,1
DA:939,1
DA:940,1
DA:941,1
DA:942,1
DA:943,2
DA:944,2
DA:945,2
DA:946,2
DA:947,2
DA:948,1
DA:951,1
DA:952,1
DA:953,1
DA:954,1
DA:955,1
DA:956,1
DA:957,1
DA:958,1
DA:959,1
DA:960,1
DA:961,1
DA:962,1
DA:963,1
DA:964,1
DA:965,1
DA:966,1
DA:967,1
DA:968,1
DA:969,1
DA:970,1
DA:971,1
DA:972,1
DA:973,1
DA:974,1
DA:975,1
DA:976,1
DA:977,1
DA:978,1
DA:979,1
DA:980,1
DA:981,1
DA:982,1
DA:983,1
DA:984,1
DA:985,1
DA:986,1
BRF:0
BRH:0
LF:751
LH:750
end_of_record
SF:/Users/mrrobot/Documents/personal/opinions/crates/simswarm/src/engine/ws_buffer.rs
FN:43,_RNvMNtNtCs59zpMsmdEXs_8simswarm6engine9ws_bufferNtB2_12WsTickBuffer13drain_through
FN:58,_RNvMNtNtCs59zpMsmdEXs_8simswarm6engine9ws_bufferNtB2_12WsTickBuffer13trace_records
FN:25,_RNvMNtNtCs59zpMsmdEXs_8simswarm6engine9ws_bufferNtB2_12WsTickBuffer4push
FN:120,_RNvNtNtNtCs59zpMsmdEXs_8simswarm6engine9ws_buffer5testss_51gaps_are_detected_and_snapshot_records_are_explicit
FN:103,_RNvNtNtNtCs59zpMsmdEXs_8simswarm6engine9ws_buffer5testss_58frames_wait_for_boundary_then_sort_by_sequence_and_arrival
FN:88,_RINvMNtNtCs59zpMsmdEXs_8simswarm6engine9ws_bufferNtB3_12WsTickBuffer17recovery_snapshotReEB7_
FN:47,_RNCNvMNtNtCs59zpMsmdEXs_8simswarm6engine9ws_bufferNtB4_12WsTickBuffer13drain_through0B8_
FN:28,_RNCNvMNtNtCs59zpMsmdEXs_8simswarm6engine9ws_bufferNtB4_12WsTickBuffer4push0B8_
FNDA:5,_RNvMNtNtCs59zpMsmdEXs_8simswarm6engine9ws_bufferNtB2_12WsTickBuffer13drain_through
FNDA:3,_RNvMNtNtCs59zpMsmdEXs_8simswarm6engine9ws_bufferNtB2_12WsTickBuffer13trace_records
FNDA:6,_RNvMNtNtCs59zpMsmdEXs_8simswarm6engine9ws_bufferNtB2_12WsTickBuffer4push
FNDA:1,_RNvNtNtNtCs59zpMsmdEXs_8simswarm6engine9ws_buffer5testss_51gaps_are_detected_and_snapshot_records_are_explicit
FNDA:1,_RNvNtNtNtCs59zpMsmdEXs_8simswarm6engine9ws_buffer5testss_58frames_wait_for_boundary_then_sort_by_sequence_and_arrival
FNDA:1,_RINvMNtNtCs59zpMsmdEXs_8simswarm6engine9ws_bufferNtB3_12WsTickBuffer17recovery_snapshotReEB7_
FNDA:6,_RNCNvMNtNtCs59zpMsmdEXs_8simswarm6engine9ws_bufferNtB4_12WsTickBuffer13drain_through0B8_
FNDA:4,_RNCNvMNtNtCs59zpMsmdEXs_8simswarm6engine9ws_bufferNtB4_12WsTickBuffer4push0B8_
FNF:8
FNH:8
DA:25,6
DA:26,6
DA:27,6
DA:28,6
DA:29,6
DA:30,6
DA:31,6
DA:32,6
DA:33,6
DA:34,6
DA:35,6
DA:36,6
DA:37,6
DA:38,6
DA:39,6
DA:40,6
DA:43,5
DA:44,5
DA:45,5
DA:46,5
DA:47,6
DA:48,6
DA:49,6
DA:50,6
DA:51,6
DA:52,6
DA:53,6
DA:54,5
DA:55,5
DA:58,3
DA:59,3
DA:60,3
DA:61,3
DA:62,1
DA:64,2
DA:65,1
DA:66,1
DA:67,1
DA:68,1
DA:69,1
DA:70,1
DA:71,1
DA:72,1
DA:73,2
DA:74,2
DA:75,2
DA:76,2
DA:77,2
DA:78,2
DA:79,2
DA:80,2
DA:81,2
DA:82,2
DA:84,3
DA:85,3
DA:88,1
DA:89,1
DA:90,1
DA:91,1
DA:92,1
DA:93,1
DA:103,1
DA:104,1
DA:105,1
DA:106,1
DA:107,1
DA:108,1
DA:109,1
DA:110,1
DA:111,1
DA:112,1
DA:113,1
DA:114,1
DA:117,1
DA:120,1
DA:121,1
DA:122,1
DA:123,1
DA:124,1
DA:125,1
DA:126,1
DA:127,1
DA:128,1
DA:129,1
DA:135,1
DA:136,1
DA:137,1
DA:138,1
DA:139,1
DA:140,1
DA:142,1
DA:143,1
DA:144,1
DA:145,1
BRF:0
BRH:0
LF:96
LH:96
end_of_record
SF:/Users/mrrobot/Documents/personal/opinions/crates/simswarm/src/invariants_client.rs
FN:50,_RNCNCNvMNtCs59zpMsmdEXs_8simswarm17invariants_clientNtB6_16InvariantsClient19check_quiet_segment00B8_
FN:32,_RNCNCNvXs9_NtCs59zpMsmdEXs_8simswarm17invariants_clientNtNtBb_9transport13HttpTransportNtB9_12InvariantApi16invariant_report00Bb_
FN:45,_RNCNvMNtCs59zpMsmdEXs_8simswarm17invariants_clientNtB4_16InvariantsClient19check_quiet_segment0B6_
FN:42,_RNvMNtCs59zpMsmdEXs_8simswarm17invariants_clientNtB2_16InvariantsClient19check_quiet_segment
FN:79,_RNvNtNtCs59zpMsmdEXs_8simswarm17invariants_client5tests6report
FN:117,_RNvNtNtCs59zpMsmdEXs_8simswarm17invariants_client5testss_39inconsistent_top_level_pass_is_rejected
FN:92,_RNvNtNtCs59zpMsmdEXs_8simswarm17invariants_client5testss_45calls_only_in_quiet_segments_and_fails_closed
FN:132,_RNvNtNtCs59zpMsmdEXs_8simswarm17invariants_client5testss_49http_adapter_sends_bearer_and_decodes_wire_report
FN:72,_RNvXNtNtCs59zpMsmdEXs_8simswarm17invariants_client5testsNtB2_7FakeApiNtB4_12InvariantApi16invariant_report
FN:30,_RNvXs9_NtCs59zpMsmdEXs_8simswarm17invariants_clientNtNtB7_9transport13HttpTransportNtB5_12InvariantApi16invariant_report
FN:135,_RNCNCNvNtNtCs59zpMsmdEXs_8simswarm17invariants_client5testss_49http_adapter_sends_bearer_and_decodes_wire_report00B9_
FN:162,_RNCNCNvNtNtCs59zpMsmdEXs_8simswarm17invariants_client5testss_49http_adapter_sends_bearer_and_decodes_wire_report0s_0B9_
FN:117,_RNCNvNtNtCs59zpMsmdEXs_8simswarm17invariants_client5testss_39inconsistent_top_level_pass_is_rejected0B7_
FN:92,_RNCNvNtNtCs59zpMsmdEXs_8simswarm17invariants_client5testss_45calls_only_in_quiet_segments_and_fails_closed0B7_
FN:132,_RNCNvNtNtCs59zpMsmdEXs_8simswarm17invariants_client5testss_49http_adapter_sends_bearer_and_decodes_wire_report0B7_
FNDA:2,_RNCNCNvMNtCs59zpMsmdEXs_8simswarm17invariants_clientNtB6_16InvariantsClient19check_quiet_segment00B8_
FNDA:1,_RNCNCNvXs9_NtCs59zpMsmdEXs_8simswarm17invariants_clientNtNtBb_9transport13HttpTransportNtB9_12InvariantApi16invariant_report00Bb_
FNDA:6,_RNCNvMNtCs59zpMsmdEXs_8simswarm17invariants_clientNtB4_16InvariantsClient19check_quiet_segment0B6_
FNDA:6,_RNvMNtCs59zpMsmdEXs_8simswarm17invariants_clientNtB2_16InvariantsClient19check_quiet_segment
FNDA:3,_RNvNtNtCs59zpMsmdEXs_8simswarm17invariants_client5tests6report
FNDA:1,_RNvNtNtCs59zpMsmdEXs_8simswarm17invariants_client5testss_39inconsistent_top_level_pass_is_rejected
FNDA:1,_RNvNtNtCs59zpMsmdEXs_8simswarm17invariants_client5testss_45calls_only_in_quiet_segments_and_fails_closed
FNDA:1,_RNvNtNtCs59zpMsmdEXs_8simswarm17invariants_client5testss_49http_adapter_sends_bearer_and_decodes_wire_report
FNDA:3,_RNvXNtNtCs59zpMsmdEXs_8simswarm17invariants_client5testsNtB2_7FakeApiNtB4_12InvariantApi16invariant_report
FNDA:2,_RNvXs9_NtCs59zpMsmdEXs_8simswarm17invariants_clientNtNtB7_9transport13HttpTransportNtB5_12InvariantApi16invariant_report
FNDA:1,_RNCNCNvNtNtCs59zpMsmdEXs_8simswarm17invariants_client5testss_49http_adapter_sends_bearer_and_decodes_wire_report00B9_
FNDA:1,_RNCNCNvNtNtCs59zpMsmdEXs_8simswarm17invariants_client5testss_49http_adapter_sends_bearer_and_decodes_wire_report0s_0B9_
FNDA:1,_RNCNvNtNtCs59zpMsmdEXs_8simswarm17invariants_client5testss_39inconsistent_top_level_pass_is_rejected0B7_
FNDA:1,_RNCNvNtNtCs59zpMsmdEXs_8simswarm17invariants_client5testss_45calls_only_in_quiet_segments_and_fails_closed0B7_
FNDA:1,_RNCNvNtNtCs59zpMsmdEXs_8simswarm17invariants_client5testss_49http_adapter_sends_bearer_and_decodes_wire_report0B7_
FNF:15
FNH:15
DA:30,2
DA:32,1
DA:33,2
DA:42,6
DA:43,6
DA:44,6
DA:45,6
DA:46,6
DA:47,1
DA:48,5
DA:49,5
DA:50,5
DA:51,2
DA:52,3
DA:53,3
DA:54,6
DA:72,3
DA:76,3
DA:79,3
DA:80,3
DA:81,3
DA:82,3
DA:83,3
DA:84,3
DA:85,3
DA:86,3
DA:87,3
DA:88,3
DA:89,3
DA:92,1
DA:93,1
DA:94,1
DA:95,1
DA:96,1
DA:97,1
DA:98,1
DA:99,1
DA:100,1
DA:101,1
DA:102,1
DA:103,1
DA:105,1
DA:106,1
DA:107,1
DA:108,1
DA:109,1
DA:110,1
DA:111,1
DA:112,1
DA:113,1
DA:114,1
DA:117,1
DA:118,1
DA:119,1
DA:120,1
DA:121,1
DA:122,1
DA:123,1
DA:124,1
DA:125,1
DA:126,1
DA:127,1
DA:128,1
DA:129,1
DA:132,1
DA:133,1
DA:134,1
DA:135,1
DA:136,1
DA:137,1
DA:138,1
DA:139,1
DA:140,1
DA:141,1
DA:142,1
DA:144,1
DA:146,1
DA:147,1
DA:148,1
DA:149,1
DA:150,1
DA:151,1
DA:152,1
DA:153,1
DA:154,1
DA:155,1
DA:156,1
DA:157,1
DA:158,1
DA:160,1
DA:161,1
DA:162,1
DA:163,1
DA:164,1
DA:165,1
DA:166,1
DA:167,1
DA:168,1
DA:169,1
DA:170,1
DA:171,1
DA:172,1
DA:173,1
DA:174,1
DA:175,1
DA:176,1
DA:177,1
DA:178,1
BRF:0
BRH:0
LF:119
LH:119
end_of_record
SF:/Users/mrrobot/Documents/personal/opinions/crates/simswarm/src/manifest.rs
FN:290,_RNCNCNvNtNtCs59zpMsmdEXs_8simswarm8manifest5testss_51full_profile_keeps_attack_and_load_rosters_isolateds0_00B9_
FN:305,_RNCNCNvNtNtCs59zpMsmdEXs_8simswarm8manifest5testss_51full_profile_keeps_attack_and_load_rosters_isolateds2_00B9_
FN:314,_RNCNCNvNtNtCs59zpMsmdEXs_8simswarm8manifest5testss_51full_profile_keeps_attack_and_load_rosters_isolateds4_00B9_
FN:283,_RNCNvNtNtCs59zpMsmdEXs_8simswarm8manifest5testss_51full_profile_keeps_attack_and_load_rosters_isolated0B7_
FN:286,_RNCNvNtNtCs59zpMsmdEXs_8simswarm8manifest5testss_51full_profile_keeps_attack_and_load_rosters_isolateds0_0B7_
FN:296,_RNCNvNtNtCs59zpMsmdEXs_8simswarm8manifest5testss_51full_profile_keeps_attack_and_load_rosters_isolateds1_0B7_
FN:305,_RNCNvNtNtCs59zpMsmdEXs_8simswarm8manifest5testss_51full_profile_keeps_attack_and_load_rosters_isolateds2_0B7_
FN:306,_RNCNvNtNtCs59zpMsmdEXs_8simswarm8manifest5testss_51full_profile_keeps_attack_and_load_rosters_isolateds3_0B7_
FN:310,_RNCNvNtNtCs59zpMsmdEXs_8simswarm8manifest5testss_51full_profile_keeps_attack_and_load_rosters_isolateds4_0B7_
FN:300,_RNCNvNtNtCs59zpMsmdEXs_8simswarm8manifest5testss_51full_profile_keeps_attack_and_load_rosters_isolateds_0B7_
FN:72,_RNCNvMNtCs59zpMsmdEXs_8simswarm8manifestNtB4_11RunManifest7profile0B6_
FN:102,_RNCNvMNtCs59zpMsmdEXs_8simswarm8manifestNtB4_11RunManifest7profiles0_0B6_
FN:106,_RNCNvMNtCs59zpMsmdEXs_8simswarm8manifestNtB4_11RunManifest7profiles1_0B6_
FN:108,_RNCNvMNtCs59zpMsmdEXs_8simswarm8manifestNtB4_11RunManifest7profiles2_0B6_
FN:112,_RNCNvMNtCs59zpMsmdEXs_8simswarm8manifestNtB4_11RunManifest7profiles3_0B6_
FN:114,_RNCNvMNtCs59zpMsmdEXs_8simswarm8manifestNtB4_11RunManifest7profiles4_0B6_
FN:88,_RNCNvMNtCs59zpMsmdEXs_8simswarm8manifestNtB4_11RunManifest7profiles_0B6_
FN:167,_RNCNvMNtCs59zpMsmdEXs_8simswarm8manifestNtB4_11RunManifest8validates0_0B6_
FN:175,_RNCNvMNtCs59zpMsmdEXs_8simswarm8manifestNtB4_11RunManifest8validates1_0B6_
FN:182,_RNCNvMNtCs59zpMsmdEXs_8simswarm8manifestNtB4_11RunManifest8validates2_0B6_
FN:187,_RNCNvMNtCs59zpMsmdEXs_8simswarm8manifestNtB4_11RunManifest8validates3_0B6_
FN:162,_RNCNvMNtCs59zpMsmdEXs_8simswarm8manifestNtB4_11RunManifest8validates_0B6_
FN:226,_RNCNvNtCs59zpMsmdEXs_8simswarm8manifest3hex0B5_
FN:208,_RNvMNtCs59zpMsmdEXs_8simswarm8manifestNtB2_11RunManifest10from_slice
FN:220,_RNvMNtCs59zpMsmdEXs_8simswarm8manifestNtB2_11RunManifest11stream_seed
FN:195,_RNvMNtCs59zpMsmdEXs_8simswarm8manifestNtB2_11RunManifest14persona_counts
FN:203,_RNvMNtCs59zpMsmdEXs_8simswarm8manifestNtB2_11RunManifest15canonical_bytes
FN:66,_RNvMNtCs59zpMsmdEXs_8simswarm8manifestNtB2_11RunManifest7profile
FN:215,_RNvMNtCs59zpMsmdEXs_8simswarm8manifestNtB2_11RunManifest8hash_hex
FN:148,_RNvMNtCs59zpMsmdEXs_8simswarm8manifestNtB2_11RunManifest8validate
FN:225,_RNvNtCs59zpMsmdEXs_8simswarm8manifest3hex
FN:356,_RNvNtNtCs59zpMsmdEXs_8simswarm8manifest5testss_42rng_derivation_separates_actor_and_purpose
FN:257,_RNvNtNtCs59zpMsmdEXs_8simswarm8manifest5testss_46smoke_manifest_is_valid_canonical_and_complete
FN:273,_RNvNtNtCs59zpMsmdEXs_8simswarm8manifest5testss_51full_profile_keeps_attack_and_load_rosters_isolated
FN:367,_RNvNtNtCs59zpMsmdEXs_8simswarm8manifest5testss_52manifest_round_trip_revalidates_and_rejects_bad_json
FN:320,_RNvNtNtCs59zpMsmdEXs_8simswarm8manifest5testss_54manifest_validation_rejects_each_pinned_contract_break
FNDA:601,_RNCNCNvNtNtCs59zpMsmdEXs_8simswarm8manifest5testss_51full_profile_keeps_attack_and_load_rosters_isolateds0_00B9_
FNDA:80,_RNCNCNvNtNtCs59zpMsmdEXs_8simswarm8manifest5testss_51full_profile_keeps_attack_and_load_rosters_isolateds2_00B9_
FNDA:80,_RNCNCNvNtNtCs59zpMsmdEXs_8simswarm8manifest5testss_51full_profile_keeps_attack_and_load_rosters_isolateds4_00B9_
FNDA:1,_RNCNvNtNtCs59zpMsmdEXs_8simswarm8manifest5testss_51full_profile_keeps_attack_and_load_rosters_isolated0B7_
FNDA:31,_RNCNvNtNtCs59zpMsmdEXs_8simswarm8manifest5testss_51full_profile_keeps_attack_and_load_rosters_isolateds0_0B7_
FNDA:31,_RNCNvNtNtCs59zpMsmdEXs_8simswarm8manifest5testss_51full_profile_keeps_attack_and_load_rosters_isolateds1_0B7_
FNDA:2,_RNCNvNtNtCs59zpMsmdEXs_8simswarm8manifest5testss_51full_profile_keeps_attack_and_load_rosters_isolateds2_0B7_
FNDA:2,_RNCNvNtNtCs59zpMsmdEXs_8simswarm8manifest5testss_51full_profile_keeps_attack_and_load_rosters_isolateds3_0B7_
FNDA:2,_RNCNvNtNtCs59zpMsmdEXs_8simswarm8manifest5testss_51full_profile_keeps_attack_and_load_rosters_isolateds4_0B7_
FNDA:2,_RNCNvNtNtCs59zpMsmdEXs_8simswarm8manifest5testss_51full_profile_keeps_attack_and_load_rosters_isolateds_0B7_
FNDA:6000,_RNCNvMNtCs59zpMsmdEXs_8simswarm8manifestNtB4_11RunManifest7profile0B6_
FNDA:132,_RNCNvMNtCs59zpMsmdEXs_8simswarm8manifestNtB4_11RunManifest7profiles0_0B6_
FNDA:3836,_RNCNvMNtCs59zpMsmdEXs_8simswarm8manifestNtB4_11RunManifest7profiles1_0B6_
FNDA:3000,_RNCNvMNtCs59zpMsmdEXs_8simswarm8manifestNtB4_11RunManifest7profiles2_0B6_
FNDA:1166,_RNCNvMNtCs59zpMsmdEXs_8simswarm8manifestNtB4_11RunManifest7profiles3_0B6_
FNDA:330,_RNCNvMNtCs59zpMsmdEXs_8simswarm8manifestNtB4_11RunManifest7profiles4_0B6_
FNDA:36000,_RNCNvMNtCs59zpMsmdEXs_8simswarm8manifestNtB4_11RunManifest7profiles_0B6_
FNDA:3,_RNCNvMNtCs59zpMsmdEXs_8simswarm8manifestNtB4_11RunManifest8validates0_0B6_
FNDA:252,_RNCNvMNtCs59zpMsmdEXs_8simswarm8manifestNtB4_11RunManifest8validates1_0B6_
FNDA:615,_RNCNvMNtCs59zpMsmdEXs_8simswarm8manifestNtB4_11RunManifest8validates2_0B6_
FNDA:3000,_RNCNvMNtCs59zpMsmdEXs_8simswarm8manifestNtB4_11RunManifest8validates3_0B6_
FNDA:6500,_RNCNvMNtCs59zpMsmdEXs_8simswarm8manifestNtB4_11RunManifest8validates_0B6_
FNDA:992,_RNCNvNtCs59zpMsmdEXs_8simswarm8manifest3hex0B5_
FNDA:3,_RNvMNtCs59zpMsmdEXs_8simswarm8manifestNtB2_11RunManifest10from_slice
FNDA:638,_RNvMNtCs59zpMsmdEXs_8simswarm8manifestNtB2_11RunManifest11stream_seed
FNDA:1,_RNvMNtCs59zpMsmdEXs_8simswarm8manifestNtB2_11RunManifest14persona_counts
FNDA:34,_RNvMNtCs59zpMsmdEXs_8simswarm8manifestNtB2_11RunManifest15canonical_bytes
FNDA:22,_RNvMNtCs59zpMsmdEXs_8simswarm8manifestNtB2_11RunManifest7profile
FNDA:31,_RNvMNtCs59zpMsmdEXs_8simswarm8manifestNtB2_11RunManifest8hash_hex
FNDA:50,_RNvMNtCs59zpMsmdEXs_8simswarm8manifestNtB2_11RunManifest8validate
FNDA:31,_RNvNtCs59zpMsmdEXs_8simswarm8manifest3hex
FNDA:1,_RNvNtNtCs59zpMsmdEXs_8simswarm8manifest5testss_42rng_derivation_separates_actor_and_purpose
FNDA:1,_RNvNtNtCs59zpMsmdEXs_8simswarm8manifest5testss_46smoke_manifest_is_valid_canonical_and_complete
FNDA:1,_RNvNtNtCs59zpMsmdEXs_8simswarm8manifest5testss_51full_profile_keeps_attack_and_load_rosters_isolated
FNDA:1,_RNvNtNtCs59zpMsmdEXs_8simswarm8manifest5testss_52manifest_round_trip_revalidates_and_rejects_bad_json
FNDA:1,_RNvNtNtCs59zpMsmdEXs_8simswarm8manifest5testss_54manifest_validation_rejects_each_pinned_contract_break
FNF:36
FNH:36
DA:66,22
DA:67,22
DA:68,20
DA:69,2
DA:71,22
DA:72,6000
DA:75,6000
DA:76,6000
DA:77,400
DA:79,5600
DA:81,6000
DA:82,6000
DA:83,22
DA:84,22
DA:85,132
DA:86,858
DA:87,132
DA:88,36000
DA:90,858
DA:91,858
DA:92,858
DA:93,858
DA:94,44
DA:95,22
DA:96,22
DA:97,836
DA:100,22
DA:101,22
DA:102,132
DA:103,22
DA:104,22
DA:105,22
DA:106,3836
DA:107,22
DA:108,3000
DA:109,22
DA:110,22
DA:111,22
DA:112,1166
DA:113,22
DA:114,330
DA:115,22
DA:116,22
DA:117,22
DA:118,22
DA:119,22
DA:120,22
DA:121,22
DA:122,22
DA:123,22
DA:124,22
DA:125,22
DA:126,22
DA:127,22
DA:128,22
DA:129,22
DA:130,22
DA:131,22
DA:132,22
DA:133,22
DA:134,22
DA:135,22
DA:136,22
DA:137,22
DA:138,22
DA:139,22
DA:140,22
DA:141,22
DA:142,22
DA:143,22
DA:144,22
DA:145,22
DA:146,22
DA:148,50
DA:149,50
DA:150,2
DA:151,48
DA:152,48
DA:153,1
DA:154,47
DA:155,47
DA:156,47
DA:157,47
DA:158,47
DA:159,46
DA:160,46
DA:161,46
DA:162,6500
DA:163,46
DA:164,46
DA:165,1
DA:166,45
DA:167,45
DA:168,1
DA:169,1
DA:170,1
DA:171,3
DA:172,42
DA:173,42
DA:174,42
DA:175,252
DA:176,42
DA:177,42
DA:178,41
DA:179,41
DA:180,41
DA:181,41
DA:182,615
DA:183,41
DA:184,41
DA:185,41
DA:186,41
DA:187,3000
DA:189,1
DA:190,41
DA:191,41
DA:192,50
DA:195,1
DA:196,1
DA:197,100
DA:198,100
DA:199,100
DA:200,1
DA:201,1
DA:203,34
DA:204,34
DA:205,34
DA:206,34
DA:208,3
DA:209,2
DA:210,3
DA:211,2
DA:212,1
DA:213,3
DA:215,31
DA:216,31
DA:217,31
DA:220,638
DA:221,638
DA:222,638
DA:225,31
DA:226,992
DA:227,31
DA:257,1
DA:258,1
DA:259,1
DA:261,1
DA:262,1
DA:263,1
DA:264,1
DA:265,1
DA:266,1
DA:268,1
DA:269,1
DA:270,1
DA:273,1
DA:274,1
DA:275,1
DA:277,1
DA:278,1
DA:279,1
DA:280,1
DA:281,1
DA:282,1
DA:283,1
DA:284,1
DA:285,1
DA:286,31
DA:287,31
DA:288,31
DA:289,31
DA:290,601
DA:291,31
DA:292,31
DA:293,1
DA:294,1
DA:295,1
DA:296,31
DA:297,1
DA:298,1
DA:299,1
DA:300,2
DA:301,1
DA:302,1
DA:303,1
DA:304,1
DA:305,80
DA:306,2
DA:307,1
DA:310,2
DA:311,2
DA:312,2
DA:313,2
DA:314,80
DA:315,2
DA:316,2
DA:317,1
DA:320,1
DA:321,1
DA:323,1
DA:324,1
DA:325,1
DA:327,1
DA:328,1
DA:329,1
DA:331,1
DA:332,1
DA:333,1
DA:335,1
DA:336,1
DA:337,1
DA:339,1
DA:340,1
DA:341,1
DA:342,1
DA:343,1
DA:344,1
DA:346,1
DA:347,1
DA:348,1
DA:350,1
DA:351,1
DA:352,1
DA:353,1
DA:356,1
DA:357,1
DA:358,1
DA:359,1
DA:360,1
DA:361,1
DA:362,1
DA:363,1
DA:364,1
DA:367,1
DA:368,1
DA:369,1
DA:370,1
DA:371,1
DA:372,1
DA:375,1
DA:376,1
DA:377,1
DA:378,1
DA:381,1
BRF:0
BRH:0
LF:268
LH:268
end_of_record
SF:/Users/mrrobot/Documents/personal/opinions/crates/simswarm/src/ports.rs
FN:60,_RNvNtNtCs59zpMsmdEXs_8simswarm5ports5testss_36swarm_error_is_typed_and_displayable
FNDA:1,_RNvNtNtCs59zpMsmdEXs_8simswarm5ports5testss_36swarm_error_is_typed_and_displayable
FNF:1
FNH:1
DA:60,1
DA:61,1
DA:62,1
DA:63,1
DA:64,1
BRF:0
BRH:0
LF:5
LH:5
end_of_record
SF:/Users/mrrobot/Documents/personal/opinions/crates/simswarm/src/trace.rs
FN:755,_RNvNtNtCs59zpMsmdEXs_8simswarm5trace5tests11opportunity
FN:979,_RNvNtNtCs59zpMsmdEXs_8simswarm5trace5testss_48close_to_paid_subtracts_only_the_named_risk_hold
FN:1182,_RNvNtNtCs59zpMsmdEXs_8simswarm5trace5testss_48pinned_spike_requires_two_real_websocket_samples
FN:846,_RNvNtNtCs59zpMsmdEXs_8simswarm5trace5testss_48retry_classification_and_ws_gap_rules_are_pinned
FN:998,_RNvNtNtCs59zpMsmdEXs_8simswarm5trace5testss_49enforced_slo_fails_thin_series_and_missed_targets
FN:927,_RNvNtNtCs59zpMsmdEXs_8simswarm5trace5testss_49replay_rejects_every_version_or_manifest_mismatch
FN:947,_RNvNtNtCs59zpMsmdEXs_8simswarm5trace5testss_51latency_log_is_intentionally_separate_and_canonical
FN:1154,_RNvNtNtCs59zpMsmdEXs_8simswarm5trace5testss_51series_contract_is_derived_from_the_manifest_roster
FN:768,_RNvNtNtCs59zpMsmdEXs_8simswarm5trace5testss_54canonical_plans_are_byte_identical_and_totally_ordered
FN:1205,_RNvNtNtCs59zpMsmdEXs_8simswarm5trace5testss_58decided_trace_round_trips_and_validates_each_action_schema
FN:803,_RNvNtNtCs59zpMsmdEXs_8simswarm5trace5testss_61decided_action_pins_view_outcome_ws_and_retry_without_latency
FN:1090,_RNvNtNtCs59zpMsmdEXs_8simswarm5trace5testss_63a_series_with_no_n_min_and_no_samples_has_no_percentile_to_miss
FN:1120,_RNvNtNtCs59zpMsmdEXs_8simswarm5trace5testss_64a_release_profile_that_never_walks_the_money_path_fails_the_gate
FN:50,_RNvMNtCs59zpMsmdEXs_8simswarm5traceNtB2_16CloseToPaidTrace8gated_ms
FN:140,_RNvMs0_NtCs59zpMsmdEXs_8simswarm5traceNtB5_11TraceHeader13from_manifest
FN:149,_RNvMs0_NtCs59zpMsmdEXs_8simswarm5traceNtB5_11TraceHeader8validate
FN:179,_RNvMs1_NtCs59zpMsmdEXs_8simswarm5traceNtB5_18PlannedOpportunity9order_key
FN:238,_RNvMs2_NtCs59zpMsmdEXs_8simswarm5traceNtB5_12PlannedTrace12canonicalize
FN:191,_RNvMs2_NtCs59zpMsmdEXs_8simswarm5traceNtB5_12PlannedTrace13from_manifest
FN:243,_RNvMs2_NtCs59zpMsmdEXs_8simswarm5traceNtB5_12PlannedTrace20canonical_json_lines
FN:371,_RNvMs3_NtCs59zpMsmdEXs_8simswarm5traceNtB5_13DecidedAction16record_validated
FN:354,_RNvMs3_NtCs59zpMsmdEXs_8simswarm5traceNtB5_13DecidedAction17record_without_ws
FN:334,_RNvMs3_NtCs59zpMsmdEXs_8simswarm5traceNtB5_13DecidedAction6record
FN:432,_RNvMs4_NtCs59zpMsmdEXs_8simswarm5traceNtB5_12DecidedTrace10from_slice
FN:436,_RNvMs4_NtCs59zpMsmdEXs_8simswarm5traceNtB5_12DecidedTrace15canonical_bytes
FN:419,_RNvMs4_NtCs59zpMsmdEXs_8simswarm5traceNtB5_12DecidedTrace19validate_for_replay
FN:534,_RNvMs5_NtCs59zpMsmdEXs_8simswarm5traceNtB5_10LatencyLog10slo_report
FN:491,_RNvMs5_NtCs59zpMsmdEXs_8simswarm5traceNtB5_10LatencyLog10successful
FN:523,_RNvMs5_NtCs59zpMsmdEXs_8simswarm5traceNtB5_10LatencyLog14grouped_counts
FN:539,_RNvMs5_NtCs59zpMsmdEXs_8simswarm5traceNtB5_10LatencyLog14slo_report_for
FN:518,_RNvMs5_NtCs59zpMsmdEXs_8simswarm5traceNtB5_10LatencyLog15canonical_bytes
FN:582,_RNvMs5_NtCs59zpMsmdEXs_8simswarm5traceNtB5_10LatencyLog16successful_gated
FN:496,_RNvMs5_NtCs59zpMsmdEXs_8simswarm5traceNtB5_10LatencyLog7blocked
FN:503,_RNvMs5_NtCs59zpMsmdEXs_8simswarm5traceNtB5_10LatencyLog8attempts
FN:77,_RNvMs_NtCs59zpMsmdEXs_8simswarm5traceNtB4_14SeriesContract13from_manifest
FN:709,_RNvNtCs59zpMsmdEXs_8simswarm5trace10percentile
FN:407,_RNvNtCs59zpMsmdEXs_8simswarm5trace10push_field
FN:671,_RNvNtCs59zpMsmdEXs_8simswarm5trace11check_count
FN:657,_RNvNtCs59zpMsmdEXs_8simswarm5trace12check_target
FN:601,_RNvNtCs59zpMsmdEXs_8simswarm5trace12evaluate_slo
FN:274,_RNvNtCs59zpMsmdEXs_8simswarm5trace14classify_retry
FN:682,_RNvNtCs59zpMsmdEXs_8simswarm5trace16check_percentile
FN:28,_RNvNtCs59zpMsmdEXs_8simswarm5trace16close_to_paid_ms
FN:396,_RNvNtCs59zpMsmdEXs_8simswarm5trace20canonical_view_bytes
FN:309,_RNvNtCs59zpMsmdEXs_8simswarm5trace20validate_ws_recovery
FN:717,_RNvNtCs59zpMsmdEXs_8simswarm5trace3hex
FN:699,_RNvNtCs59zpMsmdEXs_8simswarm5trace9summarize
FN:742,_RNvXs6_NtCs59zpMsmdEXs_8simswarm5traceNtB5_10TraceErrorNtNtCsgtPOCBgevO_4core3cmp9PartialEq2eq
FN:798,_RNCNCNvNtNtCs59zpMsmdEXs_8simswarm5trace5testss_54canonical_plans_are_byte_identical_and_totally_ordereds0_00B9_
FN:1160,_RNCNvNtNtCs59zpMsmdEXs_8simswarm5trace5testss_51series_contract_is_derived_from_the_manifest_roster0B7_
FN:787,_RNCNvNtNtCs59zpMsmdEXs_8simswarm5trace5testss_54canonical_plans_are_byte_identical_and_totally_ordered0B7_
FN:795,_RNCNvNtNtCs59zpMsmdEXs_8simswarm5trace5testss_54canonical_plans_are_byte_identical_and_totally_ordereds0_0B7_
FN:784,_RNCNvNtNtCs59zpMsmdEXs_8simswarm5trace5testss_54canonical_plans_are_byte_identical_and_totally_ordereds_0B7_
FN:482,_RINvMs5_NtCs59zpMsmdEXs_8simswarm5traceNtB6_10LatencyLog6recordReEB8_
FN:510,_RINvMs5_NtCs59zpMsmdEXs_8simswarm5traceNtB6_10LatencyLog8filteredNCNvB2_10successful0EB8_
FN:510,_RINvMs5_NtCs59zpMsmdEXs_8simswarm5traceNtB6_10LatencyLog8filteredNCNvB2_7blocked0EB8_
FN:513,_RNCINvMs5_NtCs59zpMsmdEXs_8simswarm5traceNtB8_10LatencyLog8filteredNCNvB4_10successful0E0Ba_
FN:513,_RNCINvMs5_NtCs59zpMsmdEXs_8simswarm5traceNtB8_10LatencyLog8filteredNCNvB4_7blocked0E0Ba_
FN:291,_RNCNCNvNtCs59zpMsmdEXs_8simswarm5trace14classify_retrys0_00B7_
FN:292,_RNCNCNvNtCs59zpMsmdEXs_8simswarm5trace14classify_retrys0_0s_0B7_
FN:240,_RNCNvMs2_NtCs59zpMsmdEXs_8simswarm5traceNtB7_12PlannedTrace12canonicalize0B9_
FN:492,_RNCNvMs5_NtCs59zpMsmdEXs_8simswarm5traceNtB7_10LatencyLog10successful0B9_
FN:585,_RNCNvMs5_NtCs59zpMsmdEXs_8simswarm5traceNtB7_10LatencyLog16successful_gated0B9_
FN:497,_RNCNvMs5_NtCs59zpMsmdEXs_8simswarm5traceNtB7_10LatencyLog7blocked0B9_
FN:506,_RNCNvMs5_NtCs59zpMsmdEXs_8simswarm5traceNtB7_10LatencyLog8attempts0B9_
FN:82,_RNCNvMs_NtCs59zpMsmdEXs_8simswarm5traceNtB6_14SeriesContract13from_manifest0B8_
FN:286,_RNCNvNtCs59zpMsmdEXs_8simswarm5trace14classify_retry0B5_
FN:288,_RNCNvNtCs59zpMsmdEXs_8simswarm5trace14classify_retrys0_0B5_
FN:287,_RNCNvNtCs59zpMsmdEXs_8simswarm5trace14classify_retrys_0B5_
FN:718,_RNCNvNtCs59zpMsmdEXs_8simswarm5trace3hex0B5_
FNDA:2,_RNvNtNtCs59zpMsmdEXs_8simswarm5trace5tests11opportunity
FNDA:1,_RNvNtNtCs59zpMsmdEXs_8simswarm5trace5testss_48close_to_paid_subtracts_only_the_named_risk_hold
FNDA:1,_RNvNtNtCs59zpMsmdEXs_8simswarm5trace5testss_48pinned_spike_requires_two_real_websocket_samples
FNDA:1,_RNvNtNtCs59zpMsmdEXs_8simswarm5trace5testss_48retry_classification_and_ws_gap_rules_are_pinned
FNDA:1,_RNvNtNtCs59zpMsmdEXs_8simswarm5trace5testss_49enforced_slo_fails_thin_series_and_missed_targets
FNDA:1,_RNvNtNtCs59zpMsmdEXs_8simswarm5trace5testss_49replay_rejects_every_version_or_manifest_mismatch
FNDA:1,_RNvNtNtCs59zpMsmdEXs_8simswarm5trace5testss_51latency_log_is_intentionally_separate_and_canonical
FNDA:1,_RNvNtNtCs59zpMsmdEXs_8simswarm5trace5testss_51series_contract_is_derived_from_the_manifest_roster
FNDA:1,_RNvNtNtCs59zpMsmdEXs_8simswarm5trace5testss_54canonical_plans_are_byte_identical_and_totally_ordered
FNDA:1,_RNvNtNtCs59zpMsmdEXs_8simswarm5trace5testss_58decided_trace_round_trips_and_validates_each_action_schema
FNDA:1,_RNvNtNtCs59zpMsmdEXs_8simswarm5trace5testss_61decided_action_pins_view_outcome_ws_and_retry_without_latency
FNDA:1,_RNvNtNtCs59zpMsmdEXs_8simswarm5trace5testss_63a_series_with_no_n_min_and_no_samples_has_no_percentile_to_miss
FNDA:1,_RNvNtNtCs59zpMsmdEXs_8simswarm5trace5testss_64a_release_profile_that_never_walks_the_money_path_fails_the_gate
FNDA:2,_RNvMNtCs59zpMsmdEXs_8simswarm5traceNtB2_16CloseToPaidTrace8gated_ms
FNDA:16,_RNvMs0_NtCs59zpMsmdEXs_8simswarm5traceNtB5_11TraceHeader13from_manifest
FNDA:19,_RNvMs0_NtCs59zpMsmdEXs_8simswarm5traceNtB5_11TraceHeader8validate
FNDA:241744,_RNvMs1_NtCs59zpMsmdEXs_8simswarm5traceNtB5_18PlannedOpportunity9order_key
FNDA:5,_RNvMs2_NtCs59zpMsmdEXs_8simswarm5traceNtB5_12PlannedTrace12canonicalize
FNDA:5,_RNvMs2_NtCs59zpMsmdEXs_8simswarm5traceNtB5_12PlannedTrace13from_manifest
FNDA:2,_RNvMs2_NtCs59zpMsmdEXs_8simswarm5traceNtB5_12PlannedTrace20canonical_json_lines
FNDA:229,_RNvMs3_NtCs59zpMsmdEXs_8simswarm5traceNtB5_13DecidedAction16record_validated
FNDA:227,_RNvMs3_NtCs59zpMsmdEXs_8simswarm5traceNtB5_13DecidedAction17record_without_ws
FNDA:2,_RNvMs3_NtCs59zpMsmdEXs_8simswarm5traceNtB5_13DecidedAction6record
FNDA:2,_RNvMs4_NtCs59zpMsmdEXs_8simswarm5traceNtB5_12DecidedTrace10from_slice
FNDA:1,_RNvMs4_NtCs59zpMsmdEXs_8simswarm5traceNtB5_12DecidedTrace15canonical_bytes
FNDA:4,_RNvMs4_NtCs59zpMsmdEXs_8simswarm5traceNtB5_12DecidedTrace19validate_for_replay
FNDA:2,_RNvMs5_NtCs59zpMsmdEXs_8simswarm5traceNtB5_10LatencyLog10slo_report
FNDA:7,_RNvMs5_NtCs59zpMsmdEXs_8simswarm5traceNtB5_10LatencyLog10successful
FNDA:1,_RNvMs5_NtCs59zpMsmdEXs_8simswarm5traceNtB5_10LatencyLog14grouped_counts
FNDA:13,_RNvMs5_NtCs59zpMsmdEXs_8simswarm5traceNtB5_10LatencyLog14slo_report_for
FNDA:2,_RNvMs5_NtCs59zpMsmdEXs_8simswarm5traceNtB5_10LatencyLog15canonical_bytes
FNDA:39,_RNvMs5_NtCs59zpMsmdEXs_8simswarm5traceNtB5_10LatencyLog16successful_gated
FNDA:14,_RNvMs5_NtCs59zpMsmdEXs_8simswarm5traceNtB5_10LatencyLog7blocked
FNDA:16,_RNvMs5_NtCs59zpMsmdEXs_8simswarm5traceNtB5_10LatencyLog8attempts
FNDA:3,_RNvMs_NtCs59zpMsmdEXs_8simswarm5traceNtB4_14SeriesContract13from_manifest
FNDA:159,_RNvNtCs59zpMsmdEXs_8simswarm5trace10percentile
[...]
DA:920,1
DA:921,1
DA:924,1
DA:927,1
DA:928,1
DA:929,1
DA:930,1
DA:932,1
DA:933,1
DA:934,1
DA:935,1
DA:936,1
DA:937,1
DA:938,1
DA:939,1
DA:940,1
DA:941,1
DA:942,1
DA:943,1
DA:944,1
DA:947,1
DA:948,1
DA:949,1
DA:950,1
DA:951,1
DA:952,1
DA:953,1
DA:954,1
DA:955,1
DA:957,1
DA:958,1
DA:961,1
DA:962,1
DA:963,1
DA:964,1
DA:965,1
DA:966,1
DA:967,1
DA:968,1
DA:969,1
DA:970,1
DA:971,1
DA:972,1
DA:973,1
DA:974,1
DA:975,1
DA:976,1
DA:979,1
DA:980,1
DA:981,1
DA:982,1
DA:983,1
DA:984,1
DA:985,1
DA:986,1
DA:987,1
DA:988,1
DA:989,1
DA:990,1
DA:991,1
DA:992,1
DA:994,1
DA:995,1
DA:998,1
DA:999,1
DA:1000,1
DA:1001,1
DA:1002,1
DA:1003,1
DA:1004,1
DA:1005,1
DA:1006,1
DA:1008,1
DA:1013,1
DA:1014,1
DA:1015,1
DA:1016,1
DA:1017,1
DA:1018,1
DA:1019,1
DA:1020,1
DA:1021,1
DA:1022,1
DA:1023,1
DA:1024,1
DA:1025,1
DA:1027,1
DA:1028,1
DA:1029,1
DA:1030,1
DA:1031,1
DA:1033,1
DA:1034,1
DA:1039,1
DA:1040,1
DA:1041,1
DA:1042,1
DA:1043,1
DA:1045,1
DA:1049,1
DA:1050,1
DA:1051,1
DA:1052,1
DA:1054,1
DA:1059,1
DA:1060,1
DA:1061,1
DA:1062,1
DA:1063,1
DA:1064,1
DA:1066,1
DA:1067,1
DA:1071,1
DA:1072,1
DA:1073,1
DA:1074,1
DA:1075,1
DA:1076,1
DA:1078,1
DA:1079,1
DA:1083,1
DA:1084,1
DA:1087,1
DA:1090,1
DA:1094,1
DA:1095,1
DA:1096,1
DA:1097,1
DA:1098,1
DA:1099,1
DA:1100,1
DA:1101,1
DA:1102,1
DA:1103,1
DA:1104,1
DA:1105,1
DA:1106,1
DA:1107,1
DA:1109,1
DA:1110,1
DA:1111,1
DA:1113,1
DA:1117,1
DA:1120,1
DA:1121,1
DA:1122,1
DA:1123,1
DA:1124,1
DA:1125,1
DA:1126,1
DA:1127,1
DA:1128,1
DA:1129,1
DA:1130,1
DA:1131,1
DA:1132,1
DA:1133,1
DA:1134,1
DA:1135,1
DA:1137,1
DA:1144,1
DA:1145,1
DA:1146,1
DA:1147,1
DA:1148,1
DA:1149,1
DA:1150,1
DA:1151,1
DA:1154,1
DA:1155,1
DA:1156,1
DA:1157,1
DA:1158,1
DA:1159,1
DA:1160,100
DA:1161,1
DA:1162,1
DA:1163,1
DA:1164,1
DA:1166,1
DA:1167,1
DA:1168,1
DA:1169,1
DA:1170,1
DA:1171,1
DA:1172,1
DA:1173,1
DA:1174,1
DA:1175,1
DA:1176,1
DA:1177,1
DA:1178,1
DA:1179,1
DA:1182,1
DA:1183,1
DA:1184,1
DA:1185,1
DA:1186,1
DA:1188,1
DA:1189,28
DA:1190,28
DA:1191,28
DA:1192,1
DA:1193,1
DA:1194,1
DA:1195,1
DA:1197,1
DA:1202,1
DA:1205,1
DA:1206,1
DA:1207,1
DA:1208,1
DA:1209,1
DA:1210,1
DA:1211,1
DA:1212,1
DA:1213,1
DA:1214,1
DA:1215,1
DA:1216,1
DA:1217,1
DA:1218,1
DA:1219,1
DA:1221,1
DA:1223,1
DA:1224,1
DA:1225,1
DA:1226,1
DA:1227,1
DA:1230,1
DA:1231,1
DA:1232,1
DA:1233,1
DA:1234,1
DA:1235,1
DA:1236,1
DA:1237,1
DA:1238,1
DA:1239,1
DA:1240,1
DA:1241,1
DA:1244,1
BRF:0
BRH:0
LF:800
LH:800
end_of_record
SF:/Users/mrrobot/Documents/personal/opinions/crates/simswarm/src/transport.rs
FN:762,_RNvNtNtCs59zpMsmdEXs_8simswarm9transport5tests17one_http_response
FN:613,_RNvNtNtCs59zpMsmdEXs_8simswarm9transport5tests5agent
FN:930,_RNvNtNtCs59zpMsmdEXs_8simswarm9transport5testss_37local_dtos_match_the_openapi_contract
FN:858,_RNvNtNtCs59zpMsmdEXs_8simswarm9transport5testss_48real_websocket_transport_subscribes_and_receives
FN:696,_RNvNtNtCs59zpMsmdEXs_8simswarm9transport5testss_55public_api_classifies_protocol_and_missing_agent_errors
FN:782,_RNvNtNtCs59zpMsmdEXs_8simswarm9transport5testss_60real_http_transport_handles_headers_status_json_and_failures
FN:618,_RNvNtNtCs59zpMsmdEXs_8simswarm9transport5testss_67public_api_builds_all_http_requests_here_and_preserves_vector_order
FN:746,_RNvXs0_NtNtCs59zpMsmdEXs_8simswarm9transport5testsNtB5_9BrokenGetNtNtB9_5ports9Transport8get_json
FN:757,_RNvXs0_NtNtCs59zpMsmdEXs_8simswarm9transport5testsNtB5_9BrokenGetNtNtB9_5ports9Transport9post_json
FN:576,_RNvXs_NtNtCs59zpMsmdEXs_8simswarm9transport5testsNtB4_13FakeTransportNtNtB8_5ports9Transport8get_json
FN:596,_RNvXs_NtNtCs59zpMsmdEXs_8simswarm9transport5testsNtB4_13FakeTransportNtNtB8_5ports9Transport9post_json
FN:25,_RNvXNtCs59zpMsmdEXs_8simswarm9transportNtNtB4_5trace17NormalizedOutcomeINtNtCsgtPOCBgevO_4core7convert4FromNtB2_11HttpOutcomeE4from
FN:767,_RNCNCNvNtNtCs59zpMsmdEXs_8simswarm9transport5tests17one_http_response00B9_
FN:862,_RNCNCNvNtNtCs59zpMsmdEXs_8simswarm9transport5testss_48real_websocket_transport_subscribes_and_receives00B9_
FN:902,_RNCNCNvNtNtCs59zpMsmdEXs_8simswarm9transport5testss_48real_websocket_transport_subscribes_and_receives0s0_0B9_
FN:915,_RNCNCNvNtNtCs59zpMsmdEXs_8simswarm9transport5testss_48real_websocket_transport_subscribes_and_receives0s1_0B9_
FN:884,_RNCNCNvNtNtCs59zpMsmdEXs_8simswarm9transport5testss_48real_websocket_transport_subscribes_and_receives0s_0B9_
FN:671,_RNCNCNvNtNtCs59zpMsmdEXs_8simswarm9transport5testss_67public_api_builds_all_http_requests_here_and_preserves_vector_order00B9_
FN:764,_RNCNvNtNtCs59zpMsmdEXs_8simswarm9transport5tests17one_http_response0B7_
FN:858,_RNCNvNtNtCs59zpMsmdEXs_8simswarm9transport5testss_48real_websocket_transport_subscribes_and_receives0B7_
FN:696,_RNCNvNtNtCs59zpMsmdEXs_8simswarm9transport5testss_55public_api_classifies_protocol_and_missing_agent_errors0B7_
FN:782,_RNCNvNtNtCs59zpMsmdEXs_8simswarm9transport5testss_60real_http_transport_handles_headers_status_json_and_failures0B7_
FN:618,_RNCNvNtNtCs59zpMsmdEXs_8simswarm9transport5testss_67public_api_builds_all_http_requests_here_and_preserves_vector_order0B7_
FN:314,_RNCNCNvNtCs59zpMsmdEXs_8simswarm9transport16execute_decision00B7_
FN:320,_RNCNCNvNtCs59zpMsmdEXs_8simswarm9transport16execute_decision0s_0B7_
FN:290,_RNCNCNvNtCs59zpMsmdEXs_8simswarm9transport17fetch_market_view00B7_
FN:111,_RNCNCNvXsa_NtCs59zpMsmdEXs_8simswarm9transportNtB9_13HttpTransportNtNtBb_5ports9Transport9post_json00Bb_
FN:143,_RNCNvMs0_NtCs59zpMsmdEXs_8simswarm9transportNtB7_11WsTransport7connect0B9_
FN:163,_RNCNvMs0_NtCs59zpMsmdEXs_8simswarm9transportNtB7_11WsTransport9next_json0B9_
FN:151,_RNCNvMs0_NtCs59zpMsmdEXs_8simswarm9transportNtB7_11WsTransport9send_json0B9_
FN:70,_RNCNvMs_NtCs59zpMsmdEXs_8simswarm9transportNtB6_13HttpTransport15get_json_bearer0B8_
FN:74,_RNCNvMs_NtCs59zpMsmdEXs_8simswarm9transportNtB6_13HttpTransport8send_get0B8_
FN:343,_RNCNvNtCs59zpMsmdEXs_8simswarm9transport14execute_action0B5_
FN:311,_RNCNvNtCs59zpMsmdEXs_8simswarm9transport16execute_decision0B5_
FN:286,_RNCNvNtCs59zpMsmdEXs_8simswarm9transport17fetch_market_view0B5_
FN:143,_RNvMs0_NtCs59zpMsmdEXs_8simswarm9transportNtB5_11WsTransport7connect
FN:163,_RNvMs0_NtCs59zpMsmdEXs_8simswarm9transportNtB5_11WsTransport9next_json
FN:151,_RNvMs0_NtCs59zpMsmdEXs_8simswarm9transportNtB5_11WsTransport9send_json
FN:70,_RNvMs_NtCs59zpMsmdEXs_8simswarm9transportNtB4_13HttpTransport15get_json_bearer
FN:57,_RNvMs_NtCs59zpMsmdEXs_8simswarm9transportNtB4_13HttpTransport15with_demo_token
FN:40,_RNvMs_NtCs59zpMsmdEXs_8simswarm9transportNtB4_13HttpTransport3new
FN:62,_RNvMs_NtCs59zpMsmdEXs_8simswarm9transportNtB4_13HttpTransport3url
FN:74,_RNvMs_NtCs59zpMsmdEXs_8simswarm9transportNtB4_13HttpTransport8send_get
FN:452,_RNvNtCs59zpMsmdEXs_8simswarm9transport11request_key
FN:456,_RNvNtCs59zpMsmdEXs_8simswarm9transport12http_outcome
FN:448,_RNvNtCs59zpMsmdEXs_8simswarm9transport13withdraw_dest
FN:470,_RNvNtCs59zpMsmdEXs_8simswarm9transport14direction_wire
FN:336,_RNvNtCs59zpMsmdEXs_8simswarm9transport14execute_action
FN:134,_RNvNtCs59zpMsmdEXs_8simswarm9transport14protocol_error
FN:130,_RNvNtCs59zpMsmdEXs_8simswarm9transport15transport_error
FN:305,_RNvNtCs59zpMsmdEXs_8simswarm9transport16execute_decision
FN:477,_RNvNtCs59zpMsmdEXs_8simswarm9transport16validate_openapi
FN:281,_RNvNtCs59zpMsmdEXs_8simswarm9transport17fetch_market_view
FN:463,_RNvNtCs59zpMsmdEXs_8simswarm9transport9side_wire
FN:94,_RNvXsa_NtCs59zpMsmdEXs_8simswarm9transportNtB5_13HttpTransportNtNtB7_5ports9Transport8get_json
FN:105,_RNvXsa_NtCs59zpMsmdEXs_8simswarm9transportNtB5_13HttpTransportNtNtB7_5ports9Transport9post_json
FN:233,_RNvXs1_NtCs59zpMsmdEXs_8simswarm9transportNtNtCs2KALpDgo1pb_10serde_json5value5ValueINtNtCsgtPOCBgevO_4core7convert4FromNtB5_11WithdrawDtoE4from
FN:244,_RNvXs2_NtCs59zpMsmdEXs_8simswarm9transportNtNtCs2KALpDgo1pb_10serde_json5value5ValueINtNtCsgtPOCBgevO_4core7convert4FromNtB5_15PreviewTradeDtoE4from
FN:256,_RNvXs3_NtCs59zpMsmdEXs_8simswarm9transportNtNtCs2KALpDgo1pb_10serde_json5value5ValueINtNtCsgtPOCBgevO_4core7convert4FromNtB5_13PlaceTradeDtoE4from
FN:270,_RNvXs4_NtCs59zpMsmdEXs_8simswarm9transportNtNtCs2KALpDgo1pb_10serde_json5value5ValueINtNtCsgtPOCBgevO_4core7convert4FromNtB5_7VoteDtoE4from
FNDA:4,_RNvNtNtCs59zpMsmdEXs_8simswarm9transport5tests17one_http_response
FNDA:7,_RNvNtNtCs59zpMsmdEXs_8simswarm9transport5tests5agent
FNDA:1,_RNvNtNtCs59zpMsmdEXs_8simswarm9transport5testss_37local_dtos_match_the_openapi_contract
FNDA:1,_RNvNtNtCs59zpMsmdEXs_8simswarm9transport5testss_48real_websocket_transport_subscribes_and_receives
FNDA:1,_RNvNtNtCs59zpMsmdEXs_8simswarm9transport5testss_55public_api_classifies_protocol_and_missing_agent_errors
FNDA:1,_RNvNtNtCs59zpMsmdEXs_8simswarm9transport5testss_60real_http_transport_handles_headers_status_json_and_failures
FNDA:1,_RNvNtNtCs59zpMsmdEXs_8simswarm9transport5testss_67public_api_builds_all_http_requests_here_and_preserves_vector_order
FNDA:1,_RNvXs0_NtNtCs59zpMsmdEXs_8simswarm9transport5testsNtB5_9BrokenGetNtNtB9_5ports9Transport8get_json
FNDA:1,_RNvXs0_NtNtCs59zpMsmdEXs_8simswarm9transport5testsNtB5_9BrokenGetNtNtB9_5ports9Transport9post_json
FNDA:1,_RNvXs_NtNtCs59zpMsmdEXs_8simswarm9transport5testsNtB4_13FakeTransportNtNtB8_5ports9Transport8get_json
FNDA:6,_RNvXs_NtNtCs59zpMsmdEXs_8simswarm9transport5testsNtB4_13FakeTransportNtNtB8_5ports9Transport9post_json
FNDA:298,_RNvXNtCs59zpMsmdEXs_8simswarm9transportNtNtB4_5trace17NormalizedOutcomeINtNtCsgtPOCBgevO_4core7convert4FromNtB2_11HttpOutcomeE4from
FNDA:4,_RNCNCNvNtNtCs59zpMsmdEXs_8simswarm9transport5tests17one_http_response00B9_
FNDA:1,_RNCNCNvNtNtCs59zpMsmdEXs_8simswarm9transport5testss_48real_websocket_transport_subscribes_and_receives00B9_
FNDA:2,_RNCNCNvNtNtCs59zpMsmdEXs_8simswarm9transport5testss_48real_websocket_transport_subscribes_and_receives0s0_0B9_
FNDA:1,_RNCNCNvNtNtCs59zpMsmdEXs_8simswarm9transport5testss_48real_websocket_transport_subscribes_and_receives0s1_0B9_
FNDA:1,_RNCNCNvNtNtCs59zpMsmdEXs_8simswarm9transport5testss_48real_websocket_transport_subscribes_and_receives0s_0B9_
FNDA:4,_RNCNCNvNtNtCs59zpMsmdEXs_8simswarm9transport5testss_67public_api_builds_all_http_requests_here_and_preserves_vector_order00B9_
FNDA:4,_RNCNvNtNtCs59zpMsmdEXs_8simswarm9transport5tests17one_http_response0B7_
FNDA:1,_RNCNvNtNtCs59zpMsmdEXs_8simswarm9transport5testss_48real_websocket_transport_subscribes_and_receives0B7_
FNDA:1,_RNCNvNtNtCs59zpMsmdEXs_8simswarm9transport5testss_55public_api_classifies_protocol_and_missing_agent_errors0B7_
FNDA:1,_RNCNvNtNtCs59zpMsmdEXs_8simswarm9transport5testss_60real_http_transport_handles_headers_status_json_and_failures0B7_
FNDA:1,_RNCNvNtNtCs59zpMsmdEXs_8simswarm9transport5testss_67public_api_builds_all_http_requests_here_and_preserves_vector_order0B7_
FNDA:29804,_RNCNCNvNtCs59zpMsmdEXs_8simswarm9transport16execute_decision00B7_
FNDA:1,_RNCNCNvNtCs59zpMsmdEXs_8simswarm9transport16execute_decision0s_0B7_
FNDA:1,_RNCNCNvNtCs59zpMsmdEXs_8simswarm9transport17fetch_market_view00B7_
FNDA:1,_RNCNCNvXsa_NtCs59zpMsmdEXs_8simswarm9transportNtB9_13HttpTransportNtNtBb_5ports9Transport9post_json00Bb_
FNDA:6,_RNCNvMs0_NtCs59zpMsmdEXs_8simswarm9transportNtB7_11WsTransport7connect0B9_
FNDA:6,_RNCNvMs0_NtCs59zpMsmdEXs_8simswarm9transportNtB7_11WsTransport9next_json0B9_
FNDA:2,_RNCNvMs0_NtCs59zpMsmdEXs_8simswarm9transportNtB7_11WsTransport9send_json0B9_
FNDA:3,_RNCNvMs_NtCs59zpMsmdEXs_8simswarm9transportNtB6_13HttpTransport15get_json_bearer0B8_
FNDA:6,_RNCNvMs_NtCs59zpMsmdEXs_8simswarm9transportNtB6_13HttpTransport8send_get0B8_
FNDA:305,_RNCNvNtCs59zpMsmdEXs_8simswarm9transport14execute_action0B5_
FNDA:302,_RNCNvNtCs59zpMsmdEXs_8simswarm9transport16execute_decision0B5_
FNDA:235,_RNCNvNtCs59zpMsmdEXs_8simswarm9transport17fetch_market_view0B5_
FNDA:6,_RNvMs0_NtCs59zpMsmdEXs_8simswarm9transportNtB5_11WsTransport7connect
FNDA:6,_RNvMs0_NtCs59zpMsmdEXs_8simswarm9transportNtB5_11WsTransport9next_json
FNDA:2,_RNvMs0_NtCs59zpMsmdEXs_8simswarm9transportNtB5_11WsTransport9send_json
FNDA:3,_RNvMs_NtCs59zpMsmdEXs_8simswarm9transportNtB4_13HttpTransport15get_json_bearer
FNDA:2,_RNvMs_NtCs59zpMsmdEXs_8simswarm9transportNtB4_13HttpTransport15with_demo_token
FNDA:9,_RNvMs_NtCs59zpMsmdEXs_8simswarm9transportNtB4_13HttpTransport3new
FNDA:9,_RNvMs_NtCs59zpMsmdEXs_8simswarm9transportNtB4_13HttpTransport3url
FNDA:6,_RNvMs_NtCs59zpMsmdEXs_8simswarm9transportNtB4_13HttpTransport8send_get
FNDA:283,_RNvNtCs59zpMsmdEXs_8simswarm9transport11request_key
FNDA:284,_RNvNtCs59zpMsmdEXs_8simswarm9transport12http_outcome
FNDA:7,_RNvNtCs59zpMsmdEXs_8simswarm9transport13withdraw_dest
FNDA:342,_RNvNtCs59zpMsmdEXs_8simswarm9transport14direction_wire
FNDA:305,_RNvNtCs59zpMsmdEXs_8simswarm9transport14execute_action
FNDA:1,_RNvNtCs59zpMsmdEXs_8simswarm9transport14protocol_error
FNDA:1,_RNvNtCs59zpMsmdEXs_8simswarm9transport15transport_error
FNDA:302,_RNvNtCs59zpMsmdEXs_8simswarm9transport16execute_decision
FNDA:7,_RNvNtCs59zpMsmdEXs_8simswarm9transport16validate_openapi
FNDA:235,_RNvNtCs59zpMsmdEXs_8simswarm9transport17fetch_market_view
FNDA:453,_RNvNtCs59zpMsmdEXs_8simswarm9transport9side_wire
FNDA:3,_RNvXsa_NtCs59zpMsmdEXs_8simswarm9transportNtB5_13HttpTransportNtNtB7_5ports9Transport8get_json
FNDA:2,_RNvXsa_NtCs59zpMsmdEXs_8simswarm9transportNtB5_13HttpTransportNtNtB7_5ports9Transport9post_json
FNDA:3,_RNvXs1_NtCs59zpMsmdEXs_8simswarm9transportNtNtCs2KALpDgo1pb_10serde_json5value5ValueINtNtCsgtPOCBgevO_4core7convert4FromNtB5_11WithdrawDtoE4from
FNDA:171,_RNvXs2_NtCs59zpMsmdEXs_8simswarm9transportNtNtCs2KALpDgo1pb_10serde_json5value5ValueINtNtCsgtPOCBgevO_4core7convert4FromNtB5_15PreviewTradeDtoE4from
FNDA:169,_RNvXs3_NtCs59zpMsmdEXs_8simswarm9transportNtNtCs2KALpDgo1pb_10serde_json5value5ValueINtNtCsgtPOCBgevO_4core7convert4FromNtB5_13PlaceTradeDtoE4from
FNDA:111,_RNvXs4_NtCs59zpMsmdEXs_8simswarm9transportNtNtCs2KALpDgo1pb_10serde_json5value5ValueINtNtCsgtPOCBgevO_4core7convert4FromNtB5_7VoteDtoE4from
FNF:60
FNH:60
DA:25,298
DA:26,298
DA:27,298
DA:28,298
DA:29,298
DA:30,298
DA:40,9
DA:41,9
DA:42,8
DA:43,1
DA:45,8
DA:46,1
DA:47,7
DA:48,8
DA:49,8
DA:50,8
DA:51,8
DA:52,8
DA:53,8
DA:54,9
DA:57,2
DA:58,2
DA:59,2
DA:60,2
DA:62,9
DA:63,9
DA:64,9
DA:65,9
DA:66,9
DA:67,9
DA:68,9
DA:70,3
DA:71,3
DA:72,3
DA:74,6
DA:75,6
DA:76,6
DA:77,3
DA:78,3
DA:79,6
DA:80,1
DA:81,5
DA:82,6
DA:83,6
DA:84,6
DA:85,6
DA:86,5
DA:87,5
DA:88,5
DA:89,6
DA:94,3
DA:96,3
DA:105,2
DA:111,1
DA:127,2
DA:130,1
DA:131,1
DA:132,1
DA:134,1
DA:135,1
DA:136,1
DA:143,6
DA:144,6
DA:145,5
DA:146,1
DA:148,5
DA:149,6
DA:151,2
DA:152,2
DA:153,2
DA:154,2
DA:155,2
DA:156,2
DA:158,1
DA:159,1
DA:161,2
DA:163,6
DA:164,6
DA:165,1
DA:167,5
DA:168,4
DA:169,1
DA:171,4
DA:172,1
DA:173,3
DA:174,3
DA:175,2
DA:176,1
DA:178,2
DA:179,1
DA:180,1
DA:182,6
DA:233,3
DA:234,3
DA:235,3
DA:236,3
DA:237,3
DA:238,3
DA:240,3
DA:244,171
DA:245,171
DA:246,171
DA:247,171
DA:248,171
DA:249,171
DA:250,171
DA:252,171
DA:256,169
DA:257,169
DA:258,169
DA:259,169
DA:260,169
DA:261,169
DA:262,169
DA:263,169
DA:264,169
DA:266,169
DA:270,111
DA:271,111
DA:272,111
DA:273,111
DA:274,111
DA:275,111
DA:276,111
DA:278,111
DA:281,235
DA:282,235
DA:283,235
DA:284,235
DA:285,235
DA:286,235
DA:287,235
DA:288,235
DA:289,235
DA:290,234
DA:291,1
DA:292,1
DA:293,1
DA:294,1
DA:295,233
DA:296,233
DA:297,233
DA:298,233
DA:299,233
DA:300,233
DA:301,233
DA:302,233
DA:303,234
DA:305,302
DA:306,302
DA:307,302
DA:308,302
DA:309,302
DA:310,302
DA:311,302
DA:312,302
DA:313,302
DA:314,29804
DA:315,302
DA:316,302
DA:317,306
DA:318,306
DA:319,306
DA:320,306
DA:321,305
DA:322,305
DA:323,305
DA:324,305
DA:325,305
DA:326,305
DA:327,305
DA:328,305
DA:329,305
DA:330,305
DA:333,300
DA:334,302
DA:336,305
DA:337,305
DA:338,305
DA:339,305
DA:340,305
DA:341,305
DA:342,305
DA:343,305
DA:344,305
DA:345,20
DA:346,20
DA:347,20
DA:348,20
DA:350,111
DA:351,111
DA:353,111
DA:354,111
DA:355,111
DA:356,111
DA:357,111
DA:358,111
DA:359,111
DA:360,111
DA:361,111
DA:362,111
DA:363,111
DA:364,111
DA:365,111
DA:366,111
DA:367,111
DA:368,111
DA:369,111
DA:370,111
DA:373,171
DA:374,171
DA:375,171
DA:377,171
DA:378,171
DA:379,171
DA:380,171
DA:381,171
DA:382,171
DA:383,171
DA:384,171
DA:385,171
DA:386,171
DA:387,171
DA:388,171
DA:389,171
DA:390,171
DA:391,171
DA:392,171
DA:393,171
DA:394,171
DA:395,1
DA:396,170
DA:397,170
DA:399,1
DA:400,1
DA:401,1
DA:403,169
DA:404,169
DA:405,169
DA:406,169
DA:407,169
DA:408,169
DA:409,169
DA:410,169
DA:411,169
DA:412,169
DA:413,169
DA:414,169
DA:415,169
DA:416,169
DA:417,169
DA:418,169
DA:419,169
DA:420,169
DA:421,169
DA:422,169
DA:424,3
DA:425,3
DA:426,3
DA:427,3
DA:428,3
DA:429,3
DA:430,3
DA:431,3
DA:432,3
DA:433,3
DA:434,3
DA:435,3
DA:436,3
DA:437,3
DA:438,3
DA:439,3
DA:440,3
DA:441,3
DA:444,305
DA:448,7
DA:449,7
DA:450,7
DA:452,283
DA:453,283
DA:454,283
DA:456,284
DA:457,284
DA:458,284
DA:459,284
DA:460,284
DA:461,284
DA:463,453
DA:464,453
DA:465,255
DA:466,198
DA:468,453
DA:470,342
DA:471,342
DA:472,333
DA:473,9
DA:475,342
DA:477,7
DA:478,7
DA:479,6
DA:480,1
DA:482,6
DA:483,5
DA:484,1
DA:486,15
DA:487,5
DA:488,5
DA:489,5
DA:490,5
DA:491,5
DA:492,5
DA:493,5
DA:494,5
DA:495,5
DA:496,5
DA:497,5
DA:498,5
DA:499,5
DA:500,5
DA:501,5
DA:502,5
DA:503,5
DA:504,5
DA:505,5
DA:506,5
DA:507,5
DA:508,5
DA:509,5
DA:510,5
DA:511,5
DA:512,5
DA:513,5
DA:514,15
DA:515,14
DA:516,13
DA:518,1
DA:519,1
DA:520,1
DA:524,1
DA:525,1
DA:526,1
DA:529,64
DA:530,64
DA:531,1
DA:532,1
DA:533,1
DA:534,63
DA:536,12
DA:537,1
DA:538,1
DA:539,1
DA:540,11
DA:542,1
DA:543,7
DA:576,1
DA:587,1
DA:596,6
DA:610,6
DA:613,7
DA:614,7
DA:615,7
DA:618,1
DA:619,1
DA:620,1
DA:621,1
DA:622,1
DA:623,1
DA:624,1
DA:625,1
DA:626,1
DA:627,1
DA:628,1
DA:632,1
DA:633,1
DA:635,1
DA:636,1
DA:637,1
DA:638,1
DA:639,1
DA:641,1
DA:643,1
DA:644,1
DA:645,1
DA:646,1
DA:648,1
DA:649,1
DA:651,1
DA:652,1
DA:653,1
DA:655,1
DA:657,1
DA:658,1
DA:659,1
DA:662,1
DA:663,1
DA:664,1
DA:665,1
DA:666,1
DA:667,1
DA:668,1
DA:669,1
DA:670,1
DA:671,4
DA:672,1
DA:673,1
DA:677,1
DA:678,1
DA:681,1
DA:682,1
DA:683,1
DA:684,1
DA:685,1
DA:686,1
DA:687,1
DA:688,1
DA:689,1
DA:690,1
DA:691,1
DA:692,1
DA:693,1
DA:696,1
DA:697,1
DA:698,1
DA:699,1
DA:701,1
DA:702,1
DA:703,1
DA:704,1
DA:705,1
DA:707,1
DA:708,1
DA:711,1
DA:712,1
DA:713,1
DA:716,1
DA:717,1
DA:718,1
DA:721,1
DA:722,1
DA:726,1
DA:727,1
DA:728,1
DA:729,1
DA:730,1
DA:731,1
DA:732,1
DA:733,1
DA:734,1
DA:735,1
DA:736,1
DA:737,1
DA:738,1
DA:739,1
DA:740,1
DA:746,1
DA:748,1
DA:757,1
DA:759,1
DA:762,4
DA:763,4
DA:764,4
DA:765,4
DA:766,4
DA:767,4
DA:768,4
DA:769,4
DA:770,4
DA:771,4
DA:772,4
DA:773,4
DA:774,4
DA:775,4
DA:776,4
DA:777,4
DA:778,4
DA:779,4
DA:782,1
DA:783,1
DA:784,1
DA:785,1
DA:786,1
DA:787,1
DA:788,1
DA:789,1
DA:790,1
DA:791,1
DA:792,1
DA:793,1
DA:794,1
DA:795,1
DA:796,1
DA:797,1
DA:798,1
DA:799,1
DA:800,1
DA:801,1
DA:802,1
DA:803,1
DA:804,1
DA:806,1
DA:807,1
DA:808,1
DA:809,1
DA:810,1
DA:811,1
DA:812,1
DA:813,1
DA:814,1
DA:815,1
DA:817,1
DA:818,1
DA:819,1
DA:821,1
DA:822,1
DA:823,1
DA:824,1
DA:825,1
DA:826,1
DA:827,1
DA:828,1
DA:829,1
DA:831,1
DA:832,1
DA:833,1
DA:834,1
DA:835,1
DA:836,1
DA:837,1
DA:839,1
DA:840,1
DA:841,1
DA:842,1
DA:843,1
DA:844,1
DA:845,1
DA:847,1
DA:848,1
DA:849,1
DA:850,1
DA:851,1
DA:852,1
DA:853,1
DA:854,1
DA:855,1
DA:858,1
DA:859,1
DA:860,1
DA:861,1
DA:862,1
DA:863,1
DA:864,1
DA:865,1
DA:866,1
DA:867,1
DA:868,1
DA:869,1
DA:870,1
DA:871,1
DA:872,1
DA:873,1
DA:874,1
DA:875,1
DA:876,1
DA:877,1
DA:878,1
DA:879,1
DA:880,1
DA:882,1
DA:883,1
DA:884,1
DA:885,1
DA:886,1
DA:887,1
DA:888,1
DA:889,1
DA:890,1
DA:891,1
DA:892,1
DA:893,1
DA:894,1
DA:896,2
DA:897,1
DA:898,1
DA:899,1
DA:900,2
DA:901,2
DA:902,2
DA:903,2
DA:904,2
DA:905,2
DA:906,2
DA:907,2
DA:908,2
DA:909,2
DA:910,2
DA:913,1
DA:914,1
DA:915,1
DA:916,1
DA:917,1
DA:918,1
DA:919,1
DA:920,1
DA:921,1
DA:922,1
DA:923,1
DA:924,1
DA:925,1
DA:926,1
DA:927,1
DA:930,1
DA:931,1
DA:932,1
DA:933,1
DA:934,1
DA:935,1
DA:937,1
DA:938,1
DA:939,1
DA:940,1
DA:941,1
DA:942,1
DA:943,1
DA:945,1
DA:946,1
DA:947,1
DA:948,1
DA:949,1
DA:950,1
DA:951,1
DA:952,1
DA:953,1
DA:955,1
DA:956,1
DA:957,1
DA:958,1
DA:959,1
DA:960,1
DA:961,1
DA:963,1
DA:964,1
DA:965,1
DA:966,1
DA:967,1
DA:968,1
DA:969,1
DA:970,1
BRF:0
BRH:0
LF:692
LH:692
end_of_record